running egg_info
creating ../build/lab3_pd/lab3_pd.egg-info
writing ../build/lab3_pd/lab3_pd.egg-info/PKG-INFO
writing dependency_links to ../build/lab3_pd/lab3_pd.egg-info/dependency_links.txt
writing entry points to ../build/lab3_pd/lab3_pd.egg-info/entry_points.txt
writing requirements to ../build/lab3_pd/lab3_pd.egg-info/requires.txt
writing top-level names to ../build/lab3_pd/lab3_pd.egg-info/top_level.txt
writing manifest file '../build/lab3_pd/lab3_pd.egg-info/SOURCES.txt'
reading manifest file '../build/lab3_pd/lab3_pd.egg-info/SOURCES.txt'
writing manifest file '../build/lab3_pd/lab3_pd.egg-info/SOURCES.txt'
running build
running build_py
creating /home/student/Desktop/paradowski-sosnowski-arno-25l-grupa103/LAB3/build/lab3_pd/build
creating /home/student/Desktop/paradowski-sosnowski-arno-25l-grupa103/LAB3/build/lab3_pd/build/lib
creating /home/student/Desktop/paradowski-sosnowski-arno-25l-grupa103/LAB3/build/lab3_pd/build/lib/lab3_pd
copying lab3_pd/forward_kin.py -> /home/student/Desktop/paradowski-sosnowski-arno-25l-grupa103/LAB3/build/lab3_pd/build/lib/lab3_pd
copying lab3_pd/__init__.py -> /home/student/Desktop/paradowski-sosnowski-arno-25l-grupa103/LAB3/build/lab3_pd/build/lib/lab3_pd
running install
running install_lib
creating /home/student/Desktop/paradowski-sosnowski-arno-25l-grupa103/LAB3/install/lab3_pd/lib/python3.12/site-packages/lab3_pd
copying /home/student/Desktop/paradowski-sosnowski-arno-25l-grupa103/LAB3/build/lab3_pd/build/lib/lab3_pd/forward_kin.py -> /home/student/Desktop/paradowski-sosnowski-arno-25l-grupa103/LAB3/install/lab3_pd/lib/python3.12/site-packages/lab3_pd
copying /home/student/Desktop/paradowski-sosnowski-arno-25l-grupa103/LAB3/build/lab3_pd/build/lib/lab3_pd/__init__.py -> /home/student/Desktop/paradowski-sosnowski-arno-25l-grupa103/LAB3/install/lab3_pd/lib/python3.12/site-packages/lab3_pd
byte-compiling /home/student/Desktop/paradowski-sosnowski-arno-25l-grupa103/LAB3/install/lab3_pd/lib/python3.12/site-packages/lab3_pd/forward_kin.py to forward_kin.cpython-312.pyc
byte-compiling /home/student/Desktop/paradowski-sosnowski-arno-25l-grupa103/LAB3/install/lab3_pd/lib/python3.12/site-packages/lab3_pd/__init__.py to __init__.cpython-312.pyc
running install_data
creating /home/student/Desktop/paradowski-sosnowski-arno-25l-grupa103/LAB3/install/lab3_pd/share/ament_index
creating /home/student/Desktop/paradowski-sosnowski-arno-25l-grupa103/LAB3/install/lab3_pd/share/ament_index/resource_index
creating /home/student/Desktop/paradowski-sosnowski-arno-25l-grupa103/LAB3/install/lab3_pd/share/ament_index/resource_index/packages
copying resource/lab3_pd -> /home/student/Desktop/paradowski-sosnowski-arno-25l-grupa103/LAB3/install/lab3_pd/share/ament_index/resource_index/packages
copying package.xml -> /home/student/Desktop/paradowski-sosnowski-arno-25l-grupa103/LAB3/install/lab3_pd/share/lab3_pd
creating /home/student/Desktop/paradowski-sosnowski-arno-25l-grupa103/LAB3/install/lab3_pd/share/lab3_pd/launch
copying launch/FkDisplay.launch.py -> /home/student/Desktop/paradowski-sosnowski-arno-25l-grupa103/LAB3/install/lab3_pd/share/lab3_pd/launch
copying launch/display.launch.py -> /home/student/Desktop/paradowski-sosnowski-arno-25l-grupa103/LAB3/install/lab3_pd/share/lab3_pd/launch
creating /home/student/Desktop/paradowski-sosnowski-arno-25l-grupa103/LAB3/install/lab3_pd/share/lab3_pd/urdf
copying urdf/dobot.urdf.xacro -> /home/student/Desktop/paradowski-sosnowski-arno-25l-grupa103/LAB3/install/lab3_pd/share/lab3_pd/urdf
creating /home/student/Desktop/paradowski-sosnowski-arno-25l-grupa103/LAB3/install/lab3_pd/share/lab3_pd/config
copying config/robot_params.yaml -> /home/student/Desktop/paradowski-sosnowski-arno-25l-grupa103/LAB3/install/lab3_pd/share/lab3_pd/config
running install_egg_info
Copying ../build/lab3_pd/lab3_pd.egg-info to /home/student/Desktop/paradowski-sosnowski-arno-25l-grupa103/LAB3/install/lab3_pd/lib/python3.12/site-packages/lab3_pd-0.0.0-py3.12.egg-info
running install_scripts
Installing forward_kin script to /home/student/Desktop/paradowski-sosnowski-arno-25l-grupa103/LAB3/install/lab3_pd/lib/lab3_pd
writing list of installed files to '/home/student/Desktop/paradowski-sosnowski-arno-25l-grupa103/LAB3/build/lab3_pd/install.log'
