[1.629s] Invoking command in '/home/student/Desktop/paradowski-sosnowski-arno-25l-grupa103/LAB3/lab3_pd': DEBUGINFOD_URLS=https://debuginfod.ubuntu.com PYTHONPATH=/home/student/Desktop/paradowski-sosnowski-arno-25l-grupa103/LAB3/build/lab3_pd/prefix_override:/usr/lib/python3/dist-packages/colcon_core/task/python/colcon_distutils_commands:/home/student/Desktop/paradowski-sosnowski-arno-25l-grupa103/LAB3/install/lab3_pd/lib/python3.12/site-packages:${PYTHONPATH} /usr/bin/python3 -W ignore:setup.py install is deprecated -W ignore:easy_install command is deprecated setup.py egg_info --egg-base ../build/lab3_pd build --build-base /home/student/Desktop/paradowski-sosnowski-arno-25l-grupa103/LAB3/build/lab3_pd/build install --record /home/student/Desktop/paradowski-sosnowski-arno-25l-grupa103/LAB3/build/lab3_pd/install.log --single-version-externally-managed install_data
[2.018s] running egg_info
[2.019s] creating ../build/lab3_pd/lab3_pd.egg-info
[2.051s] writing ../build/lab3_pd/lab3_pd.egg-info/PKG-INFO
[2.052s] writing dependency_links to ../build/lab3_pd/lab3_pd.egg-info/dependency_links.txt
[2.053s] writing entry points to ../build/lab3_pd/lab3_pd.egg-info/entry_points.txt
[2.053s] writing requirements to ../build/lab3_pd/lab3_pd.egg-info/requires.txt
[2.053s] writing top-level names to ../build/lab3_pd/lab3_pd.egg-info/top_level.txt
[2.053s] writing manifest file '../build/lab3_pd/lab3_pd.egg-info/SOURCES.txt'
[2.118s] reading manifest file '../build/lab3_pd/lab3_pd.egg-info/SOURCES.txt'
[2.118s] writing manifest file '../build/lab3_pd/lab3_pd.egg-info/SOURCES.txt'
[2.118s] running build
[2.118s] running build_py
[2.118s] creating /home/student/Desktop/paradowski-sosnowski-arno-25l-grupa103/LAB3/build/lab3_pd/build
[2.119s] creating /home/student/Desktop/paradowski-sosnowski-arno-25l-grupa103/LAB3/build/lab3_pd/build/lib
[2.119s] creating /home/student/Desktop/paradowski-sosnowski-arno-25l-grupa103/LAB3/build/lab3_pd/build/lib/lab3_pd
[2.119s] copying lab3_pd/forward_kin.py -> /home/student/Desktop/paradowski-sosnowski-arno-25l-grupa103/LAB3/build/lab3_pd/build/lib/lab3_pd
[2.119s] copying lab3_pd/__init__.py -> /home/student/Desktop/paradowski-sosnowski-arno-25l-grupa103/LAB3/build/lab3_pd/build/lib/lab3_pd
[2.119s] running install
[2.127s] running install_lib
[2.158s] creating /home/student/Desktop/paradowski-sosnowski-arno-25l-grupa103/LAB3/install/lab3_pd/lib/python3.12/site-packages/lab3_pd
[2.158s] copying /home/student/Desktop/paradowski-sosnowski-arno-25l-grupa103/LAB3/build/lab3_pd/build/lib/lab3_pd/forward_kin.py -> /home/student/Desktop/paradowski-sosnowski-arno-25l-grupa103/LAB3/install/lab3_pd/lib/python3.12/site-packages/lab3_pd
[2.158s] copying /home/student/Desktop/paradowski-sosnowski-arno-25l-grupa103/LAB3/build/lab3_pd/build/lib/lab3_pd/__init__.py -> /home/student/Desktop/paradowski-sosnowski-arno-25l-grupa103/LAB3/install/lab3_pd/lib/python3.12/site-packages/lab3_pd
[2.159s] byte-compiling /home/student/Desktop/paradowski-sosnowski-arno-25l-grupa103/LAB3/install/lab3_pd/lib/python3.12/site-packages/lab3_pd/forward_kin.py to forward_kin.cpython-312.pyc
[2.162s] byte-compiling /home/student/Desktop/paradowski-sosnowski-arno-25l-grupa103/LAB3/install/lab3_pd/lib/python3.12/site-packages/lab3_pd/__init__.py to __init__.cpython-312.pyc
[2.162s] running install_data
[2.162s] creating /home/student/Desktop/paradowski-sosnowski-arno-25l-grupa103/LAB3/install/lab3_pd/share/ament_index
[2.162s] creating /home/student/Desktop/paradowski-sosnowski-arno-25l-grupa103/LAB3/install/lab3_pd/share/ament_index/resource_index
[2.162s] creating /home/student/Desktop/paradowski-sosnowski-arno-25l-grupa103/LAB3/install/lab3_pd/share/ament_index/resource_index/packages
[2.162s] copying resource/lab3_pd -> /home/student/Desktop/paradowski-sosnowski-arno-25l-grupa103/LAB3/install/lab3_pd/share/ament_index/resource_index/packages
[2.162s] copying package.xml -> /home/student/Desktop/paradowski-sosnowski-arno-25l-grupa103/LAB3/install/lab3_pd/share/lab3_pd
[2.163s] creating /home/student/Desktop/paradowski-sosnowski-arno-25l-grupa103/LAB3/install/lab3_pd/share/lab3_pd/launch
[2.163s] copying launch/FkDisplay.launch.py -> /home/student/Desktop/paradowski-sosnowski-arno-25l-grupa103/LAB3/install/lab3_pd/share/lab3_pd/launch
[2.163s] copying launch/display.launch.py -> /home/student/Desktop/paradowski-sosnowski-arno-25l-grupa103/LAB3/install/lab3_pd/share/lab3_pd/launch
[2.163s] creating /home/student/Desktop/paradowski-sosnowski-arno-25l-grupa103/LAB3/install/lab3_pd/share/lab3_pd/urdf
[2.163s] copying urdf/dobot.urdf.xacro -> /home/student/Desktop/paradowski-sosnowski-arno-25l-grupa103/LAB3/install/lab3_pd/share/lab3_pd/urdf
[2.163s] creating /home/student/Desktop/paradowski-sosnowski-arno-25l-grupa103/LAB3/install/lab3_pd/share/lab3_pd/config
[2.163s] copying config/robot_params.yaml -> /home/student/Desktop/paradowski-sosnowski-arno-25l-grupa103/LAB3/install/lab3_pd/share/lab3_pd/config
[2.163s] running install_egg_info
[2.200s] Copying ../build/lab3_pd/lab3_pd.egg-info to /home/student/Desktop/paradowski-sosnowski-arno-25l-grupa103/LAB3/install/lab3_pd/lib/python3.12/site-packages/lab3_pd-0.0.0-py3.12.egg-info
[2.200s] running install_scripts
[2.392s] Installing forward_kin script to /home/student/Desktop/paradowski-sosnowski-arno-25l-grupa103/LAB3/install/lab3_pd/lib/lab3_pd
[2.392s] writing list of installed files to '/home/student/Desktop/paradowski-sosnowski-arno-25l-grupa103/LAB3/build/lab3_pd/install.log'
[2.462s] Invoked command in '/home/student/Desktop/paradowski-sosnowski-arno-25l-grupa103/LAB3/lab3_pd' returned '0': DEBUGINFOD_URLS=https://debuginfod.ubuntu.com PYTHONPATH=/home/student/Desktop/paradowski-sosnowski-arno-25l-grupa103/LAB3/build/lab3_pd/prefix_override:/usr/lib/python3/dist-packages/colcon_core/task/python/colcon_distutils_commands:/home/student/Desktop/paradowski-sosnowski-arno-25l-grupa103/LAB3/install/lab3_pd/lib/python3.12/site-packages:${PYTHONPATH} /usr/bin/python3 -W ignore:setup.py install is deprecated -W ignore:easy_install command is deprecated setup.py egg_info --egg-base ../build/lab3_pd build --build-base /home/student/Desktop/paradowski-sosnowski-arno-25l-grupa103/LAB3/build/lab3_pd/build install --record /home/student/Desktop/paradowski-sosnowski-arno-25l-grupa103/LAB3/build/lab3_pd/install.log --single-version-externally-managed install_data
