[0.375s] Invoking command in '/home/mparadow/Desktop/ROS2_tutorial/ros2_ws/src/python_package': PYTHONPATH=/home/mparadow/Desktop/ROS2_tutorial/ros2_ws/src/build/python_package/prefix_override:/usr/lib/python3/dist-packages/colcon_core/task/python/colcon_distutils_commands:/home/mparadow/Desktop/ROS2_tutorial/ros2_ws/src/install/python_package/lib/python3.10/site-packages:${PYTHONPATH} /usr/bin/python3 -W ignore:setup.py install is deprecated -W ignore:easy_install command is deprecated setup.py egg_info --egg-base ../build/python_package build --build-base /home/mparadow/Desktop/ROS2_tutorial/ros2_ws/src/build/python_package/build install --record /home/mparadow/Desktop/ROS2_tutorial/ros2_ws/src/build/python_package/install.log --single-version-externally-managed install_data
[0.472s] running egg_info
[0.473s] creating ../build/python_package/python_package.egg-info
[0.473s] writing ../build/python_package/python_package.egg-info/PKG-INFO
[0.473s] writing dependency_links to ../build/python_package/python_package.egg-info/dependency_links.txt
[0.473s] writing entry points to ../build/python_package/python_package.egg-info/entry_points.txt
[0.473s] writing requirements to ../build/python_package/python_package.egg-info/requires.txt
[0.473s] writing top-level names to ../build/python_package/python_package.egg-info/top_level.txt
[0.473s] writing manifest file '../build/python_package/python_package.egg-info/SOURCES.txt'
[0.474s] reading manifest file '../build/python_package/python_package.egg-info/SOURCES.txt'
[0.474s] adding license file 'LICENSE'
[0.474s] writing manifest file '../build/python_package/python_package.egg-info/SOURCES.txt'
[0.474s] running build
[0.474s] running build_py
[0.474s] creating /home/mparadow/Desktop/ROS2_tutorial/ros2_ws/src/build/python_package/build
[0.474s] creating /home/mparadow/Desktop/ROS2_tutorial/ros2_ws/src/build/python_package/build/lib
[0.474s] creating /home/mparadow/Desktop/ROS2_tutorial/ros2_ws/src/build/python_package/build/lib/python_package
[0.474s] copying python_package/my_node.py -> /home/mparadow/Desktop/ROS2_tutorial/ros2_ws/src/build/python_package/build/lib/python_package
[0.474s] copying python_package/__init__.py -> /home/mparadow/Desktop/ROS2_tutorial/ros2_ws/src/build/python_package/build/lib/python_package
[0.474s] running install
[0.474s] running install_lib
[0.475s] creating /home/mparadow/Desktop/ROS2_tutorial/ros2_ws/src/install/python_package/lib/python3.10/site-packages/python_package
[0.475s] copying /home/mparadow/Desktop/ROS2_tutorial/ros2_ws/src/build/python_package/build/lib/python_package/my_node.py -> /home/mparadow/Desktop/ROS2_tutorial/ros2_ws/src/install/python_package/lib/python3.10/site-packages/python_package
[0.475s] copying /home/mparadow/Desktop/ROS2_tutorial/ros2_ws/src/build/python_package/build/lib/python_package/__init__.py -> /home/mparadow/Desktop/ROS2_tutorial/ros2_ws/src/install/python_package/lib/python3.10/site-packages/python_package
[0.475s] byte-compiling /home/mparadow/Desktop/ROS2_tutorial/ros2_ws/src/install/python_package/lib/python3.10/site-packages/python_package/my_node.py to my_node.cpython-310.pyc
[0.475s] byte-compiling /home/mparadow/Desktop/ROS2_tutorial/ros2_ws/src/install/python_package/lib/python3.10/site-packages/python_package/__init__.py to __init__.cpython-310.pyc
[0.475s] running install_data
[0.475s] creating /home/mparadow/Desktop/ROS2_tutorial/ros2_ws/src/install/python_package/share/ament_index
[0.475s] creating /home/mparadow/Desktop/ROS2_tutorial/ros2_ws/src/install/python_package/share/ament_index/resource_index
[0.475s] creating /home/mparadow/Desktop/ROS2_tutorial/ros2_ws/src/install/python_package/share/ament_index/resource_index/packages
[0.475s] copying resource/python_package -> /home/mparadow/Desktop/ROS2_tutorial/ros2_ws/src/install/python_package/share/ament_index/resource_index/packages
[0.475s] copying package.xml -> /home/mparadow/Desktop/ROS2_tutorial/ros2_ws/src/install/python_package/share/python_package
[0.475s] running install_egg_info
[0.476s] Copying ../build/python_package/python_package.egg-info to /home/mparadow/Desktop/ROS2_tutorial/ros2_ws/src/install/python_package/lib/python3.10/site-packages/python_package-0.0.0-py3.10.egg-info
[0.476s] running install_scripts
[0.486s] Installing my_node script to /home/mparadow/Desktop/ROS2_tutorial/ros2_ws/src/install/python_package/lib/python_package
[0.487s] writing list of installed files to '/home/mparadow/Desktop/ROS2_tutorial/ros2_ws/src/build/python_package/install.log'
[0.499s] Invoked command in '/home/mparadow/Desktop/ROS2_tutorial/ros2_ws/src/python_package' returned '0': PYTHONPATH=/home/mparadow/Desktop/ROS2_tutorial/ros2_ws/src/build/python_package/prefix_override:/usr/lib/python3/dist-packages/colcon_core/task/python/colcon_distutils_commands:/home/mparadow/Desktop/ROS2_tutorial/ros2_ws/src/install/python_package/lib/python3.10/site-packages:${PYTHONPATH} /usr/bin/python3 -W ignore:setup.py install is deprecated -W ignore:easy_install command is deprecated setup.py egg_info --egg-base ../build/python_package build --build-base /home/mparadow/Desktop/ROS2_tutorial/ros2_ws/src/build/python_package/build install --record /home/mparadow/Desktop/ROS2_tutorial/ros2_ws/src/build/python_package/install.log --single-version-externally-managed install_data
