[0.008s] Invoking command in '/home/mparadow/Desktop/ROS2_tutorial/ros2_ws/src/build/my_package': CMAKE_PREFIX_PATH=/opt/ros/humble /usr/bin/cmake /home/mparadow/Desktop/ROS2_tutorial/ros2_ws/src/my_package -DCMAKE_INSTALL_PREFIX=/home/mparadow/Desktop/ROS2_tutorial/ros2_ws/src/install/my_package
[0.225s] -- The C compiler identification is GNU 11.4.0
[0.225s] -- The CXX compiler identification is GNU 11.4.0
[0.225s] -- Detecting C compiler ABI info
[0.226s] -- Detecting C compiler ABI info - done
[0.226s] -- Check for working C compiler: /usr/bin/cc - skipped
[0.226s] -- Detecting C compile features
[0.226s] -- Detecting C compile features - done
[0.226s] -- Detecting CXX compiler ABI info
[0.230s] -- Detecting CXX compiler ABI info - done
[0.233s] -- Check for working CXX compiler: /usr/bin/c++ - skipped
[0.233s] -- Detecting CXX compile features
[0.233s] -- Detecting CXX compile features - done
[0.235s] -- Found ament_cmake: 1.3.11 (/opt/ros/humble/share/ament_cmake/cmake)
[0.319s] -- Found Python3: /usr/bin/python3 (found version "3.10.12") found components: Interpreter 
[0.367s] -- Found ament_lint_auto: 0.12.11 (/opt/ros/humble/share/ament_lint_auto/cmake)
[0.409s] -- Added test 'cppcheck' to perform static code analysis on C / C++ code
[0.409s] -- Configured cppcheck include dirs: $<BUILD_INTERFACE:/home/mparadow/Desktop/ROS2_tutorial/ros2_ws/src/my_package/include>
[0.409s] -- Configured cppcheck exclude dirs and/or files: 
[0.410s] -- Added test 'lint_cmake' to check CMake code style
[0.410s] -- Added test 'uncrustify' to check C / C++ code style
[0.410s] -- Configured uncrustify additional arguments: 
[0.410s] -- Added test 'xmllint' to check XML markup files
[0.411s] -- Configuring done
[0.413s] -- Generating done
[0.414s] -- Build files have been written to: /home/mparadow/Desktop/ROS2_tutorial/ros2_ws/src/build/my_package
[0.416s] Invoked command in '/home/mparadow/Desktop/ROS2_tutorial/ros2_ws/src/build/my_package' returned '0': CMAKE_PREFIX_PATH=/opt/ros/humble /usr/bin/cmake /home/mparadow/Desktop/ROS2_tutorial/ros2_ws/src/my_package -DCMAKE_INSTALL_PREFIX=/home/mparadow/Desktop/ROS2_tutorial/ros2_ws/src/install/my_package
[0.417s] Invoking command in '/home/mparadow/Desktop/ROS2_tutorial/ros2_ws/src/build/my_package': CMAKE_PREFIX_PATH=/opt/ros/humble /usr/bin/cmake --build /home/mparadow/Desktop/ROS2_tutorial/ros2_ws/src/build/my_package -- -j24 -l24
[0.445s] [ 50%] [32mBuilding CXX object CMakeFiles/my_node.dir/src/my_node.cpp.o[0m
[0.466s] [100%] [32m[1mLinking CXX executable my_node[0m
[0.491s] [100%] Built target my_node
[0.497s] Invoked command in '/home/mparadow/Desktop/ROS2_tutorial/ros2_ws/src/build/my_package' returned '0': CMAKE_PREFIX_PATH=/opt/ros/humble /usr/bin/cmake --build /home/mparadow/Desktop/ROS2_tutorial/ros2_ws/src/build/my_package -- -j24 -l24
[0.502s] Invoking command in '/home/mparadow/Desktop/ROS2_tutorial/ros2_ws/src/build/my_package': CMAKE_PREFIX_PATH=/opt/ros/humble /usr/bin/cmake --install /home/mparadow/Desktop/ROS2_tutorial/ros2_ws/src/build/my_package
[0.506s] -- Install configuration: ""
[0.506s] -- Installing: /home/mparadow/Desktop/ROS2_tutorial/ros2_ws/src/install/my_package/lib/my_package/my_node
[0.506s] -- Installing: /home/mparadow/Desktop/ROS2_tutorial/ros2_ws/src/install/my_package/share/ament_index/resource_index/package_run_dependencies/my_package
[0.506s] -- Installing: /home/mparadow/Desktop/ROS2_tutorial/ros2_ws/src/install/my_package/share/ament_index/resource_index/parent_prefix_path/my_package
[0.507s] -- Installing: /home/mparadow/Desktop/ROS2_tutorial/ros2_ws/src/install/my_package/share/my_package/environment/ament_prefix_path.sh
[0.507s] -- Installing: /home/mparadow/Desktop/ROS2_tutorial/ros2_ws/src/install/my_package/share/my_package/environment/ament_prefix_path.dsv
[0.507s] -- Installing: /home/mparadow/Desktop/ROS2_tutorial/ros2_ws/src/install/my_package/share/my_package/environment/path.sh
[0.507s] -- Installing: /home/mparadow/Desktop/ROS2_tutorial/ros2_ws/src/install/my_package/share/my_package/environment/path.dsv
[0.507s] -- Installing: /home/mparadow/Desktop/ROS2_tutorial/ros2_ws/src/install/my_package/share/my_package/local_setup.bash
[0.507s] -- Installing: /home/mparadow/Desktop/ROS2_tutorial/ros2_ws/src/install/my_package/share/my_package/local_setup.sh
[0.507s] -- Installing: /home/mparadow/Desktop/ROS2_tutorial/ros2_ws/src/install/my_package/share/my_package/local_setup.zsh
[0.507s] -- Installing: /home/mparadow/Desktop/ROS2_tutorial/ros2_ws/src/install/my_package/share/my_package/local_setup.dsv
[0.507s] -- Installing: /home/mparadow/Desktop/ROS2_tutorial/ros2_ws/src/install/my_package/share/my_package/package.dsv
[0.507s] -- Installing: /home/mparadow/Desktop/ROS2_tutorial/ros2_ws/src/install/my_package/share/ament_index/resource_index/packages/my_package
[0.507s] -- Installing: /home/mparadow/Desktop/ROS2_tutorial/ros2_ws/src/install/my_package/share/my_package/cmake/my_packageConfig.cmake
[0.507s] -- Installing: /home/mparadow/Desktop/ROS2_tutorial/ros2_ws/src/install/my_package/share/my_package/cmake/my_packageConfig-version.cmake
[0.507s] -- Installing: /home/mparadow/Desktop/ROS2_tutorial/ros2_ws/src/install/my_package/share/my_package/package.xml
[0.512s] Invoked command in '/home/mparadow/Desktop/ROS2_tutorial/ros2_ws/src/build/my_package' returned '0': CMAKE_PREFIX_PATH=/opt/ros/humble /usr/bin/cmake --install /home/mparadow/Desktop/ROS2_tutorial/ros2_ws/src/build/my_package
