-- The C compiler identification is GNU 11.4.0
-- The CXX compiler identification is GNU 11.4.0
-- Detecting C compiler ABI info
-- Detecting C compiler ABI info - done
-- Check for working C compiler: /usr/bin/cc - skipped
-- Detecting C compile features
-- Detecting C compile features - done
-- Detecting CXX compiler ABI info
-- Detecting CXX compiler ABI info - done
-- Check for working CXX compiler: /usr/bin/c++ - skipped
-- Detecting CXX compile features
-- Detecting CXX compile features - done
-- Found ament_cmake: 2.0.6 (/opt/ros/iron/share/ament_cmake/cmake)
-- Found Python3: /usr/bin/python3.10 (found version "3.10.12") found components: Interpreter 
-- Found rclcpp: 21.0.7 (/opt/ros/iron/share/rclcpp/cmake)
-- Found rosidl_generator_c: 4.0.1 (/opt/ros/iron/share/rosidl_generator_c/cmake)
-- Found rosidl_generator_cpp: 4.0.1 (/opt/ros/iron/share/rosidl_generator_cpp/cmake)
-- Using all available rosidl_typesupport_c: rosidl_typesupport_fastrtps_c;rosidl_typesupport_introspection_c
-- Using all available rosidl_typesupport_cpp: rosidl_typesupport_fastrtps_cpp;rosidl_typesupport_introspection_cpp
-- Found rmw_implementation_cmake: 7.1.0 (/opt/ros/iron/share/rmw_implementation_cmake/cmake)
-- Found rmw_fastrtps_cpp: 7.1.4 (/opt/ros/iron/share/rmw_fastrtps_cpp/cmake)
-- Found OpenSSL: /usr/lib/x86_64-linux-gnu/libcrypto.so (found version "3.0.2")  
-- Found FastRTPS: /opt/ros/iron/include  
-- Using RMW implementation 'rmw_fastrtps_cpp' as default
-- Found nav_msgs: 5.0.1 (/opt/ros/iron/share/nav_msgs/cmake)
-- Found ament_lint_auto: 0.14.4 (/opt/ros/iron/share/ament_lint_auto/cmake)
-- Added test 'cppcheck' to perform static code analysis on C / C++ code
-- Configured cppcheck include dirs: 
-- Configured cppcheck exclude dirs and/or files: 
-- Added test 'lint_cmake' to check CMake code style
-- Added test 'uncrustify' to check C / C++ code style
-- Configured uncrustify additional arguments: 
-- Added test 'xmllint' to check XML markup files
-- Configuring done
-- Generating done
-- Build files have been written to: /home/student/Desktop/stero_25z_mp_ms/nawigacja/nav_lab1/build/nav_lab1
[ 25%] [32mBuilding CXX object CMakeFiles/piaciokotforemny.dir/src/piaciokotforemny.cpp.o[0m
[ 50%] [32m[1mLinking CXX executable piaciokotforemny[0m
[ 50%] Built target piaciokotforemny
[ 75%] [32mBuilding CXX object CMakeFiles/odometry_info.dir/src/odometry_info.cpp.o[0m
[100%] [32m[1mLinking CXX executable odometry_info[0m
[100%] Built target odometry_info
-- Install configuration: ""
-- Installing: /home/student/Desktop/stero_25z_mp_ms/nawigacja/nav_lab1/install/nav_lab1/lib/nav_lab1/piaciokotforemny
-- Set runtime path of "/home/student/Desktop/stero_25z_mp_ms/nawigacja/nav_lab1/install/nav_lab1/lib/nav_lab1/piaciokotforemny" to ""
-- Installing: /home/student/Desktop/stero_25z_mp_ms/nawigacja/nav_lab1/install/nav_lab1/lib/nav_lab1/odometry_info
-- Set runtime path of "/home/student/Desktop/stero_25z_mp_ms/nawigacja/nav_lab1/install/nav_lab1/lib/nav_lab1/odometry_info" to ""
-- Installing: /home/student/Desktop/stero_25z_mp_ms/nawigacja/nav_lab1/install/nav_lab1/share/ament_index/resource_index/package_run_dependencies/nav_lab1
-- Installing: /home/student/Desktop/stero_25z_mp_ms/nawigacja/nav_lab1/install/nav_lab1/share/ament_index/resource_index/parent_prefix_path/nav_lab1
-- Installing: /home/student/Desktop/stero_25z_mp_ms/nawigacja/nav_lab1/install/nav_lab1/share/nav_lab1/environment/ament_prefix_path.sh
-- Installing: /home/student/Desktop/stero_25z_mp_ms/nawigacja/nav_lab1/install/nav_lab1/share/nav_lab1/environment/ament_prefix_path.dsv
-- Installing: /home/student/Desktop/stero_25z_mp_ms/nawigacja/nav_lab1/install/nav_lab1/share/nav_lab1/environment/path.sh
-- Installing: /home/student/Desktop/stero_25z_mp_ms/nawigacja/nav_lab1/install/nav_lab1/share/nav_lab1/environment/path.dsv
-- Installing: /home/student/Desktop/stero_25z_mp_ms/nawigacja/nav_lab1/install/nav_lab1/share/nav_lab1/local_setup.bash
-- Installing: /home/student/Desktop/stero_25z_mp_ms/nawigacja/nav_lab1/install/nav_lab1/share/nav_lab1/local_setup.sh
-- Installing: /home/student/Desktop/stero_25z_mp_ms/nawigacja/nav_lab1/install/nav_lab1/share/nav_lab1/local_setup.zsh
-- Installing: /home/student/Desktop/stero_25z_mp_ms/nawigacja/nav_lab1/install/nav_lab1/share/nav_lab1/local_setup.dsv
-- Installing: /home/student/Desktop/stero_25z_mp_ms/nawigacja/nav_lab1/install/nav_lab1/share/nav_lab1/package.dsv
-- Installing: /home/student/Desktop/stero_25z_mp_ms/nawigacja/nav_lab1/install/nav_lab1/share/ament_index/resource_index/packages/nav_lab1
-- Installing: /home/student/Desktop/stero_25z_mp_ms/nawigacja/nav_lab1/install/nav_lab1/share/nav_lab1/cmake/nav_lab1Config.cmake
-- Installing: /home/student/Desktop/stero_25z_mp_ms/nawigacja/nav_lab1/install/nav_lab1/share/nav_lab1/cmake/nav_lab1Config-version.cmake
-- Installing: /home/student/Desktop/stero_25z_mp_ms/nawigacja/nav_lab1/install/nav_lab1/share/nav_lab1/package.xml
