/home/student/Desktop/paradowski-sosnowski-arno-25l-grupa103/LAB3/install/anro_lab3/lib/python3.12/site-packages/anro_lab3/rvizToDobot.py
/home/student/Desktop/paradowski-sosnowski-arno-25l-grupa103/LAB3/install/anro_lab3/lib/python3.12/site-packages/anro_lab3/forward_kin.py
/home/student/Desktop/paradowski-sosnowski-arno-25l-grupa103/LAB3/install/anro_lab3/lib/python3.12/site-packages/anro_lab3/__init__.py
/home/student/Desktop/paradowski-sosnowski-arno-25l-grupa103/LAB3/install/anro_lab3/lib/python3.12/site-packages/anro_lab3/__pycache__/rvizToDobot.cpython-312.pyc
/home/student/Desktop/paradowski-sosnowski-arno-25l-grupa103/LAB3/install/anro_lab3/lib/python3.12/site-packages/anro_lab3/__pycache__/forward_kin.cpython-312.pyc
/home/student/Desktop/paradowski-sosnowski-arno-25l-grupa103/LAB3/install/anro_lab3/lib/python3.12/site-packages/anro_lab3/__pycache__/__init__.cpython-312.pyc
/home/student/Desktop/paradowski-sosnowski-arno-25l-grupa103/LAB3/install/anro_lab3/share/ament_index/resource_index/packages/anro_lab3
/home/student/Desktop/paradowski-sosnowski-arno-25l-grupa103/LAB3/install/anro_lab3/share/anro_lab3/package.xml
/home/student/Desktop/paradowski-sosnowski-arno-25l-grupa103/LAB3/install/anro_lab3/share/anro_lab3/launch/FkDisplay.launch.py
/home/student/Desktop/paradowski-sosnowski-arno-25l-grupa103/LAB3/install/anro_lab3/share/anro_lab3/launch/display.launch.py
/home/student/Desktop/paradowski-sosnowski-arno-25l-grupa103/LAB3/install/anro_lab3/share/anro_lab3/urdf/dobot.urdf.xacro
/home/student/Desktop/paradowski-sosnowski-arno-25l-grupa103/LAB3/install/anro_lab3/share/anro_lab3/config/robot_params.yaml
/home/student/Desktop/paradowski-sosnowski-arno-25l-grupa103/LAB3/install/anro_lab3/lib/python3.12/site-packages/anro_lab3-0.0.0-py3.12.egg-info/top_level.txt
/home/student/Desktop/paradowski-sosnowski-arno-25l-grupa103/LAB3/install/anro_lab3/lib/python3.12/site-packages/anro_lab3-0.0.0-py3.12.egg-info/zip-safe
/home/student/Desktop/paradowski-sosnowski-arno-25l-grupa103/LAB3/install/anro_lab3/lib/python3.12/site-packages/anro_lab3-0.0.0-py3.12.egg-info/SOURCES.txt
/home/student/Desktop/paradowski-sosnowski-arno-25l-grupa103/LAB3/install/anro_lab3/lib/python3.12/site-packages/anro_lab3-0.0.0-py3.12.egg-info/PKG-INFO
/home/student/Desktop/paradowski-sosnowski-arno-25l-grupa103/LAB3/install/anro_lab3/lib/python3.12/site-packages/anro_lab3-0.0.0-py3.12.egg-info/entry_points.txt
/home/student/Desktop/paradowski-sosnowski-arno-25l-grupa103/LAB3/install/anro_lab3/lib/python3.12/site-packages/anro_lab3-0.0.0-py3.12.egg-info/dependency_links.txt
/home/student/Desktop/paradowski-sosnowski-arno-25l-grupa103/LAB3/install/anro_lab3/lib/python3.12/site-packages/anro_lab3-0.0.0-py3.12.egg-info/requires.txt
/home/student/Desktop/paradowski-sosnowski-arno-25l-grupa103/LAB3/install/anro_lab3/lib/anro_lab3/forward_kin
/home/student/Desktop/paradowski-sosnowski-arno-25l-grupa103/LAB3/install/anro_lab3/lib/anro_lab3/rvizToDobot
