running egg_info
writing ../../build/example_package/example_package.egg-info/PKG-INFO
writing dependency_links to ../../build/example_package/example_package.egg-info/dependency_links.txt
writing entry points to ../../build/example_package/example_package.egg-info/entry_points.txt
writing requirements to ../../build/example_package/example_package.egg-info/requires.txt
writing top-level names to ../../build/example_package/example_package.egg-info/top_level.txt
reading manifest file '../../build/example_package/example_package.egg-info/SOURCES.txt'
adding license file 'LICENSE'
writing manifest file '../../build/example_package/example_package.egg-info/SOURCES.txt'
running build
running build_py
running install
running install_lib
running install_data
running install_egg_info
removing '/home/mparadow/Desktop/ROS2_tutorial/ros2_zadanie_Kebabowa/install/example_package/lib/python3.10/site-packages/example_package-0.0.0-py3.10.egg-info' (and everything under it)
Copying ../../build/example_package/example_package.egg-info to /home/mparadow/Desktop/ROS2_tutorial/ros2_zadanie_Kebabowa/install/example_package/lib/python3.10/site-packages/example_package-0.0.0-py3.10.egg-info
running install_scripts
Installing listener script to /home/mparadow/Desktop/ROS2_tutorial/ros2_zadanie_Kebabowa/install/example_package/lib/example_package
Installing talker script to /home/mparadow/Desktop/ROS2_tutorial/ros2_zadanie_Kebabowa/install/example_package/lib/example_package
writing list of installed files to '/home/mparadow/Desktop/ROS2_tutorial/ros2_zadanie_Kebabowa/build/example_package/install.log'
