[0.004s] Invoking command in '/home/mparadow/Desktop/ROS2_tutorial/ros2_ws/build/my_package': CMAKE_PREFIX_PATH=/opt/ros/humble /usr/bin/cmake /home/mparadow/Desktop/ROS2_tutorial/ros2_ws/src/my_package -DCMAKE_INSTALL_PREFIX=/home/mparadow/Desktop/ROS2_tutorial/ros2_ws/install/my_package
[0.039s] -- The C compiler identification is GNU 11.4.0
[0.101s] -- The CXX compiler identification is GNU 11.4.0
[0.107s] -- Detecting C compiler ABI info
[0.146s] -- Detecting C compiler ABI info - done
[0.149s] -- Check for working C compiler: /usr/bin/cc - skipped
[0.149s] -- Detecting C compile features
[0.149s] -- Detecting C compile features - done
[0.151s] -- Detecting CXX compiler ABI info
[0.192s] -- Detecting CXX compiler ABI info - done
[0.196s] -- Check for working CXX compiler: /usr/bin/c++ - skipped
[0.196s] -- Detecting CXX compile features
[0.196s] -- Detecting CXX compile features - done
[0.197s] -- Found ament_cmake: 1.3.11 (/opt/ros/humble/share/ament_cmake/cmake)
[0.271s] -- Found Python3: /usr/bin/python3 (found version "3.10.12") found components: Interpreter 
[0.309s] -- Found ament_lint_auto: 0.12.11 (/opt/ros/humble/share/ament_lint_auto/cmake)
[0.341s] -- Added test 'cppcheck' to perform static code analysis on C / C++ code
[0.341s] -- Configured cppcheck include dirs: $<BUILD_INTERFACE:/home/mparadow/Desktop/ROS2_tutorial/ros2_ws/src/my_package/include>
[0.341s] -- Configured cppcheck exclude dirs and/or files: 
[0.342s] -- Added test 'lint_cmake' to check CMake code style
[0.342s] -- Added test 'uncrustify' to check C / C++ code style
[0.342s] -- Configured uncrustify additional arguments: 
[0.342s] -- Added test 'xmllint' to check XML markup files
[0.343s] -- Configuring done
[0.344s] -- Generating done
[0.345s] -- Build files have been written to: /home/mparadow/Desktop/ROS2_tutorial/ros2_ws/build/my_package
[0.348s] Invoked command in '/home/mparadow/Desktop/ROS2_tutorial/ros2_ws/build/my_package' returned '0': CMAKE_PREFIX_PATH=/opt/ros/humble /usr/bin/cmake /home/mparadow/Desktop/ROS2_tutorial/ros2_ws/src/my_package -DCMAKE_INSTALL_PREFIX=/home/mparadow/Desktop/ROS2_tutorial/ros2_ws/install/my_package
[0.348s] Invoking command in '/home/mparadow/Desktop/ROS2_tutorial/ros2_ws/build/my_package': CMAKE_PREFIX_PATH=/opt/ros/humble /usr/bin/cmake --build /home/mparadow/Desktop/ROS2_tutorial/ros2_ws/build/my_package -- -j24 -l24
[0.378s] [ 50%] [32mBuilding CXX object CMakeFiles/my_node.dir/src/my_node.cpp.o[0m
[0.394s] [100%] [32m[1mLinking CXX executable my_node[0m
[0.415s] [100%] Built target my_node
[0.420s] Invoked command in '/home/mparadow/Desktop/ROS2_tutorial/ros2_ws/build/my_package' returned '0': CMAKE_PREFIX_PATH=/opt/ros/humble /usr/bin/cmake --build /home/mparadow/Desktop/ROS2_tutorial/ros2_ws/build/my_package -- -j24 -l24
[0.421s] Invoking command in '/home/mparadow/Desktop/ROS2_tutorial/ros2_ws/build/my_package': CMAKE_PREFIX_PATH=/opt/ros/humble /usr/bin/cmake --install /home/mparadow/Desktop/ROS2_tutorial/ros2_ws/build/my_package
[0.424s] -- Install configuration: ""
[0.424s] -- Installing: /home/mparadow/Desktop/ROS2_tutorial/ros2_ws/install/my_package/lib/my_package/my_node
[0.424s] -- Installing: /home/mparadow/Desktop/ROS2_tutorial/ros2_ws/install/my_package/share/ament_index/resource_index/package_run_dependencies/my_package
[0.424s] -- Installing: /home/mparadow/Desktop/ROS2_tutorial/ros2_ws/install/my_package/share/ament_index/resource_index/parent_prefix_path/my_package
[0.424s] -- Installing: /home/mparadow/Desktop/ROS2_tutorial/ros2_ws/install/my_package/share/my_package/environment/ament_prefix_path.sh
[0.424s] -- Installing: /home/mparadow/Desktop/ROS2_tutorial/ros2_ws/install/my_package/share/my_package/environment/ament_prefix_path.dsv
[0.425s] -- Installing: /home/mparadow/Desktop/ROS2_tutorial/ros2_ws/install/my_package/share/my_package/environment/path.sh
[0.425s] -- Installing: /home/mparadow/Desktop/ROS2_tutorial/ros2_ws/install/my_package/share/my_package/environment/path.dsv
[0.425s] -- Installing: /home/mparadow/Desktop/ROS2_tutorial/ros2_ws/install/my_package/share/my_package/local_setup.bash
[0.425s] -- Installing: /home/mparadow/Desktop/ROS2_tutorial/ros2_ws/install/my_package/share/my_package/local_setup.sh
[0.425s] -- Installing: /home/mparadow/Desktop/ROS2_tutorial/ros2_ws/install/my_package/share/my_package/local_setup.zsh
[0.425s] -- Installing: /home/mparadow/Desktop/ROS2_tutorial/ros2_ws/install/my_package/share/my_package/local_setup.dsv
[0.425s] -- Installing: /home/mparadow/Desktop/ROS2_tutorial/ros2_ws/install/my_package/share/my_package/package.dsv
[0.425s] -- Installing: /home/mparadow/Desktop/ROS2_tutorial/ros2_ws/install/my_package/share/ament_index/resource_index/packages/my_package
[0.425s] -- Installing: /home/mparadow/Desktop/ROS2_tutorial/ros2_ws/install/my_package/share/my_package/cmake/my_packageConfig.cmake
[0.425s] -- Installing: /home/mparadow/Desktop/ROS2_tutorial/ros2_ws/install/my_package/share/my_package/cmake/my_packageConfig-version.cmake
[0.425s] -- Installing: /home/mparadow/Desktop/ROS2_tutorial/ros2_ws/install/my_package/share/my_package/package.xml
[0.426s] Invoked command in '/home/mparadow/Desktop/ROS2_tutorial/ros2_ws/build/my_package' returned '0': CMAKE_PREFIX_PATH=/opt/ros/humble /usr/bin/cmake --install /home/mparadow/Desktop/ROS2_tutorial/ros2_ws/build/my_package
