[0.004s] Invoking command in '/home/mparadow/Desktop/ROS2_tutorial/ros2_ws/build/turtlesim': CMAKE_PREFIX_PATH=/opt/ros/humble /usr/bin/cmake /home/mparadow/Desktop/ROS2_tutorial/ros2_ws/src/ros_tutorials/turtlesim -DCMAKE_INSTALL_PREFIX=/home/mparadow/Desktop/ROS2_tutorial/ros2_ws/install/turtlesim
[0.043s] -- The C compiler identification is GNU 11.4.0
[0.079s] -- The CXX compiler identification is GNU 11.4.0
[0.083s] -- Detecting C compiler ABI info
[0.165s] -- Detecting C compiler ABI info - done
[0.176s] -- Check for working C compiler: /usr/bin/cc - skipped
[0.176s] -- Detecting C compile features
[0.177s] -- Detecting C compile features - done
[0.180s] -- Detecting CXX compiler ABI info
[0.271s] -- Detecting CXX compiler ABI info - done
[0.277s] -- Check for working CXX compiler: /usr/bin/c++ - skipped
[0.277s] -- Detecting CXX compile features
[0.277s] -- Detecting CXX compile features - done
[0.279s] -- Found ament_cmake: 1.3.11 (/opt/ros/humble/share/ament_cmake/cmake)
[0.410s] -- Found Python3: /usr/bin/python3 (found version "3.10.12") found components: Interpreter 
[0.455s] -- Found ament_index_cpp: 1.4.0 (/opt/ros/humble/share/ament_index_cpp/cmake)
[0.457s] -- Found geometry_msgs: 4.2.4 (/opt/ros/humble/share/geometry_msgs/cmake)
[0.476s] -- Found rosidl_generator_c: 3.1.6 (/opt/ros/humble/share/rosidl_generator_c/cmake)
[0.478s] -- Found rosidl_adapter: 3.1.6 (/opt/ros/humble/share/rosidl_adapter/cmake)
[0.481s] -- Found rosidl_generator_cpp: 3.1.6 (/opt/ros/humble/share/rosidl_generator_cpp/cmake)
[0.486s] -- Using all available rosidl_typesupport_c: rosidl_typesupport_fastrtps_c;rosidl_typesupport_introspection_c
[0.492s] -- Using all available rosidl_typesupport_cpp: rosidl_typesupport_fastrtps_cpp;rosidl_typesupport_introspection_cpp
[0.520s] -- Found rclcpp: 16.0.11 (/opt/ros/humble/share/rclcpp/cmake)
[0.535s] -- Found rmw_implementation_cmake: 6.1.2 (/opt/ros/humble/share/rmw_implementation_cmake/cmake)
[0.536s] -- Found rmw_fastrtps_cpp: 6.2.7 (/opt/ros/humble/share/rmw_fastrtps_cpp/cmake)
[0.600s] -- Found OpenSSL: /usr/lib/x86_64-linux-gnu/libcrypto.so (found version "3.0.2")  
[0.620s] -- Found FastRTPS: /opt/ros/humble/include  
[0.662s] -- Using RMW implementation 'rmw_fastrtps_cpp' as default
[0.669s] -- Looking for pthread.h
[0.745s] -- Looking for pthread.h - found
[0.745s] -- Performing Test CMAKE_HAVE_LIBC_PTHREAD
[0.816s] -- Performing Test CMAKE_HAVE_LIBC_PTHREAD - Success
[0.819s] -- Found Threads: TRUE  
[0.839s] -- Found rclcpp_action: 16.0.11 (/opt/ros/humble/share/rclcpp_action/cmake)
[0.856s] -- Found rosidl_default_generators: 1.2.0 (/opt/ros/humble/share/rosidl_default_generators/cmake)
[0.862s] -- Found std_srvs: 4.2.4 (/opt/ros/humble/share/std_srvs/cmake)
[1.026s] -- Found ament_cmake_ros: 0.10.0 (/opt/ros/humble/share/ament_cmake_ros/cmake)
[1.206s] -- Using all available rosidl_typesupport_c: rosidl_typesupport_fastrtps_c;rosidl_typesupport_introspection_c
[1.305s] -- Using all available rosidl_typesupport_cpp: rosidl_typesupport_fastrtps_cpp;rosidl_typesupport_introspection_cpp
[1.316s] -- Found PythonInterp: /usr/bin/python3 (found suitable version "3.10.12", minimum required is "3.6") 
[1.316s] -- Found python_cmake_module: 0.10.0 (/opt/ros/humble/share/python_cmake_module/cmake)
[1.337s] -- Found PythonLibs: /usr/lib/x86_64-linux-gnu/libpython3.10.so (found suitable version "3.10.12", minimum required is "3.5") 
[1.337s] -- Using PYTHON_EXECUTABLE: /usr/bin/python3
[1.337s] -- Using PYTHON_INCLUDE_DIRS: /usr/include/python3.10
[1.337s] -- Using PYTHON_LIBRARIES: /usr/lib/x86_64-linux-gnu/libpython3.10.so
[1.351s] -- Found PythonExtra: .so  
[1.380s] -- Configuring done
[1.408s] -- Generating done
[1.417s] -- Build files have been written to: /home/mparadow/Desktop/ROS2_tutorial/ros2_ws/build/turtlesim
[1.424s] Invoked command in '/home/mparadow/Desktop/ROS2_tutorial/ros2_ws/build/turtlesim' returned '0': CMAKE_PREFIX_PATH=/opt/ros/humble /usr/bin/cmake /home/mparadow/Desktop/ROS2_tutorial/ros2_ws/src/ros_tutorials/turtlesim -DCMAKE_INSTALL_PREFIX=/home/mparadow/Desktop/ROS2_tutorial/ros2_ws/install/turtlesim
[1.424s] Invoking command in '/home/mparadow/Desktop/ROS2_tutorial/ros2_ws/build/turtlesim': CMAKE_PREFIX_PATH=/opt/ros/humble /usr/bin/cmake --build /home/mparadow/Desktop/ROS2_tutorial/ros2_ws/build/turtlesim -- -j24 -l24
[1.452s] [  1%] [34m[1mGenerating C code for ROS interfaces[0m
[1.459s] [  2%] [34m[1mGenerating C++ code for ROS interfaces[0m
[1.464s] [  2%] Built target ament_cmake_python_copy_turtlesim
[1.565s] running egg_info
[1.565s] creating turtlesim.egg-info
[1.566s] writing turtlesim.egg-info/PKG-INFO
[1.566s] writing dependency_links to turtlesim.egg-info/dependency_links.txt
[1.566s] writing top-level names to turtlesim.egg-info/top_level.txt
[1.566s] writing manifest file 'turtlesim.egg-info/SOURCES.txt'
[1.567s] reading manifest file 'turtlesim.egg-info/SOURCES.txt'
[1.567s] writing manifest file 'turtlesim.egg-info/SOURCES.txt'
[1.580s] [  2%] Built target ament_cmake_python_build_turtlesim_egg
[1.845s] [  3%] [32mBuilding C object CMakeFiles/turtlesim__rosidl_generator_c.dir/rosidl_generator_c/turtlesim/action/detail/rotate_absolute__functions.c.o[0m
[1.845s] [  4%] [32mBuilding C object CMakeFiles/turtlesim__rosidl_generator_c.dir/rosidl_generator_c/turtlesim/srv/detail/kill__functions.c.o[0m
[1.845s] [  5%] [32mBuilding C object CMakeFiles/turtlesim__rosidl_generator_c.dir/rosidl_generator_c/turtlesim/msg/detail/pose__functions.c.o[0m
[1.845s] [  6%] [32mBuilding C object CMakeFiles/turtlesim__rosidl_generator_c.dir/rosidl_generator_c/turtlesim/srv/detail/teleport_absolute__functions.c.o[0m
[1.845s] [  7%] [32mBuilding C object CMakeFiles/turtlesim__rosidl_generator_c.dir/rosidl_generator_c/turtlesim/srv/detail/spawn__functions.c.o[0m
[1.845s] [  8%] [32mBuilding C object CMakeFiles/turtlesim__rosidl_generator_c.dir/rosidl_generator_c/turtlesim/msg/detail/color__functions.c.o[0m
[1.845s] [  9%] [32mBuilding C object CMakeFiles/turtlesim__rosidl_generator_c.dir/rosidl_generator_c/turtlesim/srv/detail/set_pen__functions.c.o[0m
[1.845s] [ 10%] [32mBuilding C object CMakeFiles/turtlesim__rosidl_generator_c.dir/rosidl_generator_c/turtlesim/srv/detail/teleport_relative__functions.c.o[0m
[1.861s] [ 10%] Built target turtlesim__cpp
[1.866s] [ 12%] [34m[1mGenerating C++ type support dispatch for ROS interfaces[0m
[1.866s] [ 12%] [34m[1mGenerating C++ type support for eProsima Fast-RTPS[0m
[1.867s] [ 13%] [34m[1mGenerating C++ introspection for ROS interfaces[0m
[1.923s] [ 14%] [32m[1mLinking C shared library libturtlesim__rosidl_generator_c.so[0m
[1.947s] [ 14%] Built target turtlesim__rosidl_generator_c
[1.954s] [ 15%] [34m[1mGenerating C type support dispatch for ROS interfaces[0m
[1.954s] [ 17%] [34m[1mGenerating C type support for eProsima Fast-RTPS[0m
[1.955s] [ 17%] [34m[1mGenerating C introspection for ROS interfaces[0m
[2.094s] [ 19%] [32mBuilding CXX object CMakeFiles/turtlesim__rosidl_typesupport_cpp.dir/rosidl_typesupport_cpp/turtlesim/msg/pose__type_support.cpp.o[0m
[2.094s] [ 19%] [32mBuilding CXX object CMakeFiles/turtlesim__rosidl_typesupport_cpp.dir/rosidl_typesupport_cpp/turtlesim/srv/kill__type_support.cpp.o[0m
[2.096s] [ 20%] [32mBuilding CXX object CMakeFiles/turtlesim__rosidl_typesupport_cpp.dir/rosidl_typesupport_cpp/turtlesim/action/rotate_absolute__type_support.cpp.o[0m
[2.096s] [ 21%] [32mBuilding CXX object CMakeFiles/turtlesim__rosidl_typesupport_cpp.dir/rosidl_typesupport_cpp/turtlesim/msg/color__type_support.cpp.o[0m
[2.096s] [ 22%] [32mBuilding CXX object CMakeFiles/turtlesim__rosidl_typesupport_cpp.dir/rosidl_typesupport_cpp/turtlesim/srv/set_pen__type_support.cpp.o[0m
[2.096s] [ 23%] [32mBuilding CXX object CMakeFiles/turtlesim__rosidl_typesupport_cpp.dir/rosidl_typesupport_cpp/turtlesim/srv/spawn__type_support.cpp.o[0m
[2.096s] [ 24%] [32mBuilding CXX object CMakeFiles/turtlesim__rosidl_typesupport_cpp.dir/rosidl_typesupport_cpp/turtlesim/srv/teleport_absolute__type_support.cpp.o[0m
[2.097s] [ 25%] [32mBuilding CXX object CMakeFiles/turtlesim__rosidl_typesupport_cpp.dir/rosidl_typesupport_cpp/turtlesim/srv/teleport_relative__type_support.cpp.o[0m
[2.159s] [ 28%] [32mBuilding CXX object CMakeFiles/turtlesim__rosidl_typesupport_introspection_cpp.dir/rosidl_typesupport_introspection_cpp/turtlesim/srv/detail/set_pen__type_support.cpp.o[0m
[2.159s] [ 28%] [32mBuilding CXX object CMakeFiles/turtlesim__rosidl_typesupport_introspection_cpp.dir/rosidl_typesupport_introspection_cpp/turtlesim/action/detail/rotate_absolute__type_support.cpp.o[0m
[2.159s] [ 28%] [32mBuilding CXX object CMakeFiles/turtlesim__rosidl_typesupport_introspection_cpp.dir/rosidl_typesupport_introspection_cpp/turtlesim/msg/detail/color__type_support.cpp.o[0m
[2.160s] [ 30%] [32mBuilding CXX object CMakeFiles/turtlesim__rosidl_typesupport_introspection_cpp.dir/rosidl_typesupport_introspection_cpp/turtlesim/srv/detail/kill__type_support.cpp.o[0m
[2.160s] [ 30%] [32mBuilding CXX object CMakeFiles/turtlesim__rosidl_typesupport_introspection_cpp.dir/rosidl_typesupport_introspection_cpp/turtlesim/srv/detail/teleport_relative__type_support.cpp.o[0m
[2.160s] [ 32%] [32mBuilding CXX object CMakeFiles/turtlesim__rosidl_typesupport_introspection_cpp.dir/rosidl_typesupport_introspection_cpp/turtlesim/msg/detail/pose__type_support.cpp.o[0m
[2.160s] [ 32%] [32mBuilding CXX object CMakeFiles/turtlesim__rosidl_typesupport_introspection_cpp.dir/rosidl_typesupport_introspection_cpp/turtlesim/srv/detail/teleport_absolute__type_support.cpp.o[0m
[2.160s] [ 33%] [32mBuilding CXX object CMakeFiles/turtlesim__rosidl_typesupport_introspection_cpp.dir/rosidl_typesupport_introspection_cpp/turtlesim/srv/detail/spawn__type_support.cpp.o[0m
[2.237s] [ 34%] [32mBuilding CXX object CMakeFiles/turtlesim__rosidl_typesupport_fastrtps_cpp.dir/rosidl_typesupport_fastrtps_cpp/turtlesim/msg/detail/dds_fastrtps/pose__type_support.cpp.o[0m
[2.237s] [ 35%] [32mBuilding CXX object CMakeFiles/turtlesim__rosidl_typesupport_fastrtps_cpp.dir/rosidl_typesupport_fastrtps_cpp/turtlesim/srv/detail/dds_fastrtps/spawn__type_support.cpp.o[0m
[2.239s] [ 37%] [32mBuilding CXX object CMakeFiles/turtlesim__rosidl_typesupport_fastrtps_cpp.dir/rosidl_typesupport_fastrtps_cpp/turtlesim/srv/detail/dds_fastrtps/set_pen__type_support.cpp.o[0m
[2.239s] [ 37%] [32mBuilding CXX object CMakeFiles/turtlesim__rosidl_typesupport_fastrtps_cpp.dir/rosidl_typesupport_fastrtps_cpp/turtlesim/srv/detail/dds_fastrtps/kill__type_support.cpp.o[0m
[2.240s] [ 38%] [32mBuilding CXX object CMakeFiles/turtlesim__rosidl_typesupport_fastrtps_cpp.dir/rosidl_typesupport_fastrtps_cpp/turtlesim/msg/detail/dds_fastrtps/color__type_support.cpp.o[0m
[2.242s] [ 39%] [32mBuilding CXX object CMakeFiles/turtlesim__rosidl_typesupport_fastrtps_cpp.dir/rosidl_typesupport_fastrtps_cpp/turtlesim/action/detail/dds_fastrtps/rotate_absolute__type_support.cpp.o[0m
[2.249s] [ 40%] [32mBuilding CXX object CMakeFiles/turtlesim__rosidl_typesupport_fastrtps_cpp.dir/rosidl_typesupport_fastrtps_cpp/turtlesim/srv/detail/dds_fastrtps/teleport_absolute__type_support.cpp.o[0m
[2.255s] [ 41%] [32mBuilding CXX object CMakeFiles/turtlesim__rosidl_typesupport_c.dir/rosidl_typesupport_c/turtlesim/action/rotate_absolute__type_support.cpp.o[0m
[2.275s] [ 42%] [32mBuilding CXX object CMakeFiles/turtlesim__rosidl_typesupport_fastrtps_cpp.dir/rosidl_typesupport_fastrtps_cpp/turtlesim/srv/detail/dds_fastrtps/teleport_relative__type_support.cpp.o[0m
[2.296s] [ 43%] [32mBuilding CXX object CMakeFiles/turtlesim__rosidl_typesupport_c.dir/rosidl_typesupport_c/turtlesim/msg/color__type_support.cpp.o[0m
[2.312s] [ 44%] [32mBuilding CXX object CMakeFiles/turtlesim__rosidl_typesupport_c.dir/rosidl_typesupport_c/turtlesim/srv/set_pen__type_support.cpp.o[0m
[2.313s] [ 45%] [32mBuilding CXX object CMakeFiles/turtlesim__rosidl_typesupport_c.dir/rosidl_typesupport_c/turtlesim/msg/pose__type_support.cpp.o[0m
[2.321s] [ 46%] [32mBuilding CXX object CMakeFiles/turtlesim__rosidl_typesupport_c.dir/rosidl_typesupport_c/turtlesim/srv/kill__type_support.cpp.o[0m
[2.329s] [ 48%] [32mBuilding CXX object CMakeFiles/turtlesim__rosidl_typesupport_c.dir/rosidl_typesupport_c/turtlesim/srv/spawn__type_support.cpp.o[0m
[2.329s] [ 48%] [32mBuilding CXX object CMakeFiles/turtlesim__rosidl_typesupport_c.dir/rosidl_typesupport_c/turtlesim/srv/teleport_absolute__type_support.cpp.o[0m
[2.340s] [ 49%] [32mBuilding CXX object CMakeFiles/turtlesim__rosidl_typesupport_c.dir/rosidl_typesupport_c/turtlesim/srv/teleport_relative__type_support.cpp.o[0m
[2.370s] [ 50%] [32m[1mLinking CXX shared library libturtlesim__rosidl_typesupport_c.so[0m
[2.396s] [ 51%] [32mBuilding CXX object CMakeFiles/turtlesim__rosidl_typesupport_fastrtps_c.dir/rosidl_typesupport_fastrtps_c/turtlesim/msg/detail/color__type_support_c.cpp.o[0m
[2.396s] [ 52%] [32mBuilding CXX object CMakeFiles/turtlesim__rosidl_typesupport_fastrtps_c.dir/rosidl_typesupport_fastrtps_c/turtlesim/msg/detail/pose__type_support_c.cpp.o[0m
[2.398s] [ 53%] [32mBuilding CXX object CMakeFiles/turtlesim__rosidl_typesupport_fastrtps_c.dir/rosidl_typesupport_fastrtps_c/turtlesim/srv/detail/kill__type_support_c.cpp.o[0m
[2.399s] [ 54%] [32mBuilding CXX object CMakeFiles/turtlesim__rosidl_typesupport_fastrtps_c.dir/rosidl_typesupport_fastrtps_c/turtlesim/action/detail/rotate_absolute__type_support_c.cpp.o[0m
[2.401s] [ 55%] [32mBuilding CXX object CMakeFiles/turtlesim__rosidl_typesupport_fastrtps_c.dir/rosidl_typesupport_fastrtps_c/turtlesim/srv/detail/set_pen__type_support_c.cpp.o[0m
[2.405s] [ 56%] [32mBuilding C object CMakeFiles/turtlesim__rosidl_typesupport_introspection_c.dir/rosidl_typesupport_introspection_c/turtlesim/action/detail/rotate_absolute__type_support.c.o[0m
[2.418s] [ 57%] [32mBuilding CXX object CMakeFiles/turtlesim__rosidl_typesupport_fastrtps_c.dir/rosidl_typesupport_fastrtps_c/turtlesim/srv/detail/spawn__type_support_c.cpp.o[0m
[2.418s] [ 57%] Built target turtlesim__rosidl_typesupport_c
[2.425s] [ 58%] [32mBuilding C object CMakeFiles/turtlesim__rosidl_typesupport_introspection_c.dir/rosidl_typesupport_introspection_c/turtlesim/msg/detail/color__type_support.c.o[0m
[2.430s] [ 59%] [32mBuilding CXX object CMakeFiles/turtlesim__rosidl_typesupport_fastrtps_c.dir/rosidl_typesupport_fastrtps_c/turtlesim/srv/detail/teleport_relative__type_support_c.cpp.o[0m
[2.430s] [ 60%] [32mBuilding CXX object CMakeFiles/turtlesim__rosidl_typesupport_fastrtps_c.dir/rosidl_typesupport_fastrtps_c/turtlesim/srv/detail/teleport_absolute__type_support_c.cpp.o[0m
[2.431s] [ 61%] [32mBuilding C object CMakeFiles/turtlesim__rosidl_typesupport_introspection_c.dir/rosidl_typesupport_introspection_c/turtlesim/msg/detail/pose__type_support.c.o[0m
[2.431s] [ 62%] [32mBuilding C object CMakeFiles/turtlesim__rosidl_typesupport_introspection_c.dir/rosidl_typesupport_introspection_c/turtlesim/srv/detail/kill__type_support.c.o[0m
[2.433s] [ 63%] [32mBuilding C object CMakeFiles/turtlesim__rosidl_typesupport_introspection_c.dir/rosidl_typesupport_introspection_c/turtlesim/srv/detail/set_pen__type_support.c.o[0m
[2.448s] [ 64%] [32mBuilding C object CMakeFiles/turtlesim__rosidl_typesupport_introspection_c.dir/rosidl_typesupport_introspection_c/turtlesim/srv/detail/spawn__type_support.c.o[0m
[2.453s] [ 65%] [32mBuilding C object CMakeFiles/turtlesim__rosidl_typesupport_introspection_c.dir/rosidl_typesupport_introspection_c/turtlesim/srv/detail/teleport_absolute__type_support.c.o[0m
[2.457s] [ 66%] [32mBuilding C object CMakeFiles/turtlesim__rosidl_typesupport_introspection_c.dir/rosidl_typesupport_introspection_c/turtlesim/srv/detail/teleport_relative__type_support.c.o[0m
[2.469s] [ 67%] [32m[1mLinking CXX shared library libturtlesim__rosidl_typesupport_cpp.so[0m
[2.486s] [ 68%] [32m[1mLinking C shared library libturtlesim__rosidl_typesupport_introspection_c.so[0m
[2.506s] [ 68%] Built target turtlesim__rosidl_typesupport_cpp
[2.508s] [ 68%] Built target turtlesim__rosidl_typesupport_introspection_c
[2.513s] [ 69%] [34m[1mGenerating include/turtlesim/moc_turtle_frame.cpp[0m
[2.519s] [ 70%] [32mBuilding CXX object CMakeFiles/draw_square.dir/tutorials/draw_square.cpp.o[0m
[2.519s] [ 71%] [32mBuilding CXX object CMakeFiles/mimic.dir/tutorials/mimic.cpp.o[0m
[2.519s] [ 72%] [32mBuilding CXX object CMakeFiles/turtle_teleop_key.dir/tutorials/teleop_turtle_key.cpp.o[0m
[2.554s] [ 73%] [32m[1mLinking CXX shared library libturtlesim__rosidl_typesupport_introspection_cpp.so[0m
[2.581s] [ 76%] [32mBuilding CXX object CMakeFiles/turtlesim_node.dir/src/turtle_frame.cpp.o[0m
[2.581s] [ 76%] [32mBuilding CXX object CMakeFiles/turtlesim_node.dir/src/turtlesim.cpp.o[0m
[2.581s] [ 76%] [32mBuilding CXX object CMakeFiles/turtlesim_node.dir/src/turtle.cpp.o[0m
[2.581s] [ 77%] [32mBuilding CXX object CMakeFiles/turtlesim_node.dir/include/turtlesim/moc_turtle_frame.cpp.o[0m
[2.601s] [ 78%] [32m[1mLinking CXX shared library libturtlesim__rosidl_typesupport_fastrtps_cpp.so[0m
[2.610s] [ 78%] Built target turtlesim__rosidl_typesupport_introspection_cpp
[2.642s] [ 78%] Built target turtlesim__rosidl_typesupport_fastrtps_cpp
[2.699s] [ 79%] [32m[1mLinking CXX shared library libturtlesim__rosidl_typesupport_fastrtps_c.so[0m
[2.748s] [ 79%] Built target turtlesim__rosidl_typesupport_fastrtps_c
[2.764s] [ 79%] Built target turtlesim
[2.779s] [ 80%] [34m[1mGenerating Python code for ROS interfaces[0m
[3.474s] [ 80%] Built target turtlesim__py
[3.488s] [ 81%] [32mBuilding C object CMakeFiles/turtlesim__rosidl_generator_py.dir/rosidl_generator_py/turtlesim/srv/_spawn_s.c.o[0m
[3.489s] [ 86%] [32mBuilding C object CMakeFiles/turtlesim__rosidl_generator_py.dir/rosidl_generator_py/turtlesim/msg/_pose_s.c.o[0m
[3.489s] [ 86%] [32mBuilding C object CMakeFiles/turtlesim__rosidl_generator_py.dir/rosidl_generator_py/turtlesim/srv/_kill_s.c.o[0m
[3.489s] [ 86%] [32mBuilding C object CMakeFiles/turtlesim__rosidl_generator_py.dir/rosidl_generator_py/turtlesim/action/_rotate_absolute_s.c.o[0m
[3.489s] [ 86%] [32mBuilding C object CMakeFiles/turtlesim__rosidl_generator_py.dir/rosidl_generator_py/turtlesim/msg/_color_s.c.o[0m
[3.489s] [ 86%] [32mBuilding C object CMakeFiles/turtlesim__rosidl_generator_py.dir/rosidl_generator_py/turtlesim/srv/_teleport_relative_s.c.o[0m
[3.489s] [ 87%] [32mBuilding C object CMakeFiles/turtlesim__rosidl_generator_py.dir/rosidl_generator_py/turtlesim/srv/_set_pen_s.c.o[0m
[3.489s] [ 88%] [32mBuilding C object CMakeFiles/turtlesim__rosidl_generator_py.dir/rosidl_generator_py/turtlesim/srv/_teleport_absolute_s.c.o[0m
[3.594s] [ 89%] [32m[1mLinking C shared library rosidl_generator_py/turtlesim/libturtlesim__rosidl_generator_py.so[0m
[3.626s] [ 89%] Built target turtlesim__rosidl_generator_py
[3.643s] [ 92%] [32mBuilding C object CMakeFiles/turtlesim__rosidl_typesupport_c__pyext.dir/rosidl_generator_py/turtlesim/_turtlesim_s.ep.rosidl_typesupport_c.c.o[0m
[3.643s] [ 92%] [32mBuilding C object CMakeFiles/turtlesim__rosidl_typesupport_introspection_c__pyext.dir/rosidl_generator_py/turtlesim/_turtlesim_s.ep.rosidl_typesupport_introspection_c.c.o[0m
[3.643s] [ 92%] [32mBuilding C object CMakeFiles/turtlesim__rosidl_typesupport_fastrtps_c__pyext.dir/rosidl_generator_py/turtlesim/_turtlesim_s.ep.rosidl_typesupport_fastrtps_c.c.o[0m
[3.723s] [ 93%] [32m[1mLinking C shared library rosidl_generator_py/turtlesim/turtlesim_s__rosidl_typesupport_fastrtps_c.cpython-310-x86_64-linux-gnu.so[0m
[3.752s] [ 93%] Built target turtlesim__rosidl_typesupport_fastrtps_c__pyext
[3.762s] [ 94%] [32m[1mLinking C shared library rosidl_generator_py/turtlesim/turtlesim_s__rosidl_typesupport_c.cpython-310-x86_64-linux-gnu.so[0m
[3.763s] [ 95%] [32m[1mLinking C shared library rosidl_generator_py/turtlesim/turtlesim_s__rosidl_typesupport_introspection_c.cpython-310-x86_64-linux-gnu.so[0m
[3.794s] [ 95%] Built target turtlesim__rosidl_typesupport_introspection_c__pyext
[3.794s] [ 95%] Built target turtlesim__rosidl_typesupport_c__pyext
[5.338s] [ 96%] [32m[1mLinking CXX executable turtle_teleop_key[0m
[5.465s] [ 96%] Built target turtle_teleop_key
[6.572s] [ 97%] [32m[1mLinking CXX executable mimic[0m
[6.778s] [ 97%] Built target mimic
[6.881s] [ 98%] [32m[1mLinking CXX executable draw_square[0m
[7.093s] [ 98%] Built target draw_square
[8.378s] [100%] [32m[1mLinking CXX executable turtlesim_node[0m
[9.233s] [100%] Built target turtlesim_node
[9.243s] Invoked command in '/home/mparadow/Desktop/ROS2_tutorial/ros2_ws/build/turtlesim' returned '0': CMAKE_PREFIX_PATH=/opt/ros/humble /usr/bin/cmake --build /home/mparadow/Desktop/ROS2_tutorial/ros2_ws/build/turtlesim -- -j24 -l24
[9.250s] Invoking command in '/home/mparadow/Desktop/ROS2_tutorial/ros2_ws/build/turtlesim': CMAKE_PREFIX_PATH=/opt/ros/humble /usr/bin/cmake --install /home/mparadow/Desktop/ROS2_tutorial/ros2_ws/build/turtlesim
[9.256s] -- Install configuration: ""
[9.257s] -- Installing: /home/mparadow/Desktop/ROS2_tutorial/ros2_ws/install/turtlesim/share/ament_index/resource_index/rosidl_interfaces/turtlesim
[9.257s] -- Installing: /home/mparadow/Desktop/ROS2_tutorial/ros2_ws/install/turtlesim/include/turtlesim/turtlesim
[9.257s] -- Installing: /home/mparadow/Desktop/ROS2_tutorial/ros2_ws/install/turtlesim/include/turtlesim/turtlesim/msg
[9.257s] -- Installing: /home/mparadow/Desktop/ROS2_tutorial/ros2_ws/install/turtlesim/include/turtlesim/turtlesim/msg/pose.h
[9.257s] -- Installing: /home/mparadow/Desktop/ROS2_tutorial/ros2_ws/install/turtlesim/include/turtlesim/turtlesim/msg/rosidl_generator_c__visibility_control.h
[9.257s] -- Installing: /home/mparadow/Desktop/ROS2_tutorial/ros2_ws/install/turtlesim/include/turtlesim/turtlesim/msg/color.h
[9.257s] -- Installing: /home/mparadow/Desktop/ROS2_tutorial/ros2_ws/install/turtlesim/include/turtlesim/turtlesim/msg/detail
[9.257s] -- Installing: /home/mparadow/Desktop/ROS2_tutorial/ros2_ws/install/turtlesim/include/turtlesim/turtlesim/msg/detail/pose__functions.c
[9.257s] -- Installing: /home/mparadow/Desktop/ROS2_tutorial/ros2_ws/install/turtlesim/include/turtlesim/turtlesim/msg/detail/pose__type_support.h
[9.257s] -- Installing: /home/mparadow/Desktop/ROS2_tutorial/ros2_ws/install/turtlesim/include/turtlesim/turtlesim/msg/detail/pose__struct.h
[9.257s] -- Installing: /home/mparadow/Desktop/ROS2_tutorial/ros2_ws/install/turtlesim/include/turtlesim/turtlesim/msg/detail/color__functions.h
[9.257s] -- Installing: /home/mparadow/Desktop/ROS2_tutorial/ros2_ws/install/turtlesim/include/turtlesim/turtlesim/msg/detail/color__struct.h
[9.257s] -- Installing: /home/mparadow/Desktop/ROS2_tutorial/ros2_ws/install/turtlesim/include/turtlesim/turtlesim/msg/detail/color__type_support.h
[9.257s] -- Installing: /home/mparadow/Desktop/ROS2_tutorial/ros2_ws/install/turtlesim/include/turtlesim/turtlesim/msg/detail/pose__functions.h
[9.257s] -- Installing: /home/mparadow/Desktop/ROS2_tutorial/ros2_ws/install/turtlesim/include/turtlesim/turtlesim/msg/detail/color__functions.c
[9.257s] -- Installing: /home/mparadow/Desktop/ROS2_tutorial/ros2_ws/install/turtlesim/include/turtlesim/turtlesim/action
[9.257s] -- Installing: /home/mparadow/Desktop/ROS2_tutorial/ros2_ws/install/turtlesim/include/turtlesim/turtlesim/action/rotate_absolute.h
[9.257s] -- Installing: /home/mparadow/Desktop/ROS2_tutorial/ros2_ws/install/turtlesim/include/turtlesim/turtlesim/action/detail
[9.257s] -- Installing: /home/mparadow/Desktop/ROS2_tutorial/ros2_ws/install/turtlesim/include/turtlesim/turtlesim/action/detail/rotate_absolute__type_support.h
[9.257s] -- Installing: /home/mparadow/Desktop/ROS2_tutorial/ros2_ws/install/turtlesim/include/turtlesim/turtlesim/action/detail/rotate_absolute__struct.h
[9.257s] -- Installing: /home/mparadow/Desktop/ROS2_tutorial/ros2_ws/install/turtlesim/include/turtlesim/turtlesim/action/detail/rotate_absolute__functions.h
[9.257s] -- Installing: /home/mparadow/Desktop/ROS2_tutorial/ros2_ws/install/turtlesim/include/turtlesim/turtlesim/action/detail/rotate_absolute__functions.c
[9.257s] -- Installing: /home/mparadow/Desktop/ROS2_tutorial/ros2_ws/install/turtlesim/include/turtlesim/turtlesim/srv
[9.258s] -- Installing: /home/mparadow/Desktop/ROS2_tutorial/ros2_ws/install/turtlesim/include/turtlesim/turtlesim/srv/spawn.h
[9.258s] -- Installing: /home/mparadow/Desktop/ROS2_tutorial/ros2_ws/install/turtlesim/include/turtlesim/turtlesim/srv/set_pen.h
[9.258s] -- Installing: /home/mparadow/Desktop/ROS2_tutorial/ros2_ws/install/turtlesim/include/turtlesim/turtlesim/srv/kill.h
[9.258s] -- Installing: /home/mparadow/Desktop/ROS2_tutorial/ros2_ws/install/turtlesim/include/turtlesim/turtlesim/srv/teleport_relative.h
[9.258s] -- Installing: /home/mparadow/Desktop/ROS2_tutorial/ros2_ws/install/turtlesim/include/turtlesim/turtlesim/srv/teleport_absolute.h
[9.258s] -- Installing: /home/mparadow/Desktop/ROS2_tutorial/ros2_ws/install/turtlesim/include/turtlesim/turtlesim/srv/detail
[9.258s] -- Installing: /home/mparadow/Desktop/ROS2_tutorial/ros2_ws/install/turtlesim/include/turtlesim/turtlesim/srv/detail/teleport_absolute__struct.h
[9.258s] -- Installing: /home/mparadow/Desktop/ROS2_tutorial/ros2_ws/install/turtlesim/include/turtlesim/turtlesim/srv/detail/set_pen__struct.h
[9.258s] -- Installing: /home/mparadow/Desktop/ROS2_tutorial/ros2_ws/install/turtlesim/include/turtlesim/turtlesim/srv/detail/kill__struct.h
[9.258s] -- Installing: /home/mparadow/Desktop/ROS2_tutorial/ros2_ws/install/turtlesim/include/turtlesim/turtlesim/srv/detail/set_pen__functions.c
[9.258s] -- Installing: /home/mparadow/Desktop/ROS2_tutorial/ros2_ws/install/turtlesim/include/turtlesim/turtlesim/srv/detail/teleport_absolute__functions.h
[9.258s] -- Installing: /home/mparadow/Desktop/ROS2_tutorial/ros2_ws/install/turtlesim/include/turtlesim/turtlesim/srv/detail/spawn__type_support.h
[9.258s] -- Installing: /home/mparadow/Desktop/ROS2_tutorial/ros2_ws/install/turtlesim/include/turtlesim/turtlesim/srv/detail/teleport_relative__struct.h
[9.258s] -- Installing: /home/mparadow/Desktop/ROS2_tutorial/ros2_ws/install/turtlesim/include/turtlesim/turtlesim/srv/detail/kill__type_support.h
[9.258s] -- Installing: /home/mparadow/Desktop/ROS2_tutorial/ros2_ws/install/turtlesim/include/turtlesim/turtlesim/srv/detail/teleport_absolute__functions.c
[9.258s] -- Installing: /home/mparadow/Desktop/ROS2_tutorial/ros2_ws/install/turtlesim/include/turtlesim/turtlesim/srv/detail/teleport_relative__type_support.h
[9.258s] -- Installing: /home/mparadow/Desktop/ROS2_tutorial/ros2_ws/install/turtlesim/include/turtlesim/turtlesim/srv/detail/set_pen__functions.h
[9.258s] -- Installing: /home/mparadow/Desktop/ROS2_tutorial/ros2_ws/install/turtlesim/include/turtlesim/turtlesim/srv/detail/spawn__struct.h
[9.258s] -- Installing: /home/mparadow/Desktop/ROS2_tutorial/ros2_ws/install/turtlesim/include/turtlesim/turtlesim/srv/detail/kill__functions.h
[9.258s] -- Installing: /home/mparadow/Desktop/ROS2_tutorial/ros2_ws/install/turtlesim/include/turtlesim/turtlesim/srv/detail/set_pen__type_support.h
[9.258s] -- Installing: /home/mparadow/Desktop/ROS2_tutorial/ros2_ws/install/turtlesim/include/turtlesim/turtlesim/srv/detail/spawn__functions.h
[9.258s] -- Installing: /home/mparadow/Desktop/ROS2_tutorial/ros2_ws/install/turtlesim/include/turtlesim/turtlesim/srv/detail/kill__functions.c
[9.258s] -- Installing: /home/mparadow/Desktop/ROS2_tutorial/ros2_ws/install/turtlesim/include/turtlesim/turtlesim/srv/detail/teleport_relative__functions.h
[9.258s] -- Installing: /home/mparadow/Desktop/ROS2_tutorial/ros2_ws/install/turtlesim/include/turtlesim/turtlesim/srv/detail/teleport_relative__functions.c
[9.258s] -- Installing: /home/mparadow/Desktop/ROS2_tutorial/ros2_ws/install/turtlesim/include/turtlesim/turtlesim/srv/detail/teleport_absolute__type_support.h
[9.258s] -- Installing: /home/mparadow/Desktop/ROS2_tutorial/ros2_ws/install/turtlesim/include/turtlesim/turtlesim/srv/detail/spawn__functions.c
[9.258s] -- Installing: /home/mparadow/Desktop/ROS2_tutorial/ros2_ws/install/turtlesim/share/turtlesim/environment/library_path.sh
[9.259s] -- Installing: /home/mparadow/Desktop/ROS2_tutorial/ros2_ws/install/turtlesim/share/turtlesim/environment/library_path.dsv
[9.259s] -- Installing: /home/mparadow/Desktop/ROS2_tutorial/ros2_ws/install/turtlesim/lib/libturtlesim__rosidl_generator_c.so
[9.259s] -- Set runtime path of "/home/mparadow/Desktop/ROS2_tutorial/ros2_ws/install/turtlesim/lib/libturtlesim__rosidl_generator_c.so" to ""
[9.259s] -- Up-to-date: /home/mparadow/Desktop/ROS2_tutorial/ros2_ws/install/turtlesim/include/turtlesim/turtlesim
[9.259s] -- Up-to-date: /home/mparadow/Desktop/ROS2_tutorial/ros2_ws/install/turtlesim/include/turtlesim/turtlesim/msg
[9.259s] -- Installing: /home/mparadow/Desktop/ROS2_tutorial/ros2_ws/install/turtlesim/include/turtlesim/turtlesim/msg/rosidl_typesupport_fastrtps_c__visibility_control.h
[9.259s] -- Up-to-date: /home/mparadow/Desktop/ROS2_tutorial/ros2_ws/install/turtlesim/include/turtlesim/turtlesim/msg/detail
[9.259s] -- Installing: /home/mparadow/Desktop/ROS2_tutorial/ros2_ws/install/turtlesim/include/turtlesim/turtlesim/msg/detail/color__rosidl_typesupport_fastrtps_c.h
[9.259s] -- Installing: /home/mparadow/Desktop/ROS2_tutorial/ros2_ws/install/turtlesim/include/turtlesim/turtlesim/msg/detail/pose__rosidl_typesupport_fastrtps_c.h
[9.259s] -- Up-to-date: /home/mparadow/Desktop/ROS2_tutorial/ros2_ws/install/turtlesim/include/turtlesim/turtlesim/action
[9.259s] -- Up-to-date: /home/mparadow/Desktop/ROS2_tutorial/ros2_ws/install/turtlesim/include/turtlesim/turtlesim/action/detail
[9.259s] -- Installing: /home/mparadow/Desktop/ROS2_tutorial/ros2_ws/install/turtlesim/include/turtlesim/turtlesim/action/detail/rotate_absolute__rosidl_typesupport_fastrtps_c.h
[9.259s] -- Up-to-date: /home/mparadow/Desktop/ROS2_tutorial/ros2_ws/install/turtlesim/include/turtlesim/turtlesim/srv
[9.259s] -- Up-to-date: /home/mparadow/Desktop/ROS2_tutorial/ros2_ws/install/turtlesim/include/turtlesim/turtlesim/srv/detail
[9.259s] -- Installing: /home/mparadow/Desktop/ROS2_tutorial/ros2_ws/install/turtlesim/include/turtlesim/turtlesim/srv/detail/teleport_absolute__rosidl_typesupport_fastrtps_c.h
[9.259s] -- Installing: /home/mparadow/Desktop/ROS2_tutorial/ros2_ws/install/turtlesim/include/turtlesim/turtlesim/srv/detail/spawn__rosidl_typesupport_fastrtps_c.h
[9.259s] -- Installing: /home/mparadow/Desktop/ROS2_tutorial/ros2_ws/install/turtlesim/include/turtlesim/turtlesim/srv/detail/set_pen__rosidl_typesupport_fastrtps_c.h
[9.259s] -- Installing: /home/mparadow/Desktop/ROS2_tutorial/ros2_ws/install/turtlesim/include/turtlesim/turtlesim/srv/detail/kill__rosidl_typesupport_fastrtps_c.h
[9.259s] -- Installing: /home/mparadow/Desktop/ROS2_tutorial/ros2_ws/install/turtlesim/include/turtlesim/turtlesim/srv/detail/teleport_relative__rosidl_typesupport_fastrtps_c.h
[9.259s] -- Installing: /home/mparadow/Desktop/ROS2_tutorial/ros2_ws/install/turtlesim/lib/libturtlesim__rosidl_typesupport_fastrtps_c.so
[9.259s] -- Set runtime path of "/home/mparadow/Desktop/ROS2_tutorial/ros2_ws/install/turtlesim/lib/libturtlesim__rosidl_typesupport_fastrtps_c.so" to ""
[9.259s] -- Up-to-date: /home/mparadow/Desktop/ROS2_tutorial/ros2_ws/install/turtlesim/include/turtlesim/turtlesim
[9.259s] -- Up-to-date: /home/mparadow/Desktop/ROS2_tutorial/ros2_ws/install/turtlesim/include/turtlesim/turtlesim/msg
[9.259s] -- Installing: /home/mparadow/Desktop/ROS2_tutorial/ros2_ws/install/turtlesim/include/turtlesim/turtlesim/msg/color.hpp
[9.259s] -- Installing: /home/mparadow/Desktop/ROS2_tutorial/ros2_ws/install/turtlesim/include/turtlesim/turtlesim/msg/pose.hpp
[9.259s] -- Installing: /home/mparadow/Desktop/ROS2_tutorial/ros2_ws/install/turtlesim/include/turtlesim/turtlesim/msg/rosidl_generator_cpp__visibility_control.hpp
[9.259s] -- Up-to-date: /home/mparadow/Desktop/ROS2_tutorial/ros2_ws/install/turtlesim/include/turtlesim/turtlesim/msg/detail
[9.260s] -- Installing: /home/mparadow/Desktop/ROS2_tutorial/ros2_ws/install/turtlesim/include/turtlesim/turtlesim/msg/detail/color__traits.hpp
[9.260s] -- Installing: /home/mparadow/Desktop/ROS2_tutorial/ros2_ws/install/turtlesim/include/turtlesim/turtlesim/msg/detail/color__type_support.hpp
[9.260s] -- Installing: /home/mparadow/Desktop/ROS2_tutorial/ros2_ws/install/turtlesim/include/turtlesim/turtlesim/msg/detail/color__builder.hpp
[9.260s] -- Installing: /home/mparadow/Desktop/ROS2_tutorial/ros2_ws/install/turtlesim/include/turtlesim/turtlesim/msg/detail/pose__builder.hpp
[9.260s] -- Installing: /home/mparadow/Desktop/ROS2_tutorial/ros2_ws/install/turtlesim/include/turtlesim/turtlesim/msg/detail/color__struct.hpp
[9.260s] -- Installing: /home/mparadow/Desktop/ROS2_tutorial/ros2_ws/install/turtlesim/include/turtlesim/turtlesim/msg/detail/pose__traits.hpp
[9.260s] -- Installing: /home/mparadow/Desktop/ROS2_tutorial/ros2_ws/install/turtlesim/include/turtlesim/turtlesim/msg/detail/pose__type_support.hpp
[9.260s] -- Installing: /home/mparadow/Desktop/ROS2_tutorial/ros2_ws/install/turtlesim/include/turtlesim/turtlesim/msg/detail/pose__struct.hpp
[9.260s] -- Up-to-date: /home/mparadow/Desktop/ROS2_tutorial/ros2_ws/install/turtlesim/include/turtlesim/turtlesim/action
[9.260s] -- Installing: /home/mparadow/Desktop/ROS2_tutorial/ros2_ws/install/turtlesim/include/turtlesim/turtlesim/action/rotate_absolute.hpp
[9.260s] -- Up-to-date: /home/mparadow/Desktop/ROS2_tutorial/ros2_ws/install/turtlesim/include/turtlesim/turtlesim/action/detail
[9.260s] -- Installing: /home/mparadow/Desktop/ROS2_tutorial/ros2_ws/install/turtlesim/include/turtlesim/turtlesim/action/detail/rotate_absolute__type_support.hpp
[9.260s] -- Installing: /home/mparadow/Desktop/ROS2_tutorial/ros2_ws/install/turtlesim/include/turtlesim/turtlesim/action/detail/rotate_absolute__struct.hpp
[9.260s] -- Installing: /home/mparadow/Desktop/ROS2_tutorial/ros2_ws/install/turtlesim/include/turtlesim/turtlesim/action/detail/rotate_absolute__builder.hpp
[9.260s] -- Installing: /home/mparadow/Desktop/ROS2_tutorial/ros2_ws/install/turtlesim/include/turtlesim/turtlesim/action/detail/rotate_absolute__traits.hpp
[9.260s] -- Up-to-date: /home/mparadow/Desktop/ROS2_tutorial/ros2_ws/install/turtlesim/include/turtlesim/turtlesim/srv
[9.260s] -- Installing: /home/mparadow/Desktop/ROS2_tutorial/ros2_ws/install/turtlesim/include/turtlesim/turtlesim/srv/teleport_relative.hpp
[9.260s] -- Installing: /home/mparadow/Desktop/ROS2_tutorial/ros2_ws/install/turtlesim/include/turtlesim/turtlesim/srv/teleport_absolute.hpp
[9.260s] -- Installing: /home/mparadow/Desktop/ROS2_tutorial/ros2_ws/install/turtlesim/include/turtlesim/turtlesim/srv/kill.hpp
[9.260s] -- Installing: /home/mparadow/Desktop/ROS2_tutorial/ros2_ws/install/turtlesim/include/turtlesim/turtlesim/srv/set_pen.hpp
[9.260s] -- Installing: /home/mparadow/Desktop/ROS2_tutorial/ros2_ws/install/turtlesim/include/turtlesim/turtlesim/srv/spawn.hpp
[9.260s] -- Up-to-date: /home/mparadow/Desktop/ROS2_tutorial/ros2_ws/install/turtlesim/include/turtlesim/turtlesim/srv/detail
[9.260s] -- Installing: /home/mparadow/Desktop/ROS2_tutorial/ros2_ws/install/turtlesim/include/turtlesim/turtlesim/srv/detail/teleport_relative__traits.hpp
[9.260s] -- Installing: /home/mparadow/Desktop/ROS2_tutorial/ros2_ws/install/turtlesim/include/turtlesim/turtlesim/srv/detail/kill__type_support.hpp
[9.260s] -- Installing: /home/mparadow/Desktop/ROS2_tutorial/ros2_ws/install/turtlesim/include/turtlesim/turtlesim/srv/detail/set_pen__type_support.hpp
[9.260s] -- Installing: /home/mparadow/Desktop/ROS2_tutorial/ros2_ws/install/turtlesim/include/turtlesim/turtlesim/srv/detail/teleport_absolute__struct.hpp
[9.260s] -- Installing: /home/mparadow/Desktop/ROS2_tutorial/ros2_ws/install/turtlesim/include/turtlesim/turtlesim/srv/detail/spawn__traits.hpp
[9.260s] -- Installing: /home/mparadow/Desktop/ROS2_tutorial/ros2_ws/install/turtlesim/include/turtlesim/turtlesim/srv/detail/teleport_absolute__builder.hpp
[9.260s] -- Installing: /home/mparadow/Desktop/ROS2_tutorial/ros2_ws/install/turtlesim/include/turtlesim/turtlesim/srv/detail/set_pen__struct.hpp
[9.260s] -- Installing: /home/mparadow/Desktop/ROS2_tutorial/ros2_ws/install/turtlesim/include/turtlesim/turtlesim/srv/detail/set_pen__traits.hpp
[9.260s] -- Installing: /home/mparadow/Desktop/ROS2_tutorial/ros2_ws/install/turtlesim/include/turtlesim/turtlesim/srv/detail/spawn__type_support.hpp
[9.260s] -- Installing: /home/mparadow/Desktop/ROS2_tutorial/ros2_ws/install/turtlesim/include/turtlesim/turtlesim/srv/detail/set_pen__builder.hpp
[9.260s] -- Installing: /home/mparadow/Desktop/ROS2_tutorial/ros2_ws/install/turtlesim/include/turtlesim/turtlesim/srv/detail/kill__builder.hpp
[9.260s] -- Installing: /home/mparadow/Desktop/ROS2_tutorial/ros2_ws/install/turtlesim/include/turtlesim/turtlesim/srv/detail/spawn__builder.hpp
[9.260s] -- Installing: /home/mparadow/Desktop/ROS2_tutorial/ros2_ws/install/turtlesim/include/turtlesim/turtlesim/srv/detail/teleport_absolute__type_support.hpp
[9.260s] -- Installing: /home/mparadow/Desktop/ROS2_tutorial/ros2_ws/install/turtlesim/include/turtlesim/turtlesim/srv/detail/teleport_relative__type_support.hpp
[9.260s] -- Installing: /home/mparadow/Desktop/ROS2_tutorial/ros2_ws/install/turtlesim/include/turtlesim/turtlesim/srv/detail/kill__struct.hpp
[9.260s] -- Installing: /home/mparadow/Desktop/ROS2_tutorial/ros2_ws/install/turtlesim/include/turtlesim/turtlesim/srv/detail/teleport_absolute__traits.hpp
[9.261s] -- Installing: /home/mparadow/Desktop/ROS2_tutorial/ros2_ws/install/turtlesim/include/turtlesim/turtlesim/srv/detail/teleport_relative__struct.hpp
[9.261s] -- Installing: /home/mparadow/Desktop/ROS2_tutorial/ros2_ws/install/turtlesim/include/turtlesim/turtlesim/srv/detail/spawn__struct.hpp
[9.261s] -- Installing: /home/mparadow/Desktop/ROS2_tutorial/ros2_ws/install/turtlesim/include/turtlesim/turtlesim/srv/detail/kill__traits.hpp
[9.261s] -- Installing: /home/mparadow/Desktop/ROS2_tutorial/ros2_ws/install/turtlesim/include/turtlesim/turtlesim/srv/detail/teleport_relative__builder.hpp
[9.261s] -- Up-to-date: /home/mparadow/Desktop/ROS2_tutorial/ros2_ws/install/turtlesim/include/turtlesim/turtlesim
[9.261s] -- Up-to-date: /home/mparadow/Desktop/ROS2_tutorial/ros2_ws/install/turtlesim/include/turtlesim/turtlesim/msg
[9.261s] -- Installing: /home/mparadow/Desktop/ROS2_tutorial/ros2_ws/install/turtlesim/include/turtlesim/turtlesim/msg/rosidl_typesupport_fastrtps_cpp__visibility_control.h
[9.261s] -- Up-to-date: /home/mparadow/Desktop/ROS2_tutorial/ros2_ws/install/turtlesim/include/turtlesim/turtlesim/msg/detail
[9.261s] -- Installing: /home/mparadow/Desktop/ROS2_tutorial/ros2_ws/install/turtlesim/include/turtlesim/turtlesim/msg/detail/pose__rosidl_typesupport_fastrtps_cpp.hpp
[9.261s] -- Installing: /home/mparadow/Desktop/ROS2_tutorial/ros2_ws/install/turtlesim/include/turtlesim/turtlesim/msg/detail/color__rosidl_typesupport_fastrtps_cpp.hpp
[9.261s] -- Installing: /home/mparadow/Desktop/ROS2_tutorial/ros2_ws/install/turtlesim/include/turtlesim/turtlesim/msg/detail/dds_fastrtps
[9.261s] -- Up-to-date: /home/mparadow/Desktop/ROS2_tutorial/ros2_ws/install/turtlesim/include/turtlesim/turtlesim/action
[9.261s] -- Up-to-date: /home/mparadow/Desktop/ROS2_tutorial/ros2_ws/install/turtlesim/include/turtlesim/turtlesim/action/detail
[9.261s] -- Installing: /home/mparadow/Desktop/ROS2_tutorial/ros2_ws/install/turtlesim/include/turtlesim/turtlesim/action/detail/dds_fastrtps
[9.261s] -- Installing: /home/mparadow/Desktop/ROS2_tutorial/ros2_ws/install/turtlesim/include/turtlesim/turtlesim/action/detail/rotate_absolute__rosidl_typesupport_fastrtps_cpp.hpp
[9.261s] -- Up-to-date: /home/mparadow/Desktop/ROS2_tutorial/ros2_ws/install/turtlesim/include/turtlesim/turtlesim/srv
[9.261s] -- Up-to-date: /home/mparadow/Desktop/ROS2_tutorial/ros2_ws/install/turtlesim/include/turtlesim/turtlesim/srv/detail
[9.261s] -- Installing: /home/mparadow/Desktop/ROS2_tutorial/ros2_ws/install/turtlesim/include/turtlesim/turtlesim/srv/detail/set_pen__rosidl_typesupport_fastrtps_cpp.hpp
[9.261s] -- Installing: /home/mparadow/Desktop/ROS2_tutorial/ros2_ws/install/turtlesim/include/turtlesim/turtlesim/srv/detail/spawn__rosidl_typesupport_fastrtps_cpp.hpp
[9.261s] -- Installing: /home/mparadow/Desktop/ROS2_tutorial/ros2_ws/install/turtlesim/include/turtlesim/turtlesim/srv/detail/teleport_relative__rosidl_typesupport_fastrtps_cpp.hpp
[9.261s] -- Installing: /home/mparadow/Desktop/ROS2_tutorial/ros2_ws/install/turtlesim/include/turtlesim/turtlesim/srv/detail/kill__rosidl_typesupport_fastrtps_cpp.hpp
[9.261s] -- Installing: /home/mparadow/Desktop/ROS2_tutorial/ros2_ws/install/turtlesim/include/turtlesim/turtlesim/srv/detail/teleport_absolute__rosidl_typesupport_fastrtps_cpp.hpp
[9.261s] -- Installing: /home/mparadow/Desktop/ROS2_tutorial/ros2_ws/install/turtlesim/include/turtlesim/turtlesim/srv/detail/dds_fastrtps
[9.261s] -- Installing: /home/mparadow/Desktop/ROS2_tutorial/ros2_ws/install/turtlesim/lib/libturtlesim__rosidl_typesupport_fastrtps_cpp.so
[9.261s] -- Set runtime path of "/home/mparadow/Desktop/ROS2_tutorial/ros2_ws/install/turtlesim/lib/libturtlesim__rosidl_typesupport_fastrtps_cpp.so" to ""
[9.261s] -- Up-to-date: /home/mparadow/Desktop/ROS2_tutorial/ros2_ws/install/turtlesim/include/turtlesim/turtlesim
[9.261s] -- Up-to-date: /home/mparadow/Desktop/ROS2_tutorial/ros2_ws/install/turtlesim/include/turtlesim/turtlesim/msg
[9.261s] -- Installing: /home/mparadow/Desktop/ROS2_tutorial/ros2_ws/install/turtlesim/include/turtlesim/turtlesim/msg/rosidl_typesupport_introspection_c__visibility_control.h
[9.261s] -- Up-to-date: /home/mparadow/Desktop/ROS2_tutorial/ros2_ws/install/turtlesim/include/turtlesim/turtlesim/msg/detail
[9.261s] -- Installing: /home/mparadow/Desktop/ROS2_tutorial/ros2_ws/install/turtlesim/include/turtlesim/turtlesim/msg/detail/pose__rosidl_typesupport_introspection_c.h
[9.261s] -- Installing: /home/mparadow/Desktop/ROS2_tutorial/ros2_ws/install/turtlesim/include/turtlesim/turtlesim/msg/detail/color__rosidl_typesupport_introspection_c.h
[9.261s] -- Installing: /home/mparadow/Desktop/ROS2_tutorial/ros2_ws/install/turtlesim/include/turtlesim/turtlesim/msg/detail/pose__type_support.c
[9.261s] -- Installing: /home/mparadow/Desktop/ROS2_tutorial/ros2_ws/install/turtlesim/include/turtlesim/turtlesim/msg/detail/color__type_support.c
[9.261s] -- Up-to-date: /home/mparadow/Desktop/ROS2_tutorial/ros2_ws/install/turtlesim/include/turtlesim/turtlesim/action
[9.261s] -- Up-to-date: /home/mparadow/Desktop/ROS2_tutorial/ros2_ws/install/turtlesim/include/turtlesim/turtlesim/action/detail
[9.262s] -- Installing: /home/mparadow/Desktop/ROS2_tutorial/ros2_ws/install/turtlesim/include/turtlesim/turtlesim/action/detail/rotate_absolute__type_support.c
[9.262s] -- Installing: /home/mparadow/Desktop/ROS2_tutorial/ros2_ws/install/turtlesim/include/turtlesim/turtlesim/action/detail/rotate_absolute__rosidl_typesupport_introspection_c.h
[9.262s] -- Up-to-date: /home/mparadow/Desktop/ROS2_tutorial/ros2_ws/install/turtlesim/include/turtlesim/turtlesim/srv
[9.262s] -- Up-to-date: /home/mparadow/Desktop/ROS2_tutorial/ros2_ws/install/turtlesim/include/turtlesim/turtlesim/srv/detail
[9.262s] -- Installing: /home/mparadow/Desktop/ROS2_tutorial/ros2_ws/install/turtlesim/include/turtlesim/turtlesim/srv/detail/set_pen__type_support.c
[9.262s] -- Installing: /home/mparadow/Desktop/ROS2_tutorial/ros2_ws/install/turtlesim/include/turtlesim/turtlesim/srv/detail/teleport_relative__type_support.c
[9.262s] -- Installing: /home/mparadow/Desktop/ROS2_tutorial/ros2_ws/install/turtlesim/include/turtlesim/turtlesim/srv/detail/teleport_relative__rosidl_typesupport_introspection_c.h
[9.262s] -- Installing: /home/mparadow/Desktop/ROS2_tutorial/ros2_ws/install/turtlesim/include/turtlesim/turtlesim/srv/detail/set_pen__rosidl_typesupport_introspection_c.h
[9.262s] -- Installing: /home/mparadow/Desktop/ROS2_tutorial/ros2_ws/install/turtlesim/include/turtlesim/turtlesim/srv/detail/spawn__rosidl_typesupport_introspection_c.h
[9.262s] -- Installing: /home/mparadow/Desktop/ROS2_tutorial/ros2_ws/install/turtlesim/include/turtlesim/turtlesim/srv/detail/kill__type_support.c
[9.262s] -- Installing: /home/mparadow/Desktop/ROS2_tutorial/ros2_ws/install/turtlesim/include/turtlesim/turtlesim/srv/detail/spawn__type_support.c
[9.262s] -- Installing: /home/mparadow/Desktop/ROS2_tutorial/ros2_ws/install/turtlesim/include/turtlesim/turtlesim/srv/detail/teleport_absolute__type_support.c
[9.262s] -- Installing: /home/mparadow/Desktop/ROS2_tutorial/ros2_ws/install/turtlesim/include/turtlesim/turtlesim/srv/detail/kill__rosidl_typesupport_introspection_c.h
[9.262s] -- Installing: /home/mparadow/Desktop/ROS2_tutorial/ros2_ws/install/turtlesim/include/turtlesim/turtlesim/srv/detail/teleport_absolute__rosidl_typesupport_introspection_c.h
[9.262s] -- Installing: /home/mparadow/Desktop/ROS2_tutorial/ros2_ws/install/turtlesim/lib/libturtlesim__rosidl_typesupport_introspection_c.so
[9.262s] -- Set runtime path of "/home/mparadow/Desktop/ROS2_tutorial/ros2_ws/install/turtlesim/lib/libturtlesim__rosidl_typesupport_introspection_c.so" to ""
[9.262s] -- Installing: /home/mparadow/Desktop/ROS2_tutorial/ros2_ws/install/turtlesim/lib/libturtlesim__rosidl_typesupport_c.so
[9.262s] -- Set runtime path of "/home/mparadow/Desktop/ROS2_tutorial/ros2_ws/install/turtlesim/lib/libturtlesim__rosidl_typesupport_c.so" to ""
[9.262s] -- Up-to-date: /home/mparadow/Desktop/ROS2_tutorial/ros2_ws/install/turtlesim/include/turtlesim/turtlesim
[9.262s] -- Up-to-date: /home/mparadow/Desktop/ROS2_tutorial/ros2_ws/install/turtlesim/include/turtlesim/turtlesim/msg
[9.262s] -- Up-to-date: /home/mparadow/Desktop/ROS2_tutorial/ros2_ws/install/turtlesim/include/turtlesim/turtlesim/msg/detail
[9.262s] -- Installing: /home/mparadow/Desktop/ROS2_tutorial/ros2_ws/install/turtlesim/include/turtlesim/turtlesim/msg/detail/color__rosidl_typesupport_introspection_cpp.hpp
[9.262s] -- Installing: /home/mparadow/Desktop/ROS2_tutorial/ros2_ws/install/turtlesim/include/turtlesim/turtlesim/msg/detail/pose__type_support.cpp
[9.262s] -- Installing: /home/mparadow/Desktop/ROS2_tutorial/ros2_ws/install/turtlesim/include/turtlesim/turtlesim/msg/detail/color__type_support.cpp
[9.262s] -- Installing: /home/mparadow/Desktop/ROS2_tutorial/ros2_ws/install/turtlesim/include/turtlesim/turtlesim/msg/detail/pose__rosidl_typesupport_introspection_cpp.hpp
[9.262s] -- Up-to-date: /home/mparadow/Desktop/ROS2_tutorial/ros2_ws/install/turtlesim/include/turtlesim/turtlesim/action
[9.262s] -- Up-to-date: /home/mparadow/Desktop/ROS2_tutorial/ros2_ws/install/turtlesim/include/turtlesim/turtlesim/action/detail
[9.262s] -- Installing: /home/mparadow/Desktop/ROS2_tutorial/ros2_ws/install/turtlesim/include/turtlesim/turtlesim/action/detail/rotate_absolute__type_support.cpp
[9.262s] -- Installing: /home/mparadow/Desktop/ROS2_tutorial/ros2_ws/install/turtlesim/include/turtlesim/turtlesim/action/detail/rotate_absolute__rosidl_typesupport_introspection_cpp.hpp
[9.263s] -- Up-to-date: /home/mparadow/Desktop/ROS2_tutorial/ros2_ws/install/turtlesim/include/turtlesim/turtlesim/srv
[9.263s] -- Up-to-date: /home/mparadow/Desktop/ROS2_tutorial/ros2_ws/install/turtlesim/include/turtlesim/turtlesim/srv/detail
[9.263s] -- Installing: /home/mparadow/Desktop/ROS2_tutorial/ros2_ws/install/turtlesim/include/turtlesim/turtlesim/srv/detail/spawn__type_support.cpp
[9.263s] -- Installing: /home/mparadow/Desktop/ROS2_tutorial/ros2_ws/install/turtlesim/include/turtlesim/turtlesim/srv/detail/kill__type_support.cpp
[9.263s] -- Installing: /home/mparadow/Desktop/ROS2_tutorial/ros2_ws/install/turtlesim/include/turtlesim/turtlesim/srv/detail/set_pen__type_support.cpp
[9.263s] -- Installing: /home/mparadow/Desktop/ROS2_tutorial/ros2_ws/install/turtlesim/include/turtlesim/turtlesim/srv/detail/teleport_relative__type_support.cpp
[9.263s] -- Installing: /home/mparadow/Desktop/ROS2_tutorial/ros2_ws/install/turtlesim/include/turtlesim/turtlesim/srv/detail/teleport_absolute__rosidl_typesupport_introspection_cpp.hpp
[9.263s] -- Installing: /home/mparadow/Desktop/ROS2_tutorial/ros2_ws/install/turtlesim/include/turtlesim/turtlesim/srv/detail/kill__rosidl_typesupport_introspection_cpp.hpp
[9.263s] -- Installing: /home/mparadow/Desktop/ROS2_tutorial/ros2_ws/install/turtlesim/include/turtlesim/turtlesim/srv/detail/teleport_relative__rosidl_typesupport_introspection_cpp.hpp
[9.263s] -- Installing: /home/mparadow/Desktop/ROS2_tutorial/ros2_ws/install/turtlesim/include/turtlesim/turtlesim/srv/detail/teleport_absolute__type_support.cpp
[9.263s] -- Installing: /home/mparadow/Desktop/ROS2_tutorial/ros2_ws/install/turtlesim/include/turtlesim/turtlesim/srv/detail/set_pen__rosidl_typesupport_introspection_cpp.hpp
[9.263s] -- Installing: /home/mparadow/Desktop/ROS2_tutorial/ros2_ws/install/turtlesim/include/turtlesim/turtlesim/srv/detail/spawn__rosidl_typesupport_introspection_cpp.hpp
[9.263s] -- Installing: /home/mparadow/Desktop/ROS2_tutorial/ros2_ws/install/turtlesim/lib/libturtlesim__rosidl_typesupport_introspection_cpp.so
[9.263s] -- Set runtime path of "/home/mparadow/Desktop/ROS2_tutorial/ros2_ws/install/turtlesim/lib/libturtlesim__rosidl_typesupport_introspection_cpp.so" to ""
[9.263s] -- Installing: /home/mparadow/Desktop/ROS2_tutorial/ros2_ws/install/turtlesim/lib/libturtlesim__rosidl_typesupport_cpp.so
[9.263s] -- Set runtime path of "/home/mparadow/Desktop/ROS2_tutorial/ros2_ws/install/turtlesim/lib/libturtlesim__rosidl_typesupport_cpp.so" to ""
[9.263s] -- Installing: /home/mparadow/Desktop/ROS2_tutorial/ros2_ws/install/turtlesim/share/turtlesim/environment/pythonpath.sh
[9.263s] -- Installing: /home/mparadow/Desktop/ROS2_tutorial/ros2_ws/install/turtlesim/share/turtlesim/environment/pythonpath.dsv
[9.263s] -- Installing: /home/mparadow/Desktop/ROS2_tutorial/ros2_ws/install/turtlesim/local/lib/python3.10/dist-packages/turtlesim-1.4.2-py3.10.egg-info
[9.263s] -- Installing: /home/mparadow/Desktop/ROS2_tutorial/ros2_ws/install/turtlesim/local/lib/python3.10/dist-packages/turtlesim-1.4.2-py3.10.egg-info/SOURCES.txt
[9.263s] -- Installing: /home/mparadow/Desktop/ROS2_tutorial/ros2_ws/install/turtlesim/local/lib/python3.10/dist-packages/turtlesim-1.4.2-py3.10.egg-info/dependency_links.txt
[9.263s] -- Installing: /home/mparadow/Desktop/ROS2_tutorial/ros2_ws/install/turtlesim/local/lib/python3.10/dist-packages/turtlesim-1.4.2-py3.10.egg-info/top_level.txt
[9.263s] -- Installing: /home/mparadow/Desktop/ROS2_tutorial/ros2_ws/install/turtlesim/local/lib/python3.10/dist-packages/turtlesim-1.4.2-py3.10.egg-info/PKG-INFO
[9.263s] -- Installing: /home/mparadow/Desktop/ROS2_tutorial/ros2_ws/install/turtlesim/local/lib/python3.10/dist-packages/turtlesim
[9.263s] -- Installing: /home/mparadow/Desktop/ROS2_tutorial/ros2_ws/install/turtlesim/local/lib/python3.10/dist-packages/turtlesim/turtlesim_s__rosidl_typesupport_introspection_c.cpython-310-x86_64-linux-gnu.so
[9.263s] -- Installing: /home/mparadow/Desktop/ROS2_tutorial/ros2_ws/install/turtlesim/local/lib/python3.10/dist-packages/turtlesim/msg
[9.263s] -- Installing: /home/mparadow/Desktop/ROS2_tutorial/ros2_ws/install/turtlesim/local/lib/python3.10/dist-packages/turtlesim/msg/_color.py
[9.263s] -- Installing: /home/mparadow/Desktop/ROS2_tutorial/ros2_ws/install/turtlesim/local/lib/python3.10/dist-packages/turtlesim/msg/_pose_s.c
[9.264s] -- Installing: /home/mparadow/Desktop/ROS2_tutorial/ros2_ws/install/turtlesim/local/lib/python3.10/dist-packages/turtlesim/msg/_color_s.c
[9.264s] -- Installing: /home/mparadow/Desktop/ROS2_tutorial/ros2_ws/install/turtlesim/local/lib/python3.10/dist-packages/turtlesim/msg/_pose.py
[9.264s] -- Installing: /home/mparadow/Desktop/ROS2_tutorial/ros2_ws/install/turtlesim/local/lib/python3.10/dist-packages/turtlesim/msg/__init__.py
[9.264s] -- Installing: /home/mparadow/Desktop/ROS2_tutorial/ros2_ws/install/turtlesim/local/lib/python3.10/dist-packages/turtlesim/_turtlesim_s.ep.rosidl_typesupport_fastrtps_c.c
[9.264s] -- Installing: /home/mparadow/Desktop/ROS2_tutorial/ros2_ws/install/turtlesim/local/lib/python3.10/dist-packages/turtlesim/action
[9.264s] -- Installing: /home/mparadow/Desktop/ROS2_tutorial/ros2_ws/install/turtlesim/local/lib/python3.10/dist-packages/turtlesim/action/_rotate_absolute.py
[9.264s] -- Installing: /home/mparadow/Desktop/ROS2_tutorial/ros2_ws/install/turtlesim/local/lib/python3.10/dist-packages/turtlesim/action/_rotate_absolute_s.c
[9.264s] -- Installing: /home/mparadow/Desktop/ROS2_tutorial/ros2_ws/install/turtlesim/local/lib/python3.10/dist-packages/turtlesim/action/__init__.py
[9.264s] -- Installing: /home/mparadow/Desktop/ROS2_tutorial/ros2_ws/install/turtlesim/local/lib/python3.10/dist-packages/turtlesim/turtlesim_s__rosidl_typesupport_c.cpython-310-x86_64-linux-gnu.so
[9.264s] -- Installing: /home/mparadow/Desktop/ROS2_tutorial/ros2_ws/install/turtlesim/local/lib/python3.10/dist-packages/turtlesim/_turtlesim_s.ep.rosidl_typesupport_introspection_c.c
[9.264s] -- Installing: /home/mparadow/Desktop/ROS2_tutorial/ros2_ws/install/turtlesim/local/lib/python3.10/dist-packages/turtlesim/_turtlesim_s.ep.rosidl_typesupport_c.c
[9.264s] -- Installing: /home/mparadow/Desktop/ROS2_tutorial/ros2_ws/install/turtlesim/local/lib/python3.10/dist-packages/turtlesim/__init__.py
[9.264s] -- Installing: /home/mparadow/Desktop/ROS2_tutorial/ros2_ws/install/turtlesim/local/lib/python3.10/dist-packages/turtlesim/libturtlesim__rosidl_generator_py.so
[9.264s] -- Installing: /home/mparadow/Desktop/ROS2_tutorial/ros2_ws/install/turtlesim/local/lib/python3.10/dist-packages/turtlesim/srv
[9.264s] -- Installing: /home/mparadow/Desktop/ROS2_tutorial/ros2_ws/install/turtlesim/local/lib/python3.10/dist-packages/turtlesim/srv/_kill_s.c
[9.264s] -- Installing: /home/mparadow/Desktop/ROS2_tutorial/ros2_ws/install/turtlesim/local/lib/python3.10/dist-packages/turtlesim/srv/_teleport_absolute.py
[9.264s] -- Installing: /home/mparadow/Desktop/ROS2_tutorial/ros2_ws/install/turtlesim/local/lib/python3.10/dist-packages/turtlesim/srv/_set_pen.py
[9.264s] -- Installing: /home/mparadow/Desktop/ROS2_tutorial/ros2_ws/install/turtlesim/local/lib/python3.10/dist-packages/turtlesim/srv/_teleport_relative.py
[9.264s] -- Installing: /home/mparadow/Desktop/ROS2_tutorial/ros2_ws/install/turtlesim/local/lib/python3.10/dist-packages/turtlesim/srv/_kill.py
[9.264s] -- Installing: /home/mparadow/Desktop/ROS2_tutorial/ros2_ws/install/turtlesim/local/lib/python3.10/dist-packages/turtlesim/srv/_spawn.py
[9.264s] -- Installing: /home/mparadow/Desktop/ROS2_tutorial/ros2_ws/install/turtlesim/local/lib/python3.10/dist-packages/turtlesim/srv/_teleport_relative_s.c
[9.264s] -- Installing: /home/mparadow/Desktop/ROS2_tutorial/ros2_ws/install/turtlesim/local/lib/python3.10/dist-packages/turtlesim/srv/_spawn_s.c
[9.264s] -- Installing: /home/mparadow/Desktop/ROS2_tutorial/ros2_ws/install/turtlesim/local/lib/python3.10/dist-packages/turtlesim/srv/_teleport_absolute_s.c
[9.264s] -- Installing: /home/mparadow/Desktop/ROS2_tutorial/ros2_ws/install/turtlesim/local/lib/python3.10/dist-packages/turtlesim/srv/__init__.py
[9.264s] -- Installing: /home/mparadow/Desktop/ROS2_tutorial/ros2_ws/install/turtlesim/local/lib/python3.10/dist-packages/turtlesim/srv/_set_pen_s.c
[9.264s] -- Installing: /home/mparadow/Desktop/ROS2_tutorial/ros2_ws/install/turtlesim/local/lib/python3.10/dist-packages/turtlesim/turtlesim_s__rosidl_typesupport_fastrtps_c.cpython-310-x86_64-linux-gnu.so
[9.291s] Listing '/home/mparadow/Desktop/ROS2_tutorial/ros2_ws/install/turtlesim/local/lib/python3.10/dist-packages/turtlesim'...
[9.291s] Compiling '/home/mparadow/Desktop/ROS2_tutorial/ros2_ws/install/turtlesim/local/lib/python3.10/dist-packages/turtlesim/__init__.py'...
[9.291s] Listing '/home/mparadow/Desktop/ROS2_tutorial/ros2_ws/install/turtlesim/local/lib/python3.10/dist-packages/turtlesim/action'...
[9.291s] Compiling '/home/mparadow/Desktop/ROS2_tutorial/ros2_ws/install/turtlesim/local/lib/python3.10/dist-packages/turtlesim/action/__init__.py'...
[9.291s] Compiling '/home/mparadow/Desktop/ROS2_tutorial/ros2_ws/install/turtlesim/local/lib/python3.10/dist-packages/turtlesim/action/_rotate_absolute.py'...
[9.291s] Listing '/home/mparadow/Desktop/ROS2_tutorial/ros2_ws/install/turtlesim/local/lib/python3.10/dist-packages/turtlesim/msg'...
[9.291s] Compiling '/home/mparadow/Desktop/ROS2_tutorial/ros2_ws/install/turtlesim/local/lib/python3.10/dist-packages/turtlesim/msg/__init__.py'...
[9.291s] Compiling '/home/mparadow/Desktop/ROS2_tutorial/ros2_ws/install/turtlesim/local/lib/python3.10/dist-packages/turtlesim/msg/_color.py'...
[9.291s] Compiling '/home/mparadow/Desktop/ROS2_tutorial/ros2_ws/install/turtlesim/local/lib/python3.10/dist-packages/turtlesim/msg/_pose.py'...
[9.291s] Listing '/home/mparadow/Desktop/ROS2_tutorial/ros2_ws/install/turtlesim/local/lib/python3.10/dist-packages/turtlesim/srv'...
[9.291s] Compiling '/home/mparadow/Desktop/ROS2_tutorial/ros2_ws/install/turtlesim/local/lib/python3.10/dist-packages/turtlesim/srv/__init__.py'...
[9.291s] Compiling '/home/mparadow/Desktop/ROS2_tutorial/ros2_ws/install/turtlesim/local/lib/python3.10/dist-packages/turtlesim/srv/_kill.py'...
[9.292s] Compiling '/home/mparadow/Desktop/ROS2_tutorial/ros2_ws/install/turtlesim/local/lib/python3.10/dist-packages/turtlesim/srv/_set_pen.py'...
[9.292s] Compiling '/home/mparadow/Desktop/ROS2_tutorial/ros2_ws/install/turtlesim/local/lib/python3.10/dist-packages/turtlesim/srv/_spawn.py'...
[9.292s] Compiling '/home/mparadow/Desktop/ROS2_tutorial/ros2_ws/install/turtlesim/local/lib/python3.10/dist-packages/turtlesim/srv/_teleport_absolute.py'...
[9.292s] Compiling '/home/mparadow/Desktop/ROS2_tutorial/ros2_ws/install/turtlesim/local/lib/python3.10/dist-packages/turtlesim/srv/_teleport_relative.py'...
[9.293s] -- Installing: /home/mparadow/Desktop/ROS2_tutorial/ros2_ws/install/turtlesim/local/lib/python3.10/dist-packages/turtlesim/turtlesim_s__rosidl_typesupport_fastrtps_c.cpython-310-x86_64-linux-gnu.so
[9.293s] -- Set runtime path of "/home/mparadow/Desktop/ROS2_tutorial/ros2_ws/install/turtlesim/local/lib/python3.10/dist-packages/turtlesim/turtlesim_s__rosidl_typesupport_fastrtps_c.cpython-310-x86_64-linux-gnu.so" to ""
[9.294s] -- Installing: /home/mparadow/Desktop/ROS2_tutorial/ros2_ws/install/turtlesim/local/lib/python3.10/dist-packages/turtlesim/turtlesim_s__rosidl_typesupport_introspection_c.cpython-310-x86_64-linux-gnu.so
[9.294s] -- Set runtime path of "/home/mparadow/Desktop/ROS2_tutorial/ros2_ws/install/turtlesim/local/lib/python3.10/dist-packages/turtlesim/turtlesim_s__rosidl_typesupport_introspection_c.cpython-310-x86_64-linux-gnu.so" to ""
[9.294s] -- Installing: /home/mparadow/Desktop/ROS2_tutorial/ros2_ws/install/turtlesim/local/lib/python3.10/dist-packages/turtlesim/turtlesim_s__rosidl_typesupport_c.cpython-310-x86_64-linux-gnu.so
[9.294s] -- Set runtime path of "/home/mparadow/Desktop/ROS2_tutorial/ros2_ws/install/turtlesim/local/lib/python3.10/dist-packages/turtlesim/turtlesim_s__rosidl_typesupport_c.cpython-310-x86_64-linux-gnu.so" to ""
[9.294s] -- Installing: /home/mparadow/Desktop/ROS2_tutorial/ros2_ws/install/turtlesim/lib/libturtlesim__rosidl_generator_py.so
[9.294s] -- Set runtime path of "/home/mparadow/Desktop/ROS2_tutorial/ros2_ws/install/turtlesim/lib/libturtlesim__rosidl_generator_py.so" to ""
[9.294s] -- Installing: /home/mparadow/Desktop/ROS2_tutorial/ros2_ws/install/turtlesim/share/turtlesim/action/RotateAbsolute.idl
[9.294s] -- Installing: /home/mparadow/Desktop/ROS2_tutorial/ros2_ws/install/turtlesim/share/turtlesim/msg/Color.idl
[9.294s] -- Installing: /home/mparadow/Desktop/ROS2_tutorial/ros2_ws/install/turtlesim/share/turtlesim/msg/Pose.idl
[9.294s] -- Installing: /home/mparadow/Desktop/ROS2_tutorial/ros2_ws/install/turtlesim/share/turtlesim/srv/Kill.idl
[9.294s] -- Installing: /home/mparadow/Desktop/ROS2_tutorial/ros2_ws/install/turtlesim/share/turtlesim/srv/SetPen.idl
[9.294s] -- Installing: /home/mparadow/Desktop/ROS2_tutorial/ros2_ws/install/turtlesim/share/turtlesim/srv/Spawn.idl
[9.294s] -- Installing: /home/mparadow/Desktop/ROS2_tutorial/ros2_ws/install/turtlesim/share/turtlesim/srv/TeleportAbsolute.idl
[9.294s] -- Installing: /home/mparadow/Desktop/ROS2_tutorial/ros2_ws/install/turtlesim/share/turtlesim/srv/TeleportRelative.idl
[9.294s] -- Installing: /home/mparadow/Desktop/ROS2_tutorial/ros2_ws/install/turtlesim/share/turtlesim/action/RotateAbsolute.action
[9.294s] -- Installing: /home/mparadow/Desktop/ROS2_tutorial/ros2_ws/install/turtlesim/share/turtlesim/msg/Color.msg
[9.294s] -- Installing: /home/mparadow/Desktop/ROS2_tutorial/ros2_ws/install/turtlesim/share/turtlesim/msg/Pose.msg
[9.294s] -- Installing: /home/mparadow/Desktop/ROS2_tutorial/ros2_ws/install/turtlesim/share/turtlesim/srv/Kill.srv
[9.294s] -- Installing: /home/mparadow/Desktop/ROS2_tutorial/ros2_ws/install/turtlesim/share/turtlesim/srv/Kill_Request.msg
[9.294s] -- Installing: /home/mparadow/Desktop/ROS2_tutorial/ros2_ws/install/turtlesim/share/turtlesim/srv/Kill_Response.msg
[9.294s] -- Installing: /home/mparadow/Desktop/ROS2_tutorial/ros2_ws/install/turtlesim/share/turtlesim/srv/SetPen.srv
[9.295s] -- Installing: /home/mparadow/Desktop/ROS2_tutorial/ros2_ws/install/turtlesim/share/turtlesim/srv/SetPen_Request.msg
[9.295s] -- Installing: /home/mparadow/Desktop/ROS2_tutorial/ros2_ws/install/turtlesim/share/turtlesim/srv/SetPen_Response.msg
[9.295s] -- Installing: /home/mparadow/Desktop/ROS2_tutorial/ros2_ws/install/turtlesim/share/turtlesim/srv/Spawn.srv
[9.295s] -- Installing: /home/mparadow/Desktop/ROS2_tutorial/ros2_ws/install/turtlesim/share/turtlesim/srv/Spawn_Request.msg
[9.295s] -- Installing: /home/mparadow/Desktop/ROS2_tutorial/ros2_ws/install/turtlesim/share/turtlesim/srv/Spawn_Response.msg
[9.295s] -- Installing: /home/mparadow/Desktop/ROS2_tutorial/ros2_ws/install/turtlesim/share/turtlesim/srv/TeleportAbsolute.srv
[9.295s] -- Installing: /home/mparadow/Desktop/ROS2_tutorial/ros2_ws/install/turtlesim/share/turtlesim/srv/TeleportAbsolute_Request.msg
[9.295s] -- Installing: /home/mparadow/Desktop/ROS2_tutorial/ros2_ws/install/turtlesim/share/turtlesim/srv/TeleportAbsolute_Response.msg
[9.295s] -- Installing: /home/mparadow/Desktop/ROS2_tutorial/ros2_ws/install/turtlesim/share/turtlesim/srv/TeleportRelative.srv
[9.295s] -- Installing: /home/mparadow/Desktop/ROS2_tutorial/ros2_ws/install/turtlesim/share/turtlesim/srv/TeleportRelative_Request.msg
[9.295s] -- Installing: /home/mparadow/Desktop/ROS2_tutorial/ros2_ws/install/turtlesim/share/turtlesim/srv/TeleportRelative_Response.msg
[9.295s] -- Installing: /home/mparadow/Desktop/ROS2_tutorial/ros2_ws/install/turtlesim/lib/turtlesim/turtlesim_node
[9.298s] -- Set runtime path of "/home/mparadow/Desktop/ROS2_tutorial/ros2_ws/install/turtlesim/lib/turtlesim/turtlesim_node" to ""
[9.298s] -- Installing: /home/mparadow/Desktop/ROS2_tutorial/ros2_ws/install/turtlesim/lib/turtlesim/turtle_teleop_key
[9.298s] -- Set runtime path of "/home/mparadow/Desktop/ROS2_tutorial/ros2_ws/install/turtlesim/lib/turtlesim/turtle_teleop_key" to ""
[9.298s] -- Installing: /home/mparadow/Desktop/ROS2_tutorial/ros2_ws/install/turtlesim/lib/turtlesim/draw_square
[9.300s] -- Set runtime path of "/home/mparadow/Desktop/ROS2_tutorial/ros2_ws/install/turtlesim/lib/turtlesim/draw_square" to ""
[9.300s] -- Installing: /home/mparadow/Desktop/ROS2_tutorial/ros2_ws/install/turtlesim/lib/turtlesim/mimic
[9.301s] -- Set runtime path of "/home/mparadow/Desktop/ROS2_tutorial/ros2_ws/install/turtlesim/lib/turtlesim/mimic" to ""
[9.301s] -- Installing: /home/mparadow/Desktop/ROS2_tutorial/ros2_ws/install/turtlesim/share/turtlesim/images
[9.301s] -- Installing: /home/mparadow/Desktop/ROS2_tutorial/ros2_ws/install/turtlesim/share/turtlesim/images/galactic.png
[9.301s] -- Installing: /home/mparadow/Desktop/ROS2_tutorial/ros2_ws/install/turtlesim/share/turtlesim/images/ardent.png
[9.301s] -- Installing: /home/mparadow/Desktop/ROS2_tutorial/ros2_ws/install/turtlesim/share/turtlesim/images/humble.png
[9.301s] -- Installing: /home/mparadow/Desktop/ROS2_tutorial/ros2_ws/install/turtlesim/share/turtlesim/images/bouncy.png
[9.301s] -- Installing: /home/mparadow/Desktop/ROS2_tutorial/ros2_ws/install/turtlesim/share/turtlesim/images/crystal.png
[9.301s] -- Installing: /home/mparadow/Desktop/ROS2_tutorial/ros2_ws/install/turtlesim/share/turtlesim/images/eloquent.png
[9.301s] -- Installing: /home/mparadow/Desktop/ROS2_tutorial/ros2_ws/install/turtlesim/share/turtlesim/images/rolling.png
[9.301s] -- Installing: /home/mparadow/Desktop/ROS2_tutorial/ros2_ws/install/turtlesim/share/turtlesim/images/dashing.png
[9.301s] -- Installing: /home/mparadow/Desktop/ROS2_tutorial/ros2_ws/install/turtlesim/share/turtlesim/images/foxy.png
[9.302s] -- Installing: /home/mparadow/Desktop/ROS2_tutorial/ros2_ws/install/turtlesim/share/turtlesim/launch
[9.302s] -- Installing: /home/mparadow/Desktop/ROS2_tutorial/ros2_ws/install/turtlesim/share/turtlesim/launch/multisim.launch.py
[9.302s] -- Installing: /home/mparadow/Desktop/ROS2_tutorial/ros2_ws/install/turtlesim/share/ament_index/resource_index/package_run_dependencies/turtlesim
[9.302s] -- Installing: /home/mparadow/Desktop/ROS2_tutorial/ros2_ws/install/turtlesim/share/ament_index/resource_index/parent_prefix_path/turtlesim
[9.302s] -- Installing: /home/mparadow/Desktop/ROS2_tutorial/ros2_ws/install/turtlesim/share/turtlesim/environment/ament_prefix_path.sh
[9.302s] -- Installing: /home/mparadow/Desktop/ROS2_tutorial/ros2_ws/install/turtlesim/share/turtlesim/environment/ament_prefix_path.dsv
[9.302s] -- Installing: /home/mparadow/Desktop/ROS2_tutorial/ros2_ws/install/turtlesim/share/turtlesim/environment/path.sh
[9.302s] -- Installing: /home/mparadow/Desktop/ROS2_tutorial/ros2_ws/install/turtlesim/share/turtlesim/environment/path.dsv
[9.302s] -- Installing: /home/mparadow/Desktop/ROS2_tutorial/ros2_ws/install/turtlesim/share/turtlesim/local_setup.bash
[9.302s] -- Installing: /home/mparadow/Desktop/ROS2_tutorial/ros2_ws/install/turtlesim/share/turtlesim/local_setup.sh
[9.302s] -- Installing: /home/mparadow/Desktop/ROS2_tutorial/ros2_ws/install/turtlesim/share/turtlesim/local_setup.zsh
[9.302s] -- Installing: /home/mparadow/Desktop/ROS2_tutorial/ros2_ws/install/turtlesim/share/turtlesim/local_setup.dsv
[9.302s] -- Installing: /home/mparadow/Desktop/ROS2_tutorial/ros2_ws/install/turtlesim/share/turtlesim/package.dsv
[9.302s] -- Installing: /home/mparadow/Desktop/ROS2_tutorial/ros2_ws/install/turtlesim/share/ament_index/resource_index/packages/turtlesim
[9.302s] -- Installing: /home/mparadow/Desktop/ROS2_tutorial/ros2_ws/install/turtlesim/share/turtlesim/cmake/export_turtlesim__rosidl_generator_cExport.cmake
[9.302s] -- Installing: /home/mparadow/Desktop/ROS2_tutorial/ros2_ws/install/turtlesim/share/turtlesim/cmake/export_turtlesim__rosidl_generator_cExport-noconfig.cmake
[9.302s] -- Installing: /home/mparadow/Desktop/ROS2_tutorial/ros2_ws/install/turtlesim/share/turtlesim/cmake/export_turtlesim__rosidl_typesupport_fastrtps_cExport.cmake
[9.302s] -- Installing: /home/mparadow/Desktop/ROS2_tutorial/ros2_ws/install/turtlesim/share/turtlesim/cmake/export_turtlesim__rosidl_typesupport_fastrtps_cExport-noconfig.cmake
[9.302s] -- Installing: /home/mparadow/Desktop/ROS2_tutorial/ros2_ws/install/turtlesim/share/turtlesim/cmake/export_turtlesim__rosidl_generator_cppExport.cmake
[9.302s] -- Installing: /home/mparadow/Desktop/ROS2_tutorial/ros2_ws/install/turtlesim/share/turtlesim/cmake/export_turtlesim__rosidl_typesupport_fastrtps_cppExport.cmake
[9.302s] -- Installing: /home/mparadow/Desktop/ROS2_tutorial/ros2_ws/install/turtlesim/share/turtlesim/cmake/export_turtlesim__rosidl_typesupport_fastrtps_cppExport-noconfig.cmake
[9.302s] -- Installing: /home/mparadow/Desktop/ROS2_tutorial/ros2_ws/install/turtlesim/share/turtlesim/cmake/turtlesim__rosidl_typesupport_introspection_cExport.cmake
[9.302s] -- Installing: /home/mparadow/Desktop/ROS2_tutorial/ros2_ws/install/turtlesim/share/turtlesim/cmake/turtlesim__rosidl_typesupport_introspection_cExport-noconfig.cmake
[9.302s] -- Installing: /home/mparadow/Desktop/ROS2_tutorial/ros2_ws/install/turtlesim/share/turtlesim/cmake/turtlesim__rosidl_typesupport_cExport.cmake
[9.302s] -- Installing: /home/mparadow/Desktop/ROS2_tutorial/ros2_ws/install/turtlesim/share/turtlesim/cmake/turtlesim__rosidl_typesupport_cExport-noconfig.cmake
[9.303s] -- Installing: /home/mparadow/Desktop/ROS2_tutorial/ros2_ws/install/turtlesim/share/turtlesim/cmake/turtlesim__rosidl_typesupport_introspection_cppExport.cmake
[9.303s] -- Installing: /home/mparadow/Desktop/ROS2_tutorial/ros2_ws/install/turtlesim/share/turtlesim/cmake/turtlesim__rosidl_typesupport_introspection_cppExport-noconfig.cmake
[9.303s] -- Installing: /home/mparadow/Desktop/ROS2_tutorial/ros2_ws/install/turtlesim/share/turtlesim/cmake/turtlesim__rosidl_typesupport_cppExport.cmake
[9.303s] -- Installing: /home/mparadow/Desktop/ROS2_tutorial/ros2_ws/install/turtlesim/share/turtlesim/cmake/turtlesim__rosidl_typesupport_cppExport-noconfig.cmake
[9.303s] -- Installing: /home/mparadow/Desktop/ROS2_tutorial/ros2_ws/install/turtlesim/share/turtlesim/cmake/export_turtlesim__rosidl_generator_pyExport.cmake
[9.303s] -- Installing: /home/mparadow/Desktop/ROS2_tutorial/ros2_ws/install/turtlesim/share/turtlesim/cmake/export_turtlesim__rosidl_generator_pyExport-noconfig.cmake
[9.303s] -- Installing: /home/mparadow/Desktop/ROS2_tutorial/ros2_ws/install/turtlesim/share/turtlesim/cmake/rosidl_cmake-extras.cmake
[9.303s] -- Installing: /home/mparadow/Desktop/ROS2_tutorial/ros2_ws/install/turtlesim/share/turtlesim/cmake/ament_cmake_export_dependencies-extras.cmake
[9.303s] -- Installing: /home/mparadow/Desktop/ROS2_tutorial/ros2_ws/install/turtlesim/share/turtlesim/cmake/ament_cmake_export_include_directories-extras.cmake
[9.303s] -- Installing: /home/mparadow/Desktop/ROS2_tutorial/ros2_ws/install/turtlesim/share/turtlesim/cmake/ament_cmake_export_libraries-extras.cmake
[9.303s] -- Installing: /home/mparadow/Desktop/ROS2_tutorial/ros2_ws/install/turtlesim/share/turtlesim/cmake/ament_cmake_export_targets-extras.cmake
[9.303s] -- Installing: /home/mparadow/Desktop/ROS2_tutorial/ros2_ws/install/turtlesim/share/turtlesim/cmake/rosidl_cmake_export_typesupport_targets-extras.cmake
[9.303s] -- Installing: /home/mparadow/Desktop/ROS2_tutorial/ros2_ws/install/turtlesim/share/turtlesim/cmake/rosidl_cmake_export_typesupport_libraries-extras.cmake
[9.303s] -- Installing: /home/mparadow/Desktop/ROS2_tutorial/ros2_ws/install/turtlesim/share/turtlesim/cmake/turtlesimConfig.cmake
[9.303s] -- Installing: /home/mparadow/Desktop/ROS2_tutorial/ros2_ws/install/turtlesim/share/turtlesim/cmake/turtlesimConfig-version.cmake
[9.303s] -- Installing: /home/mparadow/Desktop/ROS2_tutorial/ros2_ws/install/turtlesim/share/turtlesim/package.xml
[9.305s] Invoked command in '/home/mparadow/Desktop/ROS2_tutorial/ros2_ws/build/turtlesim' returned '0': CMAKE_PREFIX_PATH=/opt/ros/humble /usr/bin/cmake --install /home/mparadow/Desktop/ROS2_tutorial/ros2_ws/build/turtlesim
