[0.247s] Invoking command in '/home/mparadow/Desktop/ROS2_tutorial/ros2_zadanie_Kebabowa/src/example_package': PYTHONPATH=/home/mparadow/Desktop/ROS2_tutorial/ros2_zadanie_Kebabowa/build/example_package/prefix_override:/usr/lib/python3/dist-packages/colcon_core/task/python/colcon_distutils_commands:/home/mparadow/Desktop/ROS2_tutorial/ros2_zadanie_Kebabowa/install/example_package/lib/python3.10/site-packages:${PYTHONPATH} /usr/bin/python3 -W ignore:setup.py install is deprecated -W ignore:easy_install command is deprecated setup.py egg_info --egg-base ../../build/example_package build --build-base /home/mparadow/Desktop/ROS2_tutorial/ros2_zadanie_Kebabowa/build/example_package/build install --record /home/mparadow/Desktop/ROS2_tutorial/ros2_zadanie_Kebabowa/build/example_package/install.log --single-version-externally-managed install_data
[0.343s] running egg_info
[0.343s] writing ../../build/example_package/example_package.egg-info/PKG-INFO
[0.343s] writing dependency_links to ../../build/example_package/example_package.egg-info/dependency_links.txt
[0.343s] writing entry points to ../../build/example_package/example_package.egg-info/entry_points.txt
[0.343s] writing requirements to ../../build/example_package/example_package.egg-info/requires.txt
[0.343s] writing top-level names to ../../build/example_package/example_package.egg-info/top_level.txt
[0.344s] reading manifest file '../../build/example_package/example_package.egg-info/SOURCES.txt'
[0.344s] adding license file 'LICENSE'
[0.345s] writing manifest file '../../build/example_package/example_package.egg-info/SOURCES.txt'
[0.345s] running build
[0.345s] running build_py
[0.345s] running install
[0.345s] running install_lib
[0.345s] running install_data
[0.346s] running install_egg_info
[0.346s] removing '/home/mparadow/Desktop/ROS2_tutorial/ros2_zadanie_Kebabowa/install/example_package/lib/python3.10/site-packages/example_package-0.0.0-py3.10.egg-info' (and everything under it)
[0.346s] Copying ../../build/example_package/example_package.egg-info to /home/mparadow/Desktop/ROS2_tutorial/ros2_zadanie_Kebabowa/install/example_package/lib/python3.10/site-packages/example_package-0.0.0-py3.10.egg-info
[0.347s] running install_scripts
[0.356s] Installing listener script to /home/mparadow/Desktop/ROS2_tutorial/ros2_zadanie_Kebabowa/install/example_package/lib/example_package
[0.356s] Installing talker script to /home/mparadow/Desktop/ROS2_tutorial/ros2_zadanie_Kebabowa/install/example_package/lib/example_package
[0.356s] writing list of installed files to '/home/mparadow/Desktop/ROS2_tutorial/ros2_zadanie_Kebabowa/build/example_package/install.log'
[0.367s] Invoked command in '/home/mparadow/Desktop/ROS2_tutorial/ros2_zadanie_Kebabowa/src/example_package' returned '0': PYTHONPATH=/home/mparadow/Desktop/ROS2_tutorial/ros2_zadanie_Kebabowa/build/example_package/prefix_override:/usr/lib/python3/dist-packages/colcon_core/task/python/colcon_distutils_commands:/home/mparadow/Desktop/ROS2_tutorial/ros2_zadanie_Kebabowa/install/example_package/lib/python3.10/site-packages:${PYTHONPATH} /usr/bin/python3 -W ignore:setup.py install is deprecated -W ignore:easy_install command is deprecated setup.py egg_info --egg-base ../../build/example_package build --build-base /home/mparadow/Desktop/ROS2_tutorial/ros2_zadanie_Kebabowa/build/example_package/build install --record /home/mparadow/Desktop/ROS2_tutorial/ros2_zadanie_Kebabowa/build/example_package/install.log --single-version-externally-managed install_data
