[0.241s] DEBUG:colcon:Command line arguments: ['/usr/bin/colcon', 'build']
[0.241s] DEBUG:colcon:Parsed command line arguments: Namespace(log_base=None, log_level=None, verb_name='build', build_base='build', install_base='install', merge_install=False, symlink_install=False, test_result_base=None, continue_on_error=False, executor='parallel', parallel_workers=4, event_handlers=None, ignore_user_meta=False, metas=['./colcon.meta'], base_paths=['.'], packages_ignore=None, packages_ignore_regex=None, paths=None, packages_up_to=None, packages_up_to_regex=None, packages_above=None, packages_above_and_dependencies=None, packages_above_depth=None, packages_select_by_dep=None, packages_skip_by_dep=None, packages_skip_up_to=None, packages_select_build_failed=False, packages_skip_build_finished=False, packages_select_test_failures=False, packages_skip_test_passed=False, packages_select=None, packages_skip=None, packages_select_regex=None, packages_skip_regex=None, packages_start=None, packages_end=None, allow_overriding=[], cmake_args=None, cmake_target=None, cmake_target_skip_unavailable=False, cmake_clean_cache=False, cmake_clean_first=False, cmake_force_configure=False, ament_cmake_args=None, catkin_cmake_args=None, catkin_skip_building_tests=False, mixin_files=None, mixin=None, verb_parser=<colcon_mixin.mixin.mixin_argument.MixinArgumentDecorator object at 0x70b2ff386830>, verb_extension=<colcon_core.verb.build.BuildVerb object at 0x70b2ff456e90>, main=<bound method BuildVerb.main of <colcon_core.verb.build.BuildVerb object at 0x70b2ff456e90>>, mixin_verb=('build',))
[0.549s] Level 1:colcon.colcon_core.package_discovery:discover_packages(colcon_meta) check parameters
[0.549s] Level 1:colcon.colcon_core.package_discovery:discover_packages(recursive) check parameters
[0.549s] Level 1:colcon.colcon_core.package_discovery:discover_packages(ignore) check parameters
[0.549s] Level 1:colcon.colcon_core.package_discovery:discover_packages(path) check parameters
[0.549s] Level 1:colcon.colcon_core.package_discovery:discover_packages(colcon_meta) discover
[0.550s] Level 1:colcon.colcon_core.package_discovery:discover_packages(recursive) discover
[0.550s] INFO:colcon.colcon_core.package_discovery:Crawling recursively for packages in '/home/student/Desktop/stero_25z_mp_ms/nawigacja/nav_lab1'
[0.550s] Level 1:colcon.colcon_core.package_identification:_identify(.) by extensions ['ignore', 'ignore_ament_install']
[0.550s] Level 1:colcon.colcon_core.package_identification:_identify(.) by extension 'ignore'
[0.551s] Level 1:colcon.colcon_core.package_identification:_identify(.) by extension 'ignore_ament_install'
[0.551s] Level 1:colcon.colcon_core.package_identification:_identify(.) by extensions ['colcon_pkg']
[0.551s] Level 1:colcon.colcon_core.package_identification:_identify(.) by extension 'colcon_pkg'
[0.551s] Level 1:colcon.colcon_core.package_identification:_identify(.) by extensions ['colcon_meta']
[0.551s] Level 1:colcon.colcon_core.package_identification:_identify(.) by extension 'colcon_meta'
[0.551s] Level 1:colcon.colcon_core.package_identification:_identify(.) by extensions ['ros']
[0.551s] Level 1:colcon.colcon_core.package_identification:_identify(.) by extension 'ros'
[0.585s] DEBUG:colcon.colcon_core.package_identification:Package '.' with type 'ros.ament_cmake' and name 'nav_lab1'
[0.585s] Level 1:colcon.colcon_core.package_discovery:discover_packages(recursive) using defaults
[0.585s] Level 1:colcon.colcon_core.package_discovery:discover_packages(ignore) discover
[0.585s] Level 1:colcon.colcon_core.package_discovery:discover_packages(ignore) using defaults
[0.585s] Level 1:colcon.colcon_core.package_discovery:discover_packages(path) discover
[0.585s] Level 1:colcon.colcon_core.package_discovery:discover_packages(path) using defaults
[0.620s] Level 1:colcon.colcon_core.package_discovery:discover_packages(prefix_path) check parameters
[0.620s] Level 1:colcon.colcon_core.package_discovery:discover_packages(prefix_path) discover
[0.623s] WARNING:colcon.colcon_core.prefix_path.colcon:The path '/home/student/Desktop/stero_25z_mp_ms/nawigacja/install' in the environment variable COLCON_PREFIX_PATH doesn't exist
[0.623s] WARNING:colcon.colcon_ros.prefix_path.ament:The path '/home/student/Desktop/stero_25z_mp_ms/nawigacja/install/nav_lab1' in the environment variable AMENT_PREFIX_PATH doesn't exist
[0.625s] WARNING:colcon.colcon_ros.prefix_path.catkin:The path '/home/student/Desktop/stero_25z_mp_ms/nawigacja/install/nav_lab1' in the environment variable CMAKE_PREFIX_PATH doesn't exist
[0.627s] DEBUG:colcon.colcon_installed_package_information.package_discovery:Found 1 installed packages in /home/student/Desktop/stero_25z_mp_ms/nawigacja/nav_lab1/install
[0.629s] DEBUG:colcon.colcon_installed_package_information.package_discovery:Found 40 installed packages in /home/student/tiago_public_ws/install
[0.632s] DEBUG:colcon.colcon_installed_package_information.package_discovery:Found 398 installed packages in /opt/ros/iron
[0.636s] Level 1:colcon.colcon_core.package_discovery:discover_packages(prefix_path) using defaults
[0.711s] Level 5:colcon.colcon_core.verb:set package 'nav_lab1' build argument 'cmake_args' from command line to 'None'
[0.712s] Level 5:colcon.colcon_core.verb:set package 'nav_lab1' build argument 'cmake_target' from command line to 'None'
[0.712s] Level 5:colcon.colcon_core.verb:set package 'nav_lab1' build argument 'cmake_target_skip_unavailable' from command line to 'False'
[0.712s] Level 5:colcon.colcon_core.verb:set package 'nav_lab1' build argument 'cmake_clean_cache' from command line to 'False'
[0.712s] Level 5:colcon.colcon_core.verb:set package 'nav_lab1' build argument 'cmake_clean_first' from command line to 'False'
[0.712s] Level 5:colcon.colcon_core.verb:set package 'nav_lab1' build argument 'cmake_force_configure' from command line to 'False'
[0.712s] Level 5:colcon.colcon_core.verb:set package 'nav_lab1' build argument 'ament_cmake_args' from command line to 'None'
[0.712s] Level 5:colcon.colcon_core.verb:set package 'nav_lab1' build argument 'catkin_cmake_args' from command line to 'None'
[0.712s] Level 5:colcon.colcon_core.verb:set package 'nav_lab1' build argument 'catkin_skip_building_tests' from command line to 'False'
[0.712s] DEBUG:colcon.colcon_core.verb:Building package 'nav_lab1' with the following arguments: {'ament_cmake_args': None, 'build_base': '/home/student/Desktop/stero_25z_mp_ms/nawigacja/nav_lab1/build/nav_lab1', 'catkin_cmake_args': None, 'catkin_skip_building_tests': False, 'cmake_args': None, 'cmake_clean_cache': False, 'cmake_clean_first': False, 'cmake_force_configure': False, 'cmake_target': None, 'cmake_target_skip_unavailable': False, 'install_base': '/home/student/Desktop/stero_25z_mp_ms/nawigacja/nav_lab1/install/nav_lab1', 'merge_install': False, 'path': '/home/student/Desktop/stero_25z_mp_ms/nawigacja/nav_lab1', 'symlink_install': False, 'test_result_base': None}
[0.712s] INFO:colcon.colcon_core.executor:Executing jobs using 'parallel' executor
[0.714s] DEBUG:colcon.colcon_parallel_executor.executor.parallel:run_until_complete
[0.714s] INFO:colcon.colcon_ros.task.ament_cmake.build:Building ROS package in '/home/student/Desktop/stero_25z_mp_ms/nawigacja/nav_lab1' with build type 'ament_cmake'
[0.714s] INFO:colcon.colcon_cmake.task.cmake.build:Building CMake package in '/home/student/Desktop/stero_25z_mp_ms/nawigacja/nav_lab1'
[0.717s] INFO:colcon.colcon_core.plugin_system:Skipping extension 'colcon_core.shell.bat': Not used on non-Windows systems
[0.717s] INFO:colcon.colcon_core.shell:Skip shell extension 'powershell' for command environment: Not usable outside of PowerShell
[0.717s] DEBUG:colcon.colcon_core.shell:Skip shell extension 'dsv' for command environment
[0.736s] DEBUG:colcon.colcon_core.event_handler.log_command:Invoking command in '/home/student/Desktop/stero_25z_mp_ms/nawigacja/nav_lab1/build/nav_lab1': CMAKE_PREFIX_PATH=${CMAKE_PREFIX_PATH}:/home/student/tiago_public_ws/install/launch_pal:/opt/ros/iron /usr/bin/cmake --build /home/student/Desktop/stero_25z_mp_ms/nawigacja/nav_lab1/build/nav_lab1 -- -j4 -l4
[19.016s] DEBUG:colcon.colcon_core.event_handler.log_command:Invoked command in '/home/student/Desktop/stero_25z_mp_ms/nawigacja/nav_lab1/build/nav_lab1' returned '0': CMAKE_PREFIX_PATH=${CMAKE_PREFIX_PATH}:/home/student/tiago_public_ws/install/launch_pal:/opt/ros/iron /usr/bin/cmake --build /home/student/Desktop/stero_25z_mp_ms/nawigacja/nav_lab1/build/nav_lab1 -- -j4 -l4
[19.137s] DEBUG:colcon.colcon_core.event_handler.log_command:Invoking command in '/home/student/Desktop/stero_25z_mp_ms/nawigacja/nav_lab1/build/nav_lab1': CMAKE_PREFIX_PATH=${CMAKE_PREFIX_PATH}:/home/student/tiago_public_ws/install/launch_pal:/opt/ros/iron /usr/bin/cmake --install /home/student/Desktop/stero_25z_mp_ms/nawigacja/nav_lab1/build/nav_lab1
[19.179s] Level 1:colcon.colcon_core.environment:create_environment_scripts_only(nav_lab1)
[19.180s] DEBUG:colcon.colcon_core.event_handler.log_command:Invoked command in '/home/student/Desktop/stero_25z_mp_ms/nawigacja/nav_lab1/build/nav_lab1' returned '0': CMAKE_PREFIX_PATH=${CMAKE_PREFIX_PATH}:/home/student/tiago_public_ws/install/launch_pal:/opt/ros/iron /usr/bin/cmake --install /home/student/Desktop/stero_25z_mp_ms/nawigacja/nav_lab1/build/nav_lab1
[19.191s] Level 1:colcon.colcon_core.environment:checking '/home/student/Desktop/stero_25z_mp_ms/nawigacja/nav_lab1/install/nav_lab1' for CMake module files
[19.192s] Level 1:colcon.colcon_core.environment:checking '/home/student/Desktop/stero_25z_mp_ms/nawigacja/nav_lab1/install/nav_lab1' for CMake config files
[19.193s] Level 1:colcon.colcon_core.shell:create_environment_hook('nav_lab1', 'cmake_prefix_path')
[19.194s] INFO:colcon.colcon_core.shell:Creating environment hook '/home/student/Desktop/stero_25z_mp_ms/nawigacja/nav_lab1/install/nav_lab1/share/nav_lab1/hook/cmake_prefix_path.ps1'
[19.197s] INFO:colcon.colcon_core.shell:Creating environment descriptor '/home/student/Desktop/stero_25z_mp_ms/nawigacja/nav_lab1/install/nav_lab1/share/nav_lab1/hook/cmake_prefix_path.dsv'
[19.199s] INFO:colcon.colcon_core.shell:Creating environment hook '/home/student/Desktop/stero_25z_mp_ms/nawigacja/nav_lab1/install/nav_lab1/share/nav_lab1/hook/cmake_prefix_path.sh'
[19.203s] Level 1:colcon.colcon_core.environment:checking '/home/student/Desktop/stero_25z_mp_ms/nawigacja/nav_lab1/install/nav_lab1/lib'
[19.204s] Level 1:colcon.colcon_core.environment:checking '/home/student/Desktop/stero_25z_mp_ms/nawigacja/nav_lab1/install/nav_lab1/bin'
[19.204s] Level 1:colcon.colcon_core.environment:checking '/home/student/Desktop/stero_25z_mp_ms/nawigacja/nav_lab1/install/nav_lab1/lib/pkgconfig/nav_lab1.pc'
[19.205s] Level 1:colcon.colcon_core.environment:checking '/home/student/Desktop/stero_25z_mp_ms/nawigacja/nav_lab1/install/nav_lab1/lib/python3.10/site-packages'
[19.206s] Level 1:colcon.colcon_core.environment:checking '/home/student/Desktop/stero_25z_mp_ms/nawigacja/nav_lab1/install/nav_lab1/bin'
[19.207s] INFO:colcon.colcon_core.shell:Creating package script '/home/student/Desktop/stero_25z_mp_ms/nawigacja/nav_lab1/install/nav_lab1/share/nav_lab1/package.ps1'
[19.211s] INFO:colcon.colcon_core.shell:Creating package descriptor '/home/student/Desktop/stero_25z_mp_ms/nawigacja/nav_lab1/install/nav_lab1/share/nav_lab1/package.dsv'
[19.213s] INFO:colcon.colcon_core.shell:Creating package script '/home/student/Desktop/stero_25z_mp_ms/nawigacja/nav_lab1/install/nav_lab1/share/nav_lab1/package.sh'
[19.216s] INFO:colcon.colcon_core.shell:Creating package script '/home/student/Desktop/stero_25z_mp_ms/nawigacja/nav_lab1/install/nav_lab1/share/nav_lab1/package.bash'
[19.219s] INFO:colcon.colcon_core.shell:Creating package script '/home/student/Desktop/stero_25z_mp_ms/nawigacja/nav_lab1/install/nav_lab1/share/nav_lab1/package.zsh'
[19.221s] Level 1:colcon.colcon_core.environment:create_file_with_runtime_dependencies(/home/student/Desktop/stero_25z_mp_ms/nawigacja/nav_lab1/install/nav_lab1/share/colcon-core/packages/nav_lab1)
[19.316s] Level 1:colcon.colcon_core.environment:create_environment_scripts_only(nav_lab1)
[19.316s] Level 1:colcon.colcon_core.environment:checking '/home/student/Desktop/stero_25z_mp_ms/nawigacja/nav_lab1/install/nav_lab1' for CMake module files
[19.318s] Level 1:colcon.colcon_core.environment:checking '/home/student/Desktop/stero_25z_mp_ms/nawigacja/nav_lab1/install/nav_lab1' for CMake config files
[19.318s] Level 1:colcon.colcon_core.shell:create_environment_hook('nav_lab1', 'cmake_prefix_path')
[19.319s] INFO:colcon.colcon_core.shell:Creating environment hook '/home/student/Desktop/stero_25z_mp_ms/nawigacja/nav_lab1/install/nav_lab1/share/nav_lab1/hook/cmake_prefix_path.ps1'
[19.321s] INFO:colcon.colcon_core.shell:Creating environment descriptor '/home/student/Desktop/stero_25z_mp_ms/nawigacja/nav_lab1/install/nav_lab1/share/nav_lab1/hook/cmake_prefix_path.dsv'
[19.322s] INFO:colcon.colcon_core.shell:Creating environment hook '/home/student/Desktop/stero_25z_mp_ms/nawigacja/nav_lab1/install/nav_lab1/share/nav_lab1/hook/cmake_prefix_path.sh'
[19.323s] Level 1:colcon.colcon_core.environment:checking '/home/student/Desktop/stero_25z_mp_ms/nawigacja/nav_lab1/install/nav_lab1/lib'
[19.324s] Level 1:colcon.colcon_core.environment:checking '/home/student/Desktop/stero_25z_mp_ms/nawigacja/nav_lab1/install/nav_lab1/bin'
[19.324s] Level 1:colcon.colcon_core.environment:checking '/home/student/Desktop/stero_25z_mp_ms/nawigacja/nav_lab1/install/nav_lab1/lib/pkgconfig/nav_lab1.pc'
[19.324s] Level 1:colcon.colcon_core.environment:checking '/home/student/Desktop/stero_25z_mp_ms/nawigacja/nav_lab1/install/nav_lab1/lib/python3.10/site-packages'
[19.325s] Level 1:colcon.colcon_core.environment:checking '/home/student/Desktop/stero_25z_mp_ms/nawigacja/nav_lab1/install/nav_lab1/bin'
[19.325s] INFO:colcon.colcon_core.shell:Creating package script '/home/student/Desktop/stero_25z_mp_ms/nawigacja/nav_lab1/install/nav_lab1/share/nav_lab1/package.ps1'
[19.327s] INFO:colcon.colcon_core.shell:Creating package descriptor '/home/student/Desktop/stero_25z_mp_ms/nawigacja/nav_lab1/install/nav_lab1/share/nav_lab1/package.dsv'
[19.328s] INFO:colcon.colcon_core.shell:Creating package script '/home/student/Desktop/stero_25z_mp_ms/nawigacja/nav_lab1/install/nav_lab1/share/nav_lab1/package.sh'
[19.330s] INFO:colcon.colcon_core.shell:Creating package script '/home/student/Desktop/stero_25z_mp_ms/nawigacja/nav_lab1/install/nav_lab1/share/nav_lab1/package.bash'
[19.333s] INFO:colcon.colcon_core.shell:Creating package script '/home/student/Desktop/stero_25z_mp_ms/nawigacja/nav_lab1/install/nav_lab1/share/nav_lab1/package.zsh'
[19.336s] Level 1:colcon.colcon_core.environment:create_file_with_runtime_dependencies(/home/student/Desktop/stero_25z_mp_ms/nawigacja/nav_lab1/install/nav_lab1/share/colcon-core/packages/nav_lab1)
[19.336s] DEBUG:colcon.colcon_parallel_executor.executor.parallel:closing loop
[19.339s] DEBUG:colcon.colcon_parallel_executor.executor.parallel:loop closed
[19.339s] DEBUG:colcon.colcon_parallel_executor.executor.parallel:run_until_complete finished with '0'
[19.340s] DEBUG:colcon.colcon_core.event_reactor:joining thread
[19.369s] INFO:colcon.colcon_core.plugin_system:Skipping extension 'colcon_notification.desktop_notification.terminal_notifier': Not used on non-Darwin systems
[19.369s] INFO:colcon.colcon_core.plugin_system:Skipping extension 'colcon_notification.desktop_notification.win32': Not used on non-Windows systems
[19.370s] INFO:colcon.colcon_notification.desktop_notification:Sending desktop notification using 'notify2'
[19.459s] DEBUG:colcon.colcon_core.event_reactor:joined thread
[19.460s] INFO:colcon.colcon_core.shell:Creating prefix script '/home/student/Desktop/stero_25z_mp_ms/nawigacja/nav_lab1/install/local_setup.ps1'
[19.462s] INFO:colcon.colcon_core.shell:Creating prefix util module '/home/student/Desktop/stero_25z_mp_ms/nawigacja/nav_lab1/install/_local_setup_util_ps1.py'
[19.467s] INFO:colcon.colcon_core.shell:Creating prefix chain script '/home/student/Desktop/stero_25z_mp_ms/nawigacja/nav_lab1/install/setup.ps1'
[19.471s] INFO:colcon.colcon_core.shell:Creating prefix script '/home/student/Desktop/stero_25z_mp_ms/nawigacja/nav_lab1/install/local_setup.sh'
[19.473s] INFO:colcon.colcon_core.shell:Creating prefix util module '/home/student/Desktop/stero_25z_mp_ms/nawigacja/nav_lab1/install/_local_setup_util_sh.py'
[19.474s] INFO:colcon.colcon_core.shell:Creating prefix chain script '/home/student/Desktop/stero_25z_mp_ms/nawigacja/nav_lab1/install/setup.sh'
[19.477s] INFO:colcon.colcon_core.shell:Creating prefix script '/home/student/Desktop/stero_25z_mp_ms/nawigacja/nav_lab1/install/local_setup.bash'
[19.478s] INFO:colcon.colcon_core.shell:Creating prefix chain script '/home/student/Desktop/stero_25z_mp_ms/nawigacja/nav_lab1/install/setup.bash'
[19.483s] INFO:colcon.colcon_core.shell:Creating prefix script '/home/student/Desktop/stero_25z_mp_ms/nawigacja/nav_lab1/install/local_setup.zsh'
[19.484s] INFO:colcon.colcon_core.shell:Creating prefix chain script '/home/student/Desktop/stero_25z_mp_ms/nawigacja/nav_lab1/install/setup.zsh'
