[0.007s] Invoking command in '/home/mparadow/Desktop/ROS2_tutorial/ros2_ws/build/my_package': CMAKE_PREFIX_PATH=/opt/ros/humble /usr/bin/cmake --build /home/mparadow/Desktop/ROS2_tutorial/ros2_ws/build/my_package -- -j24 -l24
[0.110s] -- Found ament_cmake: 1.3.11 (/opt/ros/humble/share/ament_cmake/cmake)
[0.110s] -- Found ament_lint_auto: 0.12.11 (/opt/ros/humble/share/ament_lint_auto/cmake)
[0.113s] -- Added test 'cppcheck' to perform static code analysis on C / C++ code
[0.113s] -- Configured cppcheck include dirs: $<BUILD_INTERFACE:/home/mparadow/Desktop/ROS2_tutorial/ros2_ws/src/my_package/include>
[0.113s] -- Configured cppcheck exclude dirs and/or files: 
[0.113s] -- Added test 'lint_cmake' to check CMake code style
[0.113s] -- Added test 'uncrustify' to check C / C++ code style
[0.113s] -- Configured uncrustify additional arguments: 
[0.113s] -- Added test 'xmllint' to check XML markup files
[0.113s] -- Configuring done
[0.114s] -- Generating done
[0.115s] -- Build files have been written to: /home/mparadow/Desktop/ROS2_tutorial/ros2_ws/build/my_package
[0.128s] [35m[1mConsolidate compiler generated dependencies of target my_node[0m
[0.135s] [100%] Built target my_node
[0.142s] Invoked command in '/home/mparadow/Desktop/ROS2_tutorial/ros2_ws/build/my_package' returned '0': CMAKE_PREFIX_PATH=/opt/ros/humble /usr/bin/cmake --build /home/mparadow/Desktop/ROS2_tutorial/ros2_ws/build/my_package -- -j24 -l24
[0.153s] Invoking command in '/home/mparadow/Desktop/ROS2_tutorial/ros2_ws/build/my_package': CMAKE_PREFIX_PATH=/opt/ros/humble /usr/bin/cmake --install /home/mparadow/Desktop/ROS2_tutorial/ros2_ws/build/my_package
[0.161s] -- Install configuration: ""
[0.161s] -- Up-to-date: /home/mparadow/Desktop/ROS2_tutorial/ros2_ws/install/my_package/lib/my_package/my_node
[0.162s] -- Up-to-date: /home/mparadow/Desktop/ROS2_tutorial/ros2_ws/install/my_package/share/ament_index/resource_index/package_run_dependencies/my_package
[0.162s] -- Up-to-date: /home/mparadow/Desktop/ROS2_tutorial/ros2_ws/install/my_package/share/ament_index/resource_index/parent_prefix_path/my_package
[0.162s] -- Up-to-date: /home/mparadow/Desktop/ROS2_tutorial/ros2_ws/install/my_package/share/my_package/environment/ament_prefix_path.sh
[0.162s] -- Installing: /home/mparadow/Desktop/ROS2_tutorial/ros2_ws/install/my_package/share/my_package/environment/ament_prefix_path.dsv
[0.162s] -- Up-to-date: /home/mparadow/Desktop/ROS2_tutorial/ros2_ws/install/my_package/share/my_package/environment/path.sh
[0.162s] -- Installing: /home/mparadow/Desktop/ROS2_tutorial/ros2_ws/install/my_package/share/my_package/environment/path.dsv
[0.162s] -- Up-to-date: /home/mparadow/Desktop/ROS2_tutorial/ros2_ws/install/my_package/share/my_package/local_setup.bash
[0.162s] -- Up-to-date: /home/mparadow/Desktop/ROS2_tutorial/ros2_ws/install/my_package/share/my_package/local_setup.sh
[0.162s] -- Up-to-date: /home/mparadow/Desktop/ROS2_tutorial/ros2_ws/install/my_package/share/my_package/local_setup.zsh
[0.163s] -- Installing: /home/mparadow/Desktop/ROS2_tutorial/ros2_ws/install/my_package/share/my_package/local_setup.dsv
[0.163s] -- Installing: /home/mparadow/Desktop/ROS2_tutorial/ros2_ws/install/my_package/share/my_package/package.dsv
[0.163s] -- Up-to-date: /home/mparadow/Desktop/ROS2_tutorial/ros2_ws/install/my_package/share/ament_index/resource_index/packages/my_package
[0.163s] -- Up-to-date: /home/mparadow/Desktop/ROS2_tutorial/ros2_ws/install/my_package/share/my_package/cmake/my_packageConfig.cmake
[0.163s] -- Up-to-date: /home/mparadow/Desktop/ROS2_tutorial/ros2_ws/install/my_package/share/my_package/cmake/my_packageConfig-version.cmake
[0.163s] -- Installing: /home/mparadow/Desktop/ROS2_tutorial/ros2_ws/install/my_package/share/my_package/package.xml
[0.164s] Invoked command in '/home/mparadow/Desktop/ROS2_tutorial/ros2_ws/build/my_package' returned '0': CMAKE_PREFIX_PATH=/opt/ros/humble /usr/bin/cmake --install /home/mparadow/Desktop/ROS2_tutorial/ros2_ws/build/my_package
