[0.048s] DEBUG:colcon:Command line arguments: ['/usr/bin/colcon', 'build']
[0.048s] DEBUG:colcon:Parsed command line arguments: Namespace(log_base=None, log_level=None, verb_name='build', build_base='build', install_base='install', merge_install=False, symlink_install=False, test_result_base=None, continue_on_error=False, executor='parallel', parallel_workers=24, event_handlers=None, ignore_user_meta=False, metas=['./colcon.meta'], base_paths=['.'], packages_ignore=None, packages_ignore_regex=None, paths=None, packages_up_to=None, packages_up_to_regex=None, packages_above=None, packages_above_and_dependencies=None, packages_above_depth=None, packages_select_by_dep=None, packages_skip_by_dep=None, packages_skip_up_to=None, packages_select_build_failed=False, packages_skip_build_finished=False, packages_select_test_failures=False, packages_skip_test_passed=False, packages_select=None, packages_skip=None, packages_select_regex=None, packages_skip_regex=None, packages_start=None, packages_end=None, allow_overriding=[], cmake_args=None, cmake_target=None, cmake_target_skip_unavailable=False, cmake_clean_cache=False, cmake_clean_first=False, cmake_force_configure=False, ament_cmake_args=None, catkin_cmake_args=None, catkin_skip_building_tests=False, mixin_files=None, mixin=None, verb_parser=<colcon_mixin.mixin.mixin_argument.MixinArgumentDecorator object at 0x7bc242a64520>, verb_extension=<colcon_core.verb.build.BuildVerb object at 0x7bc242a2fe50>, main=<bound method BuildVerb.main of <colcon_core.verb.build.BuildVerb object at 0x7bc242a2fe50>>, mixin_verb=('build',))
[0.113s] Level 1:colcon.colcon_core.package_discovery:discover_packages(colcon_meta) check parameters
[0.113s] Level 1:colcon.colcon_core.package_discovery:discover_packages(recursive) check parameters
[0.113s] Level 1:colcon.colcon_core.package_discovery:discover_packages(ignore) check parameters
[0.113s] Level 1:colcon.colcon_core.package_discovery:discover_packages(path) check parameters
[0.113s] Level 1:colcon.colcon_core.package_discovery:discover_packages(colcon_meta) discover
[0.113s] Level 1:colcon.colcon_core.package_discovery:discover_packages(recursive) discover
[0.113s] INFO:colcon.colcon_core.package_discovery:Crawling recursively for packages in '/home/mparadow/Desktop/ROS2_tutorial/ros2_ws/src'
[0.113s] Level 1:colcon.colcon_core.package_identification:_identify(.) by extensions ['ignore', 'ignore_ament_install']
[0.113s] Level 1:colcon.colcon_core.package_identification:_identify(.) by extension 'ignore'
[0.113s] Level 1:colcon.colcon_core.package_identification:_identify(.) by extension 'ignore_ament_install'
[0.113s] Level 1:colcon.colcon_core.package_identification:_identify(.) by extensions ['colcon_pkg']
[0.113s] Level 1:colcon.colcon_core.package_identification:_identify(.) by extension 'colcon_pkg'
[0.113s] Level 1:colcon.colcon_core.package_identification:_identify(.) by extensions ['colcon_meta']
[0.113s] Level 1:colcon.colcon_core.package_identification:_identify(.) by extension 'colcon_meta'
[0.113s] Level 1:colcon.colcon_core.package_identification:_identify(.) by extensions ['ros']
[0.113s] Level 1:colcon.colcon_core.package_identification:_identify(.) by extension 'ros'
[0.118s] Level 1:colcon.colcon_core.package_identification:_identify(.) by extensions ['cmake', 'python']
[0.118s] Level 1:colcon.colcon_core.package_identification:_identify(.) by extension 'cmake'
[0.118s] Level 1:colcon.colcon_core.package_identification:_identify(.) by extension 'python'
[0.118s] Level 1:colcon.colcon_core.package_identification:_identify(.) by extensions ['python_setup_py']
[0.118s] Level 1:colcon.colcon_core.package_identification:_identify(.) by extension 'python_setup_py'
[0.118s] Level 1:colcon.colcon_core.package_identification:_identify(build) by extensions ['ignore', 'ignore_ament_install']
[0.118s] Level 1:colcon.colcon_core.package_identification:_identify(build) by extension 'ignore'
[0.118s] Level 1:colcon.colcon_core.package_identification:_identify(build) ignored
[0.118s] Level 1:colcon.colcon_core.package_identification:_identify(install) by extensions ['ignore', 'ignore_ament_install']
[0.118s] Level 1:colcon.colcon_core.package_identification:_identify(install) by extension 'ignore'
[0.118s] Level 1:colcon.colcon_core.package_identification:_identify(install) ignored
[0.118s] Level 1:colcon.colcon_core.package_identification:_identify(log) by extensions ['ignore', 'ignore_ament_install']
[0.118s] Level 1:colcon.colcon_core.package_identification:_identify(log) by extension 'ignore'
[0.119s] Level 1:colcon.colcon_core.package_identification:_identify(log) ignored
[0.119s] Level 1:colcon.colcon_core.package_identification:_identify(my_package) by extensions ['ignore', 'ignore_ament_install']
[0.119s] Level 1:colcon.colcon_core.package_identification:_identify(my_package) by extension 'ignore'
[0.119s] Level 1:colcon.colcon_core.package_identification:_identify(my_package) by extension 'ignore_ament_install'
[0.119s] Level 1:colcon.colcon_core.package_identification:_identify(my_package) by extensions ['colcon_pkg']
[0.119s] Level 1:colcon.colcon_core.package_identification:_identify(my_package) by extension 'colcon_pkg'
[0.119s] Level 1:colcon.colcon_core.package_identification:_identify(my_package) by extensions ['colcon_meta']
[0.119s] Level 1:colcon.colcon_core.package_identification:_identify(my_package) by extension 'colcon_meta'
[0.119s] Level 1:colcon.colcon_core.package_identification:_identify(my_package) by extensions ['ros']
[0.119s] Level 1:colcon.colcon_core.package_identification:_identify(my_package) by extension 'ros'
[0.120s] DEBUG:colcon.colcon_core.package_identification:Package 'my_package' with type 'ros.ament_cmake' and name 'my_package'
[0.120s] Level 1:colcon.colcon_core.package_identification:_identify(py_pubsub) by extensions ['ignore', 'ignore_ament_install']
[0.120s] Level 1:colcon.colcon_core.package_identification:_identify(py_pubsub) by extension 'ignore'
[0.120s] Level 1:colcon.colcon_core.package_identification:_identify(py_pubsub) by extension 'ignore_ament_install'
[0.120s] Level 1:colcon.colcon_core.package_identification:_identify(py_pubsub) by extensions ['colcon_pkg']
[0.120s] Level 1:colcon.colcon_core.package_identification:_identify(py_pubsub) by extension 'colcon_pkg'
[0.120s] Level 1:colcon.colcon_core.package_identification:_identify(py_pubsub) by extensions ['colcon_meta']
[0.120s] Level 1:colcon.colcon_core.package_identification:_identify(py_pubsub) by extension 'colcon_meta'
[0.120s] Level 1:colcon.colcon_core.package_identification:_identify(py_pubsub) by extensions ['ros']
[0.120s] Level 1:colcon.colcon_core.package_identification:_identify(py_pubsub) by extension 'ros'
[0.120s] DEBUG:colcon.colcon_core.package_identification:Package 'py_pubsub' with type 'ros.ament_python' and name 'py_pubsub'
[0.120s] Level 1:colcon.colcon_core.package_identification:_identify(python_package) by extensions ['ignore', 'ignore_ament_install']
[0.120s] Level 1:colcon.colcon_core.package_identification:_identify(python_package) by extension 'ignore'
[0.120s] Level 1:colcon.colcon_core.package_identification:_identify(python_package) by extension 'ignore_ament_install'
[0.120s] Level 1:colcon.colcon_core.package_identification:_identify(python_package) by extensions ['colcon_pkg']
[0.120s] Level 1:colcon.colcon_core.package_identification:_identify(python_package) by extension 'colcon_pkg'
[0.120s] Level 1:colcon.colcon_core.package_identification:_identify(python_package) by extensions ['colcon_meta']
[0.120s] Level 1:colcon.colcon_core.package_identification:_identify(python_package) by extension 'colcon_meta'
[0.120s] Level 1:colcon.colcon_core.package_identification:_identify(python_package) by extensions ['ros']
[0.121s] Level 1:colcon.colcon_core.package_identification:_identify(python_package) by extension 'ros'
[0.121s] DEBUG:colcon.colcon_core.package_identification:Package 'python_package' with type 'ros.ament_python' and name 'python_package'
[0.121s] Level 1:colcon.colcon_core.package_identification:_identify(ros_tutorials) by extensions ['ignore', 'ignore_ament_install']
[0.121s] Level 1:colcon.colcon_core.package_identification:_identify(ros_tutorials) by extension 'ignore'
[0.121s] Level 1:colcon.colcon_core.package_identification:_identify(ros_tutorials) by extension 'ignore_ament_install'
[0.121s] Level 1:colcon.colcon_core.package_identification:_identify(ros_tutorials) by extensions ['colcon_pkg']
[0.121s] Level 1:colcon.colcon_core.package_identification:_identify(ros_tutorials) by extension 'colcon_pkg'
[0.121s] Level 1:colcon.colcon_core.package_identification:_identify(ros_tutorials) by extensions ['colcon_meta']
[0.121s] Level 1:colcon.colcon_core.package_identification:_identify(ros_tutorials) by extension 'colcon_meta'
[0.121s] Level 1:colcon.colcon_core.package_identification:_identify(ros_tutorials) by extensions ['ros']
[0.121s] Level 1:colcon.colcon_core.package_identification:_identify(ros_tutorials) by extension 'ros'
[0.121s] Level 1:colcon.colcon_core.package_identification:_identify(ros_tutorials) by extensions ['cmake', 'python']
[0.121s] Level 1:colcon.colcon_core.package_identification:_identify(ros_tutorials) by extension 'cmake'
[0.121s] Level 1:colcon.colcon_core.package_identification:_identify(ros_tutorials) by extension 'python'
[0.121s] Level 1:colcon.colcon_core.package_identification:_identify(ros_tutorials) by extensions ['python_setup_py']
[0.121s] Level 1:colcon.colcon_core.package_identification:_identify(ros_tutorials) by extension 'python_setup_py'
[0.121s] Level 1:colcon.colcon_core.package_identification:_identify(ros_tutorials/ros_tutorials) by extensions ['ignore', 'ignore_ament_install']
[0.121s] Level 1:colcon.colcon_core.package_identification:_identify(ros_tutorials/ros_tutorials) by extension 'ignore'
[0.121s] Level 1:colcon.colcon_core.package_identification:_identify(ros_tutorials/ros_tutorials) ignored
[0.121s] Level 1:colcon.colcon_core.package_identification:_identify(ros_tutorials/roscpp_tutorials) by extensions ['ignore', 'ignore_ament_install']
[0.122s] Level 1:colcon.colcon_core.package_identification:_identify(ros_tutorials/roscpp_tutorials) by extension 'ignore'
[0.122s] Level 1:colcon.colcon_core.package_identification:_identify(ros_tutorials/roscpp_tutorials) ignored
[0.122s] Level 1:colcon.colcon_core.package_identification:_identify(ros_tutorials/rospy_tutorials) by extensions ['ignore', 'ignore_ament_install']
[0.122s] Level 1:colcon.colcon_core.package_identification:_identify(ros_tutorials/rospy_tutorials) by extension 'ignore'
[0.122s] Level 1:colcon.colcon_core.package_identification:_identify(ros_tutorials/rospy_tutorials) ignored
[0.122s] Level 1:colcon.colcon_core.package_identification:_identify(ros_tutorials/turtlesim) by extensions ['ignore', 'ignore_ament_install']
[0.122s] Level 1:colcon.colcon_core.package_identification:_identify(ros_tutorials/turtlesim) by extension 'ignore'
[0.122s] Level 1:colcon.colcon_core.package_identification:_identify(ros_tutorials/turtlesim) by extension 'ignore_ament_install'
[0.122s] Level 1:colcon.colcon_core.package_identification:_identify(ros_tutorials/turtlesim) by extensions ['colcon_pkg']
[0.122s] Level 1:colcon.colcon_core.package_identification:_identify(ros_tutorials/turtlesim) by extension 'colcon_pkg'
[0.122s] Level 1:colcon.colcon_core.package_identification:_identify(ros_tutorials/turtlesim) by extensions ['colcon_meta']
[0.122s] Level 1:colcon.colcon_core.package_identification:_identify(ros_tutorials/turtlesim) by extension 'colcon_meta'
[0.122s] Level 1:colcon.colcon_core.package_identification:_identify(ros_tutorials/turtlesim) by extensions ['ros']
[0.122s] Level 1:colcon.colcon_core.package_identification:_identify(ros_tutorials/turtlesim) by extension 'ros'
[0.123s] DEBUG:colcon.colcon_core.package_identification:Package 'ros_tutorials/turtlesim' with type 'ros.ament_cmake' and name 'turtlesim'
[0.123s] Level 1:colcon.colcon_core.package_discovery:discover_packages(recursive) using defaults
[0.123s] Level 1:colcon.colcon_core.package_discovery:discover_packages(ignore) discover
[0.123s] Level 1:colcon.colcon_core.package_discovery:discover_packages(ignore) using defaults
[0.123s] Level 1:colcon.colcon_core.package_discovery:discover_packages(path) discover
[0.123s] Level 1:colcon.colcon_core.package_discovery:discover_packages(path) using defaults
[0.136s] Level 1:colcon.colcon_core.package_discovery:discover_packages(prefix_path) check parameters
[0.136s] Level 1:colcon.colcon_core.package_discovery:discover_packages(prefix_path) discover
[0.137s] DEBUG:colcon.colcon_installed_package_information.package_discovery:Found 236 installed packages in /opt/ros/humble
[0.137s] Level 1:colcon.colcon_core.package_discovery:discover_packages(prefix_path) using defaults
[0.151s] Level 5:colcon.colcon_core.verb:set package 'my_package' build argument 'cmake_args' from command line to 'None'
[0.151s] Level 5:colcon.colcon_core.verb:set package 'my_package' build argument 'cmake_target' from command line to 'None'
[0.151s] Level 5:colcon.colcon_core.verb:set package 'my_package' build argument 'cmake_target_skip_unavailable' from command line to 'False'
[0.151s] Level 5:colcon.colcon_core.verb:set package 'my_package' build argument 'cmake_clean_cache' from command line to 'False'
[0.151s] Level 5:colcon.colcon_core.verb:set package 'my_package' build argument 'cmake_clean_first' from command line to 'False'
[0.151s] Level 5:colcon.colcon_core.verb:set package 'my_package' build argument 'cmake_force_configure' from command line to 'False'
[0.151s] Level 5:colcon.colcon_core.verb:set package 'my_package' build argument 'ament_cmake_args' from command line to 'None'
[0.151s] Level 5:colcon.colcon_core.verb:set package 'my_package' build argument 'catkin_cmake_args' from command line to 'None'
[0.151s] Level 5:colcon.colcon_core.verb:set package 'my_package' build argument 'catkin_skip_building_tests' from command line to 'False'
[0.151s] DEBUG:colcon.colcon_core.verb:Building package 'my_package' with the following arguments: {'ament_cmake_args': None, 'build_base': '/home/mparadow/Desktop/ROS2_tutorial/ros2_ws/src/build/my_package', 'catkin_cmake_args': None, 'catkin_skip_building_tests': False, 'cmake_args': None, 'cmake_clean_cache': False, 'cmake_clean_first': False, 'cmake_force_configure': False, 'cmake_target': None, 'cmake_target_skip_unavailable': False, 'install_base': '/home/mparadow/Desktop/ROS2_tutorial/ros2_ws/src/install/my_package', 'merge_install': False, 'path': '/home/mparadow/Desktop/ROS2_tutorial/ros2_ws/src/my_package', 'symlink_install': False, 'test_result_base': None}
[0.151s] Level 5:colcon.colcon_core.verb:set package 'py_pubsub' build argument 'cmake_args' from command line to 'None'
[0.151s] Level 5:colcon.colcon_core.verb:set package 'py_pubsub' build argument 'cmake_target' from command line to 'None'
[0.151s] Level 5:colcon.colcon_core.verb:set package 'py_pubsub' build argument 'cmake_target_skip_unavailable' from command line to 'False'
[0.151s] Level 5:colcon.colcon_core.verb:set package 'py_pubsub' build argument 'cmake_clean_cache' from command line to 'False'
[0.151s] Level 5:colcon.colcon_core.verb:set package 'py_pubsub' build argument 'cmake_clean_first' from command line to 'False'
[0.151s] Level 5:colcon.colcon_core.verb:set package 'py_pubsub' build argument 'cmake_force_configure' from command line to 'False'
[0.151s] Level 5:colcon.colcon_core.verb:set package 'py_pubsub' build argument 'ament_cmake_args' from command line to 'None'
[0.151s] Level 5:colcon.colcon_core.verb:set package 'py_pubsub' build argument 'catkin_cmake_args' from command line to 'None'
[0.151s] Level 5:colcon.colcon_core.verb:set package 'py_pubsub' build argument 'catkin_skip_building_tests' from command line to 'False'
[0.151s] DEBUG:colcon.colcon_core.verb:Building package 'py_pubsub' with the following arguments: {'ament_cmake_args': None, 'build_base': '/home/mparadow/Desktop/ROS2_tutorial/ros2_ws/src/build/py_pubsub', 'catkin_cmake_args': None, 'catkin_skip_building_tests': False, 'cmake_args': None, 'cmake_clean_cache': False, 'cmake_clean_first': False, 'cmake_force_configure': False, 'cmake_target': None, 'cmake_target_skip_unavailable': False, 'install_base': '/home/mparadow/Desktop/ROS2_tutorial/ros2_ws/src/install/py_pubsub', 'merge_install': False, 'path': '/home/mparadow/Desktop/ROS2_tutorial/ros2_ws/src/py_pubsub', 'symlink_install': False, 'test_result_base': None}
[0.151s] Level 5:colcon.colcon_core.verb:set package 'python_package' build argument 'cmake_args' from command line to 'None'
[0.151s] Level 5:colcon.colcon_core.verb:set package 'python_package' build argument 'cmake_target' from command line to 'None'
[0.151s] Level 5:colcon.colcon_core.verb:set package 'python_package' build argument 'cmake_target_skip_unavailable' from command line to 'False'
[0.151s] Level 5:colcon.colcon_core.verb:set package 'python_package' build argument 'cmake_clean_cache' from command line to 'False'
[0.151s] Level 5:colcon.colcon_core.verb:set package 'python_package' build argument 'cmake_clean_first' from command line to 'False'
[0.151s] Level 5:colcon.colcon_core.verb:set package 'python_package' build argument 'cmake_force_configure' from command line to 'False'
[0.151s] Level 5:colcon.colcon_core.verb:set package 'python_package' build argument 'ament_cmake_args' from command line to 'None'
[0.151s] Level 5:colcon.colcon_core.verb:set package 'python_package' build argument 'catkin_cmake_args' from command line to 'None'
[0.151s] Level 5:colcon.colcon_core.verb:set package 'python_package' build argument 'catkin_skip_building_tests' from command line to 'False'
[0.151s] DEBUG:colcon.colcon_core.verb:Building package 'python_package' with the following arguments: {'ament_cmake_args': None, 'build_base': '/home/mparadow/Desktop/ROS2_tutorial/ros2_ws/src/build/python_package', 'catkin_cmake_args': None, 'catkin_skip_building_tests': False, 'cmake_args': None, 'cmake_clean_cache': False, 'cmake_clean_first': False, 'cmake_force_configure': False, 'cmake_target': None, 'cmake_target_skip_unavailable': False, 'install_base': '/home/mparadow/Desktop/ROS2_tutorial/ros2_ws/src/install/python_package', 'merge_install': False, 'path': '/home/mparadow/Desktop/ROS2_tutorial/ros2_ws/src/python_package', 'symlink_install': False, 'test_result_base': None}
[0.151s] Level 5:colcon.colcon_core.verb:set package 'turtlesim' build argument 'cmake_args' from command line to 'None'
[0.151s] Level 5:colcon.colcon_core.verb:set package 'turtlesim' build argument 'cmake_target' from command line to 'None'
[0.151s] Level 5:colcon.colcon_core.verb:set package 'turtlesim' build argument 'cmake_target_skip_unavailable' from command line to 'False'
[0.151s] Level 5:colcon.colcon_core.verb:set package 'turtlesim' build argument 'cmake_clean_cache' from command line to 'False'
[0.151s] Level 5:colcon.colcon_core.verb:set package 'turtlesim' build argument 'cmake_clean_first' from command line to 'False'
[0.151s] Level 5:colcon.colcon_core.verb:set package 'turtlesim' build argument 'cmake_force_configure' from command line to 'False'
[0.151s] Level 5:colcon.colcon_core.verb:set package 'turtlesim' build argument 'ament_cmake_args' from command line to 'None'
[0.151s] Level 5:colcon.colcon_core.verb:set package 'turtlesim' build argument 'catkin_cmake_args' from command line to 'None'
[0.151s] Level 5:colcon.colcon_core.verb:set package 'turtlesim' build argument 'catkin_skip_building_tests' from command line to 'False'
[0.151s] DEBUG:colcon.colcon_core.verb:Building package 'turtlesim' with the following arguments: {'ament_cmake_args': None, 'build_base': '/home/mparadow/Desktop/ROS2_tutorial/ros2_ws/src/build/turtlesim', 'catkin_cmake_args': None, 'catkin_skip_building_tests': False, 'cmake_args': None, 'cmake_clean_cache': False, 'cmake_clean_first': False, 'cmake_force_configure': False, 'cmake_target': None, 'cmake_target_skip_unavailable': False, 'install_base': '/home/mparadow/Desktop/ROS2_tutorial/ros2_ws/src/install/turtlesim', 'merge_install': False, 'path': '/home/mparadow/Desktop/ROS2_tutorial/ros2_ws/src/ros_tutorials/turtlesim', 'symlink_install': False, 'test_result_base': None}
[0.152s] INFO:colcon.colcon_core.executor:Executing jobs using 'parallel' executor
[0.152s] DEBUG:colcon.colcon_parallel_executor.executor.parallel:run_until_complete
[0.152s] INFO:colcon.colcon_ros.task.ament_cmake.build:Building ROS package in '/home/mparadow/Desktop/ROS2_tutorial/ros2_ws/src/my_package' with build type 'ament_cmake'
[0.152s] INFO:colcon.colcon_cmake.task.cmake.build:Building CMake package in '/home/mparadow/Desktop/ROS2_tutorial/ros2_ws/src/my_package'
[0.153s] INFO:colcon.colcon_core.plugin_system:Skipping extension 'colcon_core.shell.bat': Not used on non-Windows systems
[0.153s] INFO:colcon.colcon_core.shell:Skip shell extension 'powershell' for command environment: Not usable outside of PowerShell
[0.153s] DEBUG:colcon.colcon_core.shell:Skip shell extension 'dsv' for command environment
[0.154s] INFO:colcon.colcon_ros.task.ament_python.build:Building ROS package in '/home/mparadow/Desktop/ROS2_tutorial/ros2_ws/src/py_pubsub' with build type 'ament_python'
[0.154s] Level 1:colcon.colcon_core.shell:create_environment_hook('py_pubsub', 'ament_prefix_path')
[0.154s] INFO:colcon.colcon_core.shell:Creating environment hook '/home/mparadow/Desktop/ROS2_tutorial/ros2_ws/src/install/py_pubsub/share/py_pubsub/hook/ament_prefix_path.ps1'
[0.155s] INFO:colcon.colcon_core.shell:Creating environment descriptor '/home/mparadow/Desktop/ROS2_tutorial/ros2_ws/src/install/py_pubsub/share/py_pubsub/hook/ament_prefix_path.dsv'
[0.155s] INFO:colcon.colcon_core.shell:Creating environment hook '/home/mparadow/Desktop/ROS2_tutorial/ros2_ws/src/install/py_pubsub/share/py_pubsub/hook/ament_prefix_path.sh'
[0.155s] INFO:colcon.colcon_core.shell:Skip shell extension 'powershell' for command environment: Not usable outside of PowerShell
[0.155s] DEBUG:colcon.colcon_core.shell:Skip shell extension 'dsv' for command environment
[0.156s] INFO:colcon.colcon_ros.task.ament_python.build:Building ROS package in '/home/mparadow/Desktop/ROS2_tutorial/ros2_ws/src/python_package' with build type 'ament_python'
[0.156s] Level 1:colcon.colcon_core.shell:create_environment_hook('python_package', 'ament_prefix_path')
[0.156s] INFO:colcon.colcon_core.shell:Creating environment hook '/home/mparadow/Desktop/ROS2_tutorial/ros2_ws/src/install/python_package/share/python_package/hook/ament_prefix_path.ps1'
[0.156s] INFO:colcon.colcon_core.shell:Creating environment descriptor '/home/mparadow/Desktop/ROS2_tutorial/ros2_ws/src/install/python_package/share/python_package/hook/ament_prefix_path.dsv'
[0.157s] INFO:colcon.colcon_core.shell:Creating environment hook '/home/mparadow/Desktop/ROS2_tutorial/ros2_ws/src/install/python_package/share/python_package/hook/ament_prefix_path.sh'
[0.157s] INFO:colcon.colcon_core.shell:Skip shell extension 'powershell' for command environment: Not usable outside of PowerShell
[0.157s] DEBUG:colcon.colcon_core.shell:Skip shell extension 'dsv' for command environment
[0.158s] INFO:colcon.colcon_ros.task.ament_cmake.build:Building ROS package in '/home/mparadow/Desktop/ROS2_tutorial/ros2_ws/src/ros_tutorials/turtlesim' with build type 'ament_cmake'
[0.158s] INFO:colcon.colcon_cmake.task.cmake.build:Building CMake package in '/home/mparadow/Desktop/ROS2_tutorial/ros2_ws/src/ros_tutorials/turtlesim'
[0.158s] INFO:colcon.colcon_core.shell:Skip shell extension 'powershell' for command environment: Not usable outside of PowerShell
[0.158s] DEBUG:colcon.colcon_core.shell:Skip shell extension 'dsv' for command environment
[0.161s] DEBUG:colcon.colcon_core.event_handler.log_command:Invoking command in '/home/mparadow/Desktop/ROS2_tutorial/ros2_ws/src/build/my_package': CMAKE_PREFIX_PATH=/opt/ros/humble /usr/bin/cmake /home/mparadow/Desktop/ROS2_tutorial/ros2_ws/src/my_package -DCMAKE_INSTALL_PREFIX=/home/mparadow/Desktop/ROS2_tutorial/ros2_ws/src/install/my_package
[0.270s] INFO:colcon.colcon_core.task.python.build:Building Python package in '/home/mparadow/Desktop/ROS2_tutorial/ros2_ws/src/py_pubsub'
[0.270s] INFO:colcon.colcon_core.shell:Skip shell extension 'powershell' for command environment: Not usable outside of PowerShell
[0.270s] DEBUG:colcon.colcon_core.shell:Skip shell extension 'dsv' for command environment
[0.375s] INFO:colcon.colcon_core.task.python.build:Building Python package in '/home/mparadow/Desktop/ROS2_tutorial/ros2_ws/src/python_package'
[0.375s] INFO:colcon.colcon_core.shell:Skip shell extension 'powershell' for command environment: Not usable outside of PowerShell
[0.375s] DEBUG:colcon.colcon_core.shell:Skip shell extension 'dsv' for command environment
[0.379s] DEBUG:colcon.colcon_core.event_handler.log_command:Invoking command in '/home/mparadow/Desktop/ROS2_tutorial/ros2_ws/src/build/turtlesim': CMAKE_PREFIX_PATH=/opt/ros/humble /usr/bin/cmake /home/mparadow/Desktop/ROS2_tutorial/ros2_ws/src/ros_tutorials/turtlesim -DCMAKE_INSTALL_PREFIX=/home/mparadow/Desktop/ROS2_tutorial/ros2_ws/src/install/turtlesim
[0.531s] DEBUG:colcon.colcon_core.event_handler.log_command:Invoking command in '/home/mparadow/Desktop/ROS2_tutorial/ros2_ws/src/python_package': PYTHONPATH=/home/mparadow/Desktop/ROS2_tutorial/ros2_ws/src/build/python_package/prefix_override:/usr/lib/python3/dist-packages/colcon_core/task/python/colcon_distutils_commands:/home/mparadow/Desktop/ROS2_tutorial/ros2_ws/src/install/python_package/lib/python3.10/site-packages:${PYTHONPATH} /usr/bin/python3 -W ignore:setup.py install is deprecated -W ignore:easy_install command is deprecated setup.py egg_info --egg-base ../build/python_package build --build-base /home/mparadow/Desktop/ROS2_tutorial/ros2_ws/src/build/python_package/build install --record /home/mparadow/Desktop/ROS2_tutorial/ros2_ws/src/build/python_package/install.log --single-version-externally-managed install_data
[0.536s] DEBUG:colcon.colcon_core.event_handler.log_command:Invoking command in '/home/mparadow/Desktop/ROS2_tutorial/ros2_ws/src/py_pubsub': PYTHONPATH=/home/mparadow/Desktop/ROS2_tutorial/ros2_ws/src/build/py_pubsub/prefix_override:/usr/lib/python3/dist-packages/colcon_core/task/python/colcon_distutils_commands:/home/mparadow/Desktop/ROS2_tutorial/ros2_ws/src/install/py_pubsub/lib/python3.10/site-packages:${PYTHONPATH} /usr/bin/python3 -W ignore:setup.py install is deprecated -W ignore:easy_install command is deprecated setup.py egg_info --egg-base ../build/py_pubsub build --build-base /home/mparadow/Desktop/ROS2_tutorial/ros2_ws/src/build/py_pubsub/build install --record /home/mparadow/Desktop/ROS2_tutorial/ros2_ws/src/build/py_pubsub/install.log --single-version-externally-managed install_data
[0.568s] DEBUG:colcon.colcon_core.event_handler.log_command:Invoked command in '/home/mparadow/Desktop/ROS2_tutorial/ros2_ws/src/build/my_package' returned '0': CMAKE_PREFIX_PATH=/opt/ros/humble /usr/bin/cmake /home/mparadow/Desktop/ROS2_tutorial/ros2_ws/src/my_package -DCMAKE_INSTALL_PREFIX=/home/mparadow/Desktop/ROS2_tutorial/ros2_ws/src/install/my_package
[0.569s] DEBUG:colcon.colcon_core.event_handler.log_command:Invoking command in '/home/mparadow/Desktop/ROS2_tutorial/ros2_ws/src/build/my_package': CMAKE_PREFIX_PATH=/opt/ros/humble /usr/bin/cmake --build /home/mparadow/Desktop/ROS2_tutorial/ros2_ws/src/build/my_package -- -j24 -l24
[0.649s] DEBUG:colcon.colcon_core.event_handler.log_command:Invoked command in '/home/mparadow/Desktop/ROS2_tutorial/ros2_ws/src/build/my_package' returned '0': CMAKE_PREFIX_PATH=/opt/ros/humble /usr/bin/cmake --build /home/mparadow/Desktop/ROS2_tutorial/ros2_ws/src/build/my_package -- -j24 -l24
[0.655s] DEBUG:colcon.colcon_core.event_handler.log_command:Invoking command in '/home/mparadow/Desktop/ROS2_tutorial/ros2_ws/src/build/my_package': CMAKE_PREFIX_PATH=/opt/ros/humble /usr/bin/cmake --install /home/mparadow/Desktop/ROS2_tutorial/ros2_ws/src/build/my_package
[0.655s] DEBUG:colcon.colcon_core.event_handler.log_command:Invoked command in '/home/mparadow/Desktop/ROS2_tutorial/ros2_ws/src/python_package' returned '0': PYTHONPATH=/home/mparadow/Desktop/ROS2_tutorial/ros2_ws/src/build/python_package/prefix_override:/usr/lib/python3/dist-packages/colcon_core/task/python/colcon_distutils_commands:/home/mparadow/Desktop/ROS2_tutorial/ros2_ws/src/install/python_package/lib/python3.10/site-packages:${PYTHONPATH} /usr/bin/python3 -W ignore:setup.py install is deprecated -W ignore:easy_install command is deprecated setup.py egg_info --egg-base ../build/python_package build --build-base /home/mparadow/Desktop/ROS2_tutorial/ros2_ws/src/build/python_package/build install --record /home/mparadow/Desktop/ROS2_tutorial/ros2_ws/src/build/python_package/install.log --single-version-externally-managed install_data
[0.659s] Level 1:colcon.colcon_core.environment:checking '/home/mparadow/Desktop/ROS2_tutorial/ros2_ws/src/install/python_package' for CMake module files
[0.659s] Level 1:colcon.colcon_core.environment:checking '/home/mparadow/Desktop/ROS2_tutorial/ros2_ws/src/install/python_package' for CMake config files
[0.660s] Level 1:colcon.colcon_core.environment:checking '/home/mparadow/Desktop/ROS2_tutorial/ros2_ws/src/install/python_package/lib'
[0.661s] Level 1:colcon.colcon_core.environment:checking '/home/mparadow/Desktop/ROS2_tutorial/ros2_ws/src/install/python_package/bin'
[0.661s] Level 1:colcon.colcon_core.environment:checking '/home/mparadow/Desktop/ROS2_tutorial/ros2_ws/src/install/python_package/lib/pkgconfig/python_package.pc'
[0.661s] Level 1:colcon.colcon_core.environment:checking '/home/mparadow/Desktop/ROS2_tutorial/ros2_ws/src/install/python_package/lib/python3.10/site-packages'
[0.661s] Level 1:colcon.colcon_core.shell:create_environment_hook('python_package', 'pythonpath')
[0.661s] INFO:colcon.colcon_core.shell:Creating environment hook '/home/mparadow/Desktop/ROS2_tutorial/ros2_ws/src/install/python_package/share/python_package/hook/pythonpath.ps1'
[0.661s] INFO:colcon.colcon_core.shell:Creating environment descriptor '/home/mparadow/Desktop/ROS2_tutorial/ros2_ws/src/install/python_package/share/python_package/hook/pythonpath.dsv'
[0.661s] INFO:colcon.colcon_core.shell:Creating environment hook '/home/mparadow/Desktop/ROS2_tutorial/ros2_ws/src/install/python_package/share/python_package/hook/pythonpath.sh'
[0.662s] Level 1:colcon.colcon_core.environment:checking '/home/mparadow/Desktop/ROS2_tutorial/ros2_ws/src/install/python_package/bin'
[0.662s] Level 1:colcon.colcon_core.environment:create_environment_scripts_only(python_package)
[0.662s] INFO:colcon.colcon_core.shell:Creating package script '/home/mparadow/Desktop/ROS2_tutorial/ros2_ws/src/install/python_package/share/python_package/package.ps1'
[0.662s] INFO:colcon.colcon_core.shell:Creating package descriptor '/home/mparadow/Desktop/ROS2_tutorial/ros2_ws/src/install/python_package/share/python_package/package.dsv'
[0.662s] INFO:colcon.colcon_core.shell:Creating package script '/home/mparadow/Desktop/ROS2_tutorial/ros2_ws/src/install/python_package/share/python_package/package.sh'
[0.663s] INFO:colcon.colcon_core.shell:Creating package script '/home/mparadow/Desktop/ROS2_tutorial/ros2_ws/src/install/python_package/share/python_package/package.bash'
[0.663s] INFO:colcon.colcon_core.shell:Creating package script '/home/mparadow/Desktop/ROS2_tutorial/ros2_ws/src/install/python_package/share/python_package/package.zsh'
[0.664s] Level 1:colcon.colcon_core.environment:create_file_with_runtime_dependencies(/home/mparadow/Desktop/ROS2_tutorial/ros2_ws/src/install/python_package/share/colcon-core/packages/python_package)
[0.664s] Level 1:colcon.colcon_core.environment:create_environment_scripts_only(my_package)
[0.664s] Level 1:colcon.colcon_core.environment:checking '/home/mparadow/Desktop/ROS2_tutorial/ros2_ws/src/install/my_package' for CMake module files
[0.665s] DEBUG:colcon.colcon_core.event_handler.log_command:Invoked command in '/home/mparadow/Desktop/ROS2_tutorial/ros2_ws/src/build/my_package' returned '0': CMAKE_PREFIX_PATH=/opt/ros/humble /usr/bin/cmake --install /home/mparadow/Desktop/ROS2_tutorial/ros2_ws/src/build/my_package
[0.665s] Level 1:colcon.colcon_core.environment:checking '/home/mparadow/Desktop/ROS2_tutorial/ros2_ws/src/install/my_package' for CMake config files
[0.665s] Level 1:colcon.colcon_core.shell:create_environment_hook('my_package', 'cmake_prefix_path')
[0.665s] INFO:colcon.colcon_core.shell:Creating environment hook '/home/mparadow/Desktop/ROS2_tutorial/ros2_ws/src/install/my_package/share/my_package/hook/cmake_prefix_path.ps1'
[0.665s] INFO:colcon.colcon_core.shell:Creating environment descriptor '/home/mparadow/Desktop/ROS2_tutorial/ros2_ws/src/install/my_package/share/my_package/hook/cmake_prefix_path.dsv'
[0.665s] INFO:colcon.colcon_core.shell:Creating environment hook '/home/mparadow/Desktop/ROS2_tutorial/ros2_ws/src/install/my_package/share/my_package/hook/cmake_prefix_path.sh'
[0.665s] Level 1:colcon.colcon_core.environment:checking '/home/mparadow/Desktop/ROS2_tutorial/ros2_ws/src/install/my_package/lib'
[0.665s] Level 1:colcon.colcon_core.environment:checking '/home/mparadow/Desktop/ROS2_tutorial/ros2_ws/src/install/my_package/bin'
[0.665s] Level 1:colcon.colcon_core.environment:checking '/home/mparadow/Desktop/ROS2_tutorial/ros2_ws/src/install/my_package/lib/pkgconfig/my_package.pc'
[0.666s] Level 1:colcon.colcon_core.environment:checking '/home/mparadow/Desktop/ROS2_tutorial/ros2_ws/src/install/my_package/lib/python3.10/site-packages'
[0.666s] Level 1:colcon.colcon_core.environment:checking '/home/mparadow/Desktop/ROS2_tutorial/ros2_ws/src/install/my_package/bin'
[0.666s] INFO:colcon.colcon_core.shell:Creating package script '/home/mparadow/Desktop/ROS2_tutorial/ros2_ws/src/install/my_package/share/my_package/package.ps1'
[0.666s] INFO:colcon.colcon_core.shell:Creating package descriptor '/home/mparadow/Desktop/ROS2_tutorial/ros2_ws/src/install/my_package/share/my_package/package.dsv'
[0.666s] INFO:colcon.colcon_core.shell:Creating package script '/home/mparadow/Desktop/ROS2_tutorial/ros2_ws/src/install/my_package/share/my_package/package.sh'
[0.666s] INFO:colcon.colcon_core.shell:Creating package script '/home/mparadow/Desktop/ROS2_tutorial/ros2_ws/src/install/my_package/share/my_package/package.bash'
[0.666s] INFO:colcon.colcon_core.shell:Creating package script '/home/mparadow/Desktop/ROS2_tutorial/ros2_ws/src/install/my_package/share/my_package/package.zsh'
[0.666s] Level 1:colcon.colcon_core.environment:create_file_with_runtime_dependencies(/home/mparadow/Desktop/ROS2_tutorial/ros2_ws/src/install/my_package/share/colcon-core/packages/my_package)
[0.667s] Level 1:colcon.colcon_core.environment:create_environment_scripts_only(my_package)
[0.667s] Level 1:colcon.colcon_core.environment:checking '/home/mparadow/Desktop/ROS2_tutorial/ros2_ws/src/install/my_package' for CMake module files
[0.667s] Level 1:colcon.colcon_core.environment:checking '/home/mparadow/Desktop/ROS2_tutorial/ros2_ws/src/install/my_package' for CMake config files
[0.667s] Level 1:colcon.colcon_core.shell:create_environment_hook('my_package', 'cmake_prefix_path')
[0.667s] INFO:colcon.colcon_core.shell:Creating environment hook '/home/mparadow/Desktop/ROS2_tutorial/ros2_ws/src/install/my_package/share/my_package/hook/cmake_prefix_path.ps1'
[0.667s] INFO:colcon.colcon_core.shell:Creating environment descriptor '/home/mparadow/Desktop/ROS2_tutorial/ros2_ws/src/install/my_package/share/my_package/hook/cmake_prefix_path.dsv'
[0.667s] INFO:colcon.colcon_core.shell:Creating environment hook '/home/mparadow/Desktop/ROS2_tutorial/ros2_ws/src/install/my_package/share/my_package/hook/cmake_prefix_path.sh'
[0.668s] Level 1:colcon.colcon_core.environment:checking '/home/mparadow/Desktop/ROS2_tutorial/ros2_ws/src/install/my_package/lib'
[0.668s] Level 1:colcon.colcon_core.environment:checking '/home/mparadow/Desktop/ROS2_tutorial/ros2_ws/src/install/my_package/bin'
[0.668s] Level 1:colcon.colcon_core.environment:checking '/home/mparadow/Desktop/ROS2_tutorial/ros2_ws/src/install/my_package/lib/pkgconfig/my_package.pc'
[0.668s] Level 1:colcon.colcon_core.environment:checking '/home/mparadow/Desktop/ROS2_tutorial/ros2_ws/src/install/my_package/lib/python3.10/site-packages'
[0.668s] Level 1:colcon.colcon_core.environment:checking '/home/mparadow/Desktop/ROS2_tutorial/ros2_ws/src/install/my_package/bin'
[0.668s] INFO:colcon.colcon_core.shell:Creating package script '/home/mparadow/Desktop/ROS2_tutorial/ros2_ws/src/install/my_package/share/my_package/package.ps1'
[0.668s] INFO:colcon.colcon_core.shell:Creating package descriptor '/home/mparadow/Desktop/ROS2_tutorial/ros2_ws/src/install/my_package/share/my_package/package.dsv'
[0.668s] INFO:colcon.colcon_core.shell:Creating package script '/home/mparadow/Desktop/ROS2_tutorial/ros2_ws/src/install/my_package/share/my_package/package.sh'
[0.668s] INFO:colcon.colcon_core.shell:Creating package script '/home/mparadow/Desktop/ROS2_tutorial/ros2_ws/src/install/my_package/share/my_package/package.bash'
[0.669s] INFO:colcon.colcon_core.shell:Creating package script '/home/mparadow/Desktop/ROS2_tutorial/ros2_ws/src/install/my_package/share/my_package/package.zsh'
[0.669s] Level 1:colcon.colcon_core.environment:create_file_with_runtime_dependencies(/home/mparadow/Desktop/ROS2_tutorial/ros2_ws/src/install/my_package/share/colcon-core/packages/my_package)
[0.669s] Level 1:colcon.colcon_core.environment:checking '/home/mparadow/Desktop/ROS2_tutorial/ros2_ws/src/install/py_pubsub' for CMake module files
[0.669s] Level 1:colcon.colcon_core.environment:checking '/home/mparadow/Desktop/ROS2_tutorial/ros2_ws/src/install/py_pubsub' for CMake config files
[0.670s] DEBUG:colcon.colcon_core.event_handler.log_command:Invoked command in '/home/mparadow/Desktop/ROS2_tutorial/ros2_ws/src/py_pubsub' returned '0': PYTHONPATH=/home/mparadow/Desktop/ROS2_tutorial/ros2_ws/src/build/py_pubsub/prefix_override:/usr/lib/python3/dist-packages/colcon_core/task/python/colcon_distutils_commands:/home/mparadow/Desktop/ROS2_tutorial/ros2_ws/src/install/py_pubsub/lib/python3.10/site-packages:${PYTHONPATH} /usr/bin/python3 -W ignore:setup.py install is deprecated -W ignore:easy_install command is deprecated setup.py egg_info --egg-base ../build/py_pubsub build --build-base /home/mparadow/Desktop/ROS2_tutorial/ros2_ws/src/build/py_pubsub/build install --record /home/mparadow/Desktop/ROS2_tutorial/ros2_ws/src/build/py_pubsub/install.log --single-version-externally-managed install_data
[0.670s] Level 1:colcon.colcon_core.environment:checking '/home/mparadow/Desktop/ROS2_tutorial/ros2_ws/src/install/py_pubsub/lib'
[0.670s] Level 1:colcon.colcon_core.environment:checking '/home/mparadow/Desktop/ROS2_tutorial/ros2_ws/src/install/py_pubsub/bin'
[0.670s] Level 1:colcon.colcon_core.environment:checking '/home/mparadow/Desktop/ROS2_tutorial/ros2_ws/src/install/py_pubsub/lib/pkgconfig/py_pubsub.pc'
[0.670s] Level 1:colcon.colcon_core.environment:checking '/home/mparadow/Desktop/ROS2_tutorial/ros2_ws/src/install/py_pubsub/lib/python3.10/site-packages'
[0.670s] Level 1:colcon.colcon_core.shell:create_environment_hook('py_pubsub', 'pythonpath')
[0.670s] INFO:colcon.colcon_core.shell:Creating environment hook '/home/mparadow/Desktop/ROS2_tutorial/ros2_ws/src/install/py_pubsub/share/py_pubsub/hook/pythonpath.ps1'
[0.670s] INFO:colcon.colcon_core.shell:Creating environment descriptor '/home/mparadow/Desktop/ROS2_tutorial/ros2_ws/src/install/py_pubsub/share/py_pubsub/hook/pythonpath.dsv'
[0.670s] INFO:colcon.colcon_core.shell:Creating environment hook '/home/mparadow/Desktop/ROS2_tutorial/ros2_ws/src/install/py_pubsub/share/py_pubsub/hook/pythonpath.sh'
[0.670s] Level 1:colcon.colcon_core.environment:checking '/home/mparadow/Desktop/ROS2_tutorial/ros2_ws/src/install/py_pubsub/bin'
[0.670s] Level 1:colcon.colcon_core.environment:create_environment_scripts_only(py_pubsub)
[0.671s] INFO:colcon.colcon_core.shell:Creating package script '/home/mparadow/Desktop/ROS2_tutorial/ros2_ws/src/install/py_pubsub/share/py_pubsub/package.ps1'
[0.671s] INFO:colcon.colcon_core.shell:Creating package descriptor '/home/mparadow/Desktop/ROS2_tutorial/ros2_ws/src/install/py_pubsub/share/py_pubsub/package.dsv'
[0.671s] INFO:colcon.colcon_core.shell:Creating package script '/home/mparadow/Desktop/ROS2_tutorial/ros2_ws/src/install/py_pubsub/share/py_pubsub/package.sh'
[0.671s] INFO:colcon.colcon_core.shell:Creating package script '/home/mparadow/Desktop/ROS2_tutorial/ros2_ws/src/install/py_pubsub/share/py_pubsub/package.bash'
[0.671s] INFO:colcon.colcon_core.shell:Creating package script '/home/mparadow/Desktop/ROS2_tutorial/ros2_ws/src/install/py_pubsub/share/py_pubsub/package.zsh'
[0.671s] Level 1:colcon.colcon_core.environment:create_file_with_runtime_dependencies(/home/mparadow/Desktop/ROS2_tutorial/ros2_ws/src/install/py_pubsub/share/colcon-core/packages/py_pubsub)
[1.688s] DEBUG:colcon.colcon_core.event_handler.log_command:Invoked command in '/home/mparadow/Desktop/ROS2_tutorial/ros2_ws/src/build/turtlesim' returned '0': CMAKE_PREFIX_PATH=/opt/ros/humble /usr/bin/cmake /home/mparadow/Desktop/ROS2_tutorial/ros2_ws/src/ros_tutorials/turtlesim -DCMAKE_INSTALL_PREFIX=/home/mparadow/Desktop/ROS2_tutorial/ros2_ws/src/install/turtlesim
[1.689s] DEBUG:colcon.colcon_core.event_handler.log_command:Invoking command in '/home/mparadow/Desktop/ROS2_tutorial/ros2_ws/src/build/turtlesim': CMAKE_PREFIX_PATH=/opt/ros/humble /usr/bin/cmake --build /home/mparadow/Desktop/ROS2_tutorial/ros2_ws/src/build/turtlesim -- -j24 -l24
[9.491s] DEBUG:colcon.colcon_core.event_handler.log_command:Invoked command in '/home/mparadow/Desktop/ROS2_tutorial/ros2_ws/src/build/turtlesim' returned '0': CMAKE_PREFIX_PATH=/opt/ros/humble /usr/bin/cmake --build /home/mparadow/Desktop/ROS2_tutorial/ros2_ws/src/build/turtlesim -- -j24 -l24
[9.492s] DEBUG:colcon.colcon_core.event_handler.log_command:Invoking command in '/home/mparadow/Desktop/ROS2_tutorial/ros2_ws/src/build/turtlesim': CMAKE_PREFIX_PATH=/opt/ros/humble /usr/bin/cmake --install /home/mparadow/Desktop/ROS2_tutorial/ros2_ws/src/build/turtlesim
[9.541s] Level 1:colcon.colcon_core.environment:create_environment_scripts_only(turtlesim)
[9.541s] Level 1:colcon.colcon_core.environment:checking '/home/mparadow/Desktop/ROS2_tutorial/ros2_ws/src/install/turtlesim' for CMake module files
[9.541s] DEBUG:colcon.colcon_core.event_handler.log_command:Invoked command in '/home/mparadow/Desktop/ROS2_tutorial/ros2_ws/src/build/turtlesim' returned '0': CMAKE_PREFIX_PATH=/opt/ros/humble /usr/bin/cmake --install /home/mparadow/Desktop/ROS2_tutorial/ros2_ws/src/build/turtlesim
[9.541s] Level 1:colcon.colcon_core.environment:checking '/home/mparadow/Desktop/ROS2_tutorial/ros2_ws/src/install/turtlesim' for CMake config files
[9.542s] Level 1:colcon.colcon_core.shell:create_environment_hook('turtlesim', 'cmake_prefix_path')
[9.542s] INFO:colcon.colcon_core.shell:Creating environment hook '/home/mparadow/Desktop/ROS2_tutorial/ros2_ws/src/install/turtlesim/share/turtlesim/hook/cmake_prefix_path.ps1'
[9.542s] INFO:colcon.colcon_core.shell:Creating environment descriptor '/home/mparadow/Desktop/ROS2_tutorial/ros2_ws/src/install/turtlesim/share/turtlesim/hook/cmake_prefix_path.dsv'
[9.542s] INFO:colcon.colcon_core.shell:Creating environment hook '/home/mparadow/Desktop/ROS2_tutorial/ros2_ws/src/install/turtlesim/share/turtlesim/hook/cmake_prefix_path.sh'
[9.542s] Level 1:colcon.colcon_core.environment:checking '/home/mparadow/Desktop/ROS2_tutorial/ros2_ws/src/install/turtlesim/lib'
[9.542s] Level 1:colcon.colcon_core.shell:create_environment_hook('turtlesim', 'ld_library_path_lib')
[9.543s] INFO:colcon.colcon_core.shell:Creating environment hook '/home/mparadow/Desktop/ROS2_tutorial/ros2_ws/src/install/turtlesim/share/turtlesim/hook/ld_library_path_lib.ps1'
[9.543s] INFO:colcon.colcon_core.shell:Creating environment descriptor '/home/mparadow/Desktop/ROS2_tutorial/ros2_ws/src/install/turtlesim/share/turtlesim/hook/ld_library_path_lib.dsv'
[9.543s] INFO:colcon.colcon_core.shell:Creating environment hook '/home/mparadow/Desktop/ROS2_tutorial/ros2_ws/src/install/turtlesim/share/turtlesim/hook/ld_library_path_lib.sh'
[9.543s] Level 1:colcon.colcon_core.environment:checking '/home/mparadow/Desktop/ROS2_tutorial/ros2_ws/src/install/turtlesim/bin'
[9.543s] Level 1:colcon.colcon_core.environment:checking '/home/mparadow/Desktop/ROS2_tutorial/ros2_ws/src/install/turtlesim/lib/pkgconfig/turtlesim.pc'
[9.543s] Level 1:colcon.colcon_core.environment:checking '/home/mparadow/Desktop/ROS2_tutorial/ros2_ws/src/install/turtlesim/lib/python3.10/site-packages'
[9.543s] Level 1:colcon.colcon_core.environment:checking '/home/mparadow/Desktop/ROS2_tutorial/ros2_ws/src/install/turtlesim/bin'
[9.543s] INFO:colcon.colcon_core.shell:Creating package script '/home/mparadow/Desktop/ROS2_tutorial/ros2_ws/src/install/turtlesim/share/turtlesim/package.ps1'
[9.543s] INFO:colcon.colcon_core.shell:Creating package descriptor '/home/mparadow/Desktop/ROS2_tutorial/ros2_ws/src/install/turtlesim/share/turtlesim/package.dsv'
[9.544s] INFO:colcon.colcon_core.shell:Creating package script '/home/mparadow/Desktop/ROS2_tutorial/ros2_ws/src/install/turtlesim/share/turtlesim/package.sh'
[9.544s] INFO:colcon.colcon_core.shell:Creating package script '/home/mparadow/Desktop/ROS2_tutorial/ros2_ws/src/install/turtlesim/share/turtlesim/package.bash'
[9.544s] INFO:colcon.colcon_core.shell:Creating package script '/home/mparadow/Desktop/ROS2_tutorial/ros2_ws/src/install/turtlesim/share/turtlesim/package.zsh'
[9.544s] Level 1:colcon.colcon_core.environment:create_file_with_runtime_dependencies(/home/mparadow/Desktop/ROS2_tutorial/ros2_ws/src/install/turtlesim/share/colcon-core/packages/turtlesim)
[9.544s] Level 1:colcon.colcon_core.environment:create_environment_scripts_only(turtlesim)
[9.544s] Level 1:colcon.colcon_core.environment:checking '/home/mparadow/Desktop/ROS2_tutorial/ros2_ws/src/install/turtlesim' for CMake module files
[9.545s] Level 1:colcon.colcon_core.environment:checking '/home/mparadow/Desktop/ROS2_tutorial/ros2_ws/src/install/turtlesim' for CMake config files
[9.545s] Level 1:colcon.colcon_core.shell:create_environment_hook('turtlesim', 'cmake_prefix_path')
[9.545s] INFO:colcon.colcon_core.shell:Creating environment hook '/home/mparadow/Desktop/ROS2_tutorial/ros2_ws/src/install/turtlesim/share/turtlesim/hook/cmake_prefix_path.ps1'
[9.545s] INFO:colcon.colcon_core.shell:Creating environment descriptor '/home/mparadow/Desktop/ROS2_tutorial/ros2_ws/src/install/turtlesim/share/turtlesim/hook/cmake_prefix_path.dsv'
[9.546s] INFO:colcon.colcon_core.shell:Creating environment hook '/home/mparadow/Desktop/ROS2_tutorial/ros2_ws/src/install/turtlesim/share/turtlesim/hook/cmake_prefix_path.sh'
[9.546s] Level 1:colcon.colcon_core.environment:checking '/home/mparadow/Desktop/ROS2_tutorial/ros2_ws/src/install/turtlesim/lib'
[9.546s] Level 1:colcon.colcon_core.shell:create_environment_hook('turtlesim', 'ld_library_path_lib')
[9.546s] INFO:colcon.colcon_core.shell:Creating environment hook '/home/mparadow/Desktop/ROS2_tutorial/ros2_ws/src/install/turtlesim/share/turtlesim/hook/ld_library_path_lib.ps1'
[9.546s] INFO:colcon.colcon_core.shell:Creating environment descriptor '/home/mparadow/Desktop/ROS2_tutorial/ros2_ws/src/install/turtlesim/share/turtlesim/hook/ld_library_path_lib.dsv'
[9.546s] INFO:colcon.colcon_core.shell:Creating environment hook '/home/mparadow/Desktop/ROS2_tutorial/ros2_ws/src/install/turtlesim/share/turtlesim/hook/ld_library_path_lib.sh'
[9.546s] Level 1:colcon.colcon_core.environment:checking '/home/mparadow/Desktop/ROS2_tutorial/ros2_ws/src/install/turtlesim/bin'
[9.546s] Level 1:colcon.colcon_core.environment:checking '/home/mparadow/Desktop/ROS2_tutorial/ros2_ws/src/install/turtlesim/lib/pkgconfig/turtlesim.pc'
[9.547s] Level 1:colcon.colcon_core.environment:checking '/home/mparadow/Desktop/ROS2_tutorial/ros2_ws/src/install/turtlesim/lib/python3.10/site-packages'
[9.547s] Level 1:colcon.colcon_core.environment:checking '/home/mparadow/Desktop/ROS2_tutorial/ros2_ws/src/install/turtlesim/bin'
[9.547s] INFO:colcon.colcon_core.shell:Creating package script '/home/mparadow/Desktop/ROS2_tutorial/ros2_ws/src/install/turtlesim/share/turtlesim/package.ps1'
[9.547s] INFO:colcon.colcon_core.shell:Creating package descriptor '/home/mparadow/Desktop/ROS2_tutorial/ros2_ws/src/install/turtlesim/share/turtlesim/package.dsv'
[9.547s] INFO:colcon.colcon_core.shell:Creating package script '/home/mparadow/Desktop/ROS2_tutorial/ros2_ws/src/install/turtlesim/share/turtlesim/package.sh'
[9.548s] INFO:colcon.colcon_core.shell:Creating package script '/home/mparadow/Desktop/ROS2_tutorial/ros2_ws/src/install/turtlesim/share/turtlesim/package.bash'
[9.548s] INFO:colcon.colcon_core.shell:Creating package script '/home/mparadow/Desktop/ROS2_tutorial/ros2_ws/src/install/turtlesim/share/turtlesim/package.zsh'
[9.548s] Level 1:colcon.colcon_core.environment:create_file_with_runtime_dependencies(/home/mparadow/Desktop/ROS2_tutorial/ros2_ws/src/install/turtlesim/share/colcon-core/packages/turtlesim)
[9.548s] DEBUG:colcon.colcon_parallel_executor.executor.parallel:closing loop
[9.548s] DEBUG:colcon.colcon_parallel_executor.executor.parallel:loop closed
[9.549s] DEBUG:colcon.colcon_parallel_executor.executor.parallel:run_until_complete finished with '0'
[9.549s] DEBUG:colcon.colcon_core.event_reactor:joining thread
[9.552s] INFO:colcon.colcon_core.plugin_system:Skipping extension 'colcon_notification.desktop_notification.terminal_notifier': Not used on non-Darwin systems
[9.552s] INFO:colcon.colcon_core.plugin_system:Skipping extension 'colcon_notification.desktop_notification.win32': Not used on non-Windows systems
[9.552s] INFO:colcon.colcon_notification.desktop_notification:Sending desktop notification using 'notify2'
[9.557s] DEBUG:colcon.colcon_core.event_reactor:joined thread
[9.557s] INFO:colcon.colcon_core.shell:Creating prefix script '/home/mparadow/Desktop/ROS2_tutorial/ros2_ws/src/install/local_setup.ps1'
[9.558s] INFO:colcon.colcon_core.shell:Creating prefix util module '/home/mparadow/Desktop/ROS2_tutorial/ros2_ws/src/install/_local_setup_util_ps1.py'
[9.559s] INFO:colcon.colcon_core.shell:Creating prefix chain script '/home/mparadow/Desktop/ROS2_tutorial/ros2_ws/src/install/setup.ps1'
[9.560s] INFO:colcon.colcon_core.shell:Creating prefix script '/home/mparadow/Desktop/ROS2_tutorial/ros2_ws/src/install/local_setup.sh'
[9.560s] INFO:colcon.colcon_core.shell:Creating prefix util module '/home/mparadow/Desktop/ROS2_tutorial/ros2_ws/src/install/_local_setup_util_sh.py'
[9.560s] INFO:colcon.colcon_core.shell:Creating prefix chain script '/home/mparadow/Desktop/ROS2_tutorial/ros2_ws/src/install/setup.sh'
[9.561s] INFO:colcon.colcon_core.shell:Creating prefix script '/home/mparadow/Desktop/ROS2_tutorial/ros2_ws/src/install/local_setup.bash'
[9.562s] INFO:colcon.colcon_core.shell:Creating prefix chain script '/home/mparadow/Desktop/ROS2_tutorial/ros2_ws/src/install/setup.bash'
[9.562s] INFO:colcon.colcon_core.shell:Creating prefix script '/home/mparadow/Desktop/ROS2_tutorial/ros2_ws/src/install/local_setup.zsh'
[9.563s] INFO:colcon.colcon_core.shell:Creating prefix chain script '/home/mparadow/Desktop/ROS2_tutorial/ros2_ws/src/install/setup.zsh'
